#
# There is insufficient memory for the Java Runtime Environment to continue.
# Native memory allocation (malloc) failed to allocate 1328896 bytes for Chunk::new
# Possible reasons:
#   The system is out of physical RAM or swap space
#   In 32 bit mode, the process size limit was hit
# Possible solutions:
#   Reduce memory load on the system
#   Increase physical memory or swap space
#   Check if swap backing store is full
#   Use 64 bit Java on a 64 bit OS
#   Decrease Java heap size (-Xmx/-Xms)
#   Decrease number of Java threads
#   Decrease Java thread stack sizes (-Xss)
#   Set larger code cache with -XX:ReservedCodeCacheSize=
# This output file may be truncated or incomplete.
#
#  Out of Memory Error (allocation.cpp:390), pid=5324, tid=0x00000000000003f8
#
# JRE version: Java(TM) SE Runtime Environment (8.0_181-b13) (build 1.8.0_181-b13)
# Java VM: Java HotSpot(TM) 64-Bit Server VM (25.181-b13 mixed mode windows-amd64 compressed oops)
# Failed to write core dump. Minidumps are not enabled by default on client versions of Windows
#

---------------  T H R E A D  ---------------

Current thread (0x00000000152c1800):  JavaThread "C2 CompilerThread0" daemon [_thread_in_native, id=1016, stack(0x00000000162e0000,0x00000000163e0000)]

Stack: [0x00000000162e0000,0x00000000163e0000]
[error occurred during error reporting (printing stack bounds), id 0xc0000005]

Native frames: (J=compiled Java code, j=interpreted, Vv=VM code, C=native code)


Current CompileTask:
C2:  21070 5880       4       java.net.URLClassLoader$1::run (5 bytes)


---------------  P R O C E S S  ---------------

Java Threads: ( => current thread )
  0x00000000187f9800 JavaThread "HikariPool-1 housekeeper" daemon [_thread_blocked, id=6448, stack(0x000000001cd70000,0x000000001ce70000)]
  0x00000000187f8000 JavaThread "PostgreSQL-JDBC-SharedTimer-1" daemon [_thread_blocked, id=8752, stack(0x000000001cc70000,0x000000001cd70000)]
  0x00000000187f7000 JavaThread "container-0" [_thread_blocked, id=11472, stack(0x000000001c870000,0x000000001c970000)]
  0x00000000187f6800 JavaThread "Catalina-utility-2" [_thread_blocked, id=6148, stack(0x000000001c770000,0x000000001c870000)]
  0x00000000187fc800 JavaThread "Catalina-utility-1" [_thread_blocked, id=1760, stack(0x000000001c670000,0x000000001c770000)]
  0x00000000187fc000 JavaThread "JMX server connection timeout 15" daemon [_thread_blocked, id=7564, stack(0x000000001c370000,0x000000001c470000)]
  0x00000000187fb000 JavaThread "RMI Scheduler(0)" daemon [_thread_blocked, id=6364, stack(0x000000001c270000,0x000000001c370000)]
  0x00000000187fd800 JavaThread "RMI TCP Connection(1)-192.168.100.77" daemon [_thread_in_native, id=8984, stack(0x000000001c170000,0x000000001c270000)]
  0x000000001531f000 JavaThread "RMI TCP Accept-0" daemon [_thread_in_native, id=9692, stack(0x000000001a900000,0x000000001aa00000)]
  0x0000000015336800 JavaThread "Service Thread" daemon [_thread_blocked, id=10892, stack(0x00000000164e0000,0x00000000165e0000)]
  0x00000000152ea800 JavaThread "C1 CompilerThread1" daemon [_thread_in_native, id=2416, stack(0x00000000163e0000,0x00000000164e0000)]
=>0x00000000152c1800 JavaThread "C2 CompilerThread0" daemon [_thread_in_native, id=1016, stack(0x00000000162e0000,0x00000000163e0000)]
  0x00000000152c0000 JavaThread "Attach Listener" daemon [_thread_blocked, id=8880, stack(0x00000000161e0000,0x00000000162e0000)]
  0x00000000152bd000 JavaThread "Signal Dispatcher" daemon [_thread_blocked, id=9608, stack(0x00000000160e0000,0x00000000161e0000)]
  0x00000000152a8800 JavaThread "Finalizer" daemon [_thread_blocked, id=776, stack(0x0000000015ef0000,0x0000000015ff0000)]
  0x0000000002fb2800 JavaThread "Reference Handler" daemon [_thread_blocked, id=8220, stack(0x0000000015df0000,0x0000000015ef0000)]
  0x0000000002ec4000 JavaThread "main" [_thread_in_Java, id=8452, stack(0x0000000002d60000,0x0000000002e60000)]

Other Threads:
  0x0000000015286800 VMThread [stack: 0x0000000015cf0000,0x0000000015df0000] [id=2616]
  0x0000000016600800 WatcherThread [stack: 0x00000000169e0000,0x0000000016ae0000] [id=3644]

VM state:not at safepoint (normal execution)

VM Mutex/Monitor currently owned by a thread: None

Heap:
 PSYoungGen      total 141824K, used 109122K [0x00000000eb900000, 0x00000000f5380000, 0x0000000100000000)
  eden space 131584K, 75% used [0x00000000eb900000,0x00000000f1996638,0x00000000f3980000)
  from space 10240K, 99% used [0x00000000f4800000,0x00000000f51fa278,0x00000000f5200000)
  to   space 13312K, 0% used [0x00000000f3980000,0x00000000f3980000,0x00000000f4680000)
 ParOldGen       total 52224K, used 20146K [0x00000000c2a00000, 0x00000000c5d00000, 0x00000000eb900000)
  object space 52224K, 38% used [0x00000000c2a00000,0x00000000c3dacb30,0x00000000c5d00000)
 Metaspace       used 52937K, capacity 55084K, committed 55384K, reserved 1097728K
  class space    used 7149K, capacity 7537K, committed 7552K, reserved 1048576K

Card table byte_map: [0x0000000012380000,0x0000000012570000] byte_map_base: 0x0000000011d6b000

Marking Bits: (ParMarkBitMap*) 0x000000005c262d00
 Begin Bits: [0x00000000128c0000, 0x0000000013818000)
 End Bits:   [0x0000000013818000, 0x0000000014770000)

Polling page: 0x0000000000df0000

CodeCache: size=245760Kb used=17435Kb max_used=17435Kb free=228324Kb
 bounds [0x0000000002fc0000, 0x00000000040e0000, 0x0000000011fc0000]
 total_blobs=6120 nmethods=5614 adapters=418
 compilation: enabled

Compilation events (10 events):
Event: 20.966 Thread 0x00000000152ea800 nmethod 6010 0x00000000031fc610 code [0x00000000031fcaa0, 0x00000000031fe098]
Event: 20.971 Thread 0x00000000152ea800 6011   !   2       sun.reflect.GeneratedConstructorAccessor59::newInstance (49 bytes)
Event: 20.972 Thread 0x00000000152ea800 nmethod 6011 0x00000000031fbd90 code [0x00000000031fbf40, 0x00000000031fc378]
Event: 20.972 Thread 0x00000000152ea800 6012       1       org.hibernate.hql.internal.ast.QueryTranslatorImpl::isShallowQuery (5 bytes)
Event: 20.972 Thread 0x00000000152ea800 nmethod 6012 0x00000000031fbad0 code [0x00000000031fbc20, 0x00000000031fbd30]
Event: 20.972 Thread 0x00000000152ea800 6013       1       org.hibernate.hql.internal.ast.tree.FromElement::isImplied (2 bytes)
Event: 20.973 Thread 0x00000000152ea800 nmethod 6013 0x00000000031fb810 code [0x00000000031fb960, 0x00000000031fba70]
Event: 20.974 Thread 0x00000000152ea800 6014       1       antlr.CommonAST::setType (6 bytes)
Event: 20.974 Thread 0x00000000152ea800 nmethod 6014 0x00000000031fb550 code [0x00000000031fb6a0, 0x00000000031fb7b0]
Event: 20.974 Thread 0x00000000152ea800 6015       2       org.hibernate.persister.entity.AbstractEntityPersister::getSubclassPropertyTableNumber (85 bytes)

GC Heap History (10 events):
Event: 5.999 GC heap before
{Heap before GC invocations=8 (full 1):
 PSYoungGen      total 70144K, used 63488K [0x00000000eb900000, 0x00000000f0400000, 0x0000000100000000)
  eden space 63488K, 100% used [0x00000000eb900000,0x00000000ef700000,0x00000000ef700000)
  from space 6656K, 0% used [0x00000000efd80000,0x00000000efd80000,0x00000000f0400000)
  to   space 6656K, 0% used [0x00000000ef700000,0x00000000ef700000,0x00000000efd80000)
 ParOldGen       total 32768K, used 6640K [0x00000000c2a00000, 0x00000000c4a00000, 0x00000000eb900000)
  object space 32768K, 20% used [0x00000000c2a00000,0x00000000c307c1f8,0x00000000c4a00000)
 Metaspace       used 23806K, capacity 24438K, committed 24576K, reserved 1071104K
  class space    used 3065K, capacity 3246K, committed 3328K, reserved 1048576K
Event: 6.012 GC heap after
Heap after GC invocations=8 (full 1):
 PSYoungGen      total 70144K, used 4156K [0x00000000eb900000, 0x00000000f2a00000, 0x0000000100000000)
  eden space 63488K, 0% used [0x00000000eb900000,0x00000000eb900000,0x00000000ef700000)
  from space 6656K, 62% used [0x00000000ef700000,0x00000000efb0f298,0x00000000efd80000)
  to   space 6656K, 0% used [0x00000000f2380000,0x00000000f2380000,0x00000000f2a00000)
 ParOldGen       total 32768K, used 6712K [0x00000000c2a00000, 0x00000000c4a00000, 0x00000000eb900000)
  object space 32768K, 20% used [0x00000000c2a00000,0x00000000c308e208,0x00000000c4a00000)
 Metaspace       used 23806K, capacity 24438K, committed 24576K, reserved 1071104K
  class space    used 3065K, capacity 3246K, committed 3328K, reserved 1048576K
}
Event: 10.219 GC heap before
{Heap before GC invocations=9 (full 1):
 PSYoungGen      total 70144K, used 67644K [0x00000000eb900000, 0x00000000f2a00000, 0x0000000100000000)
  eden space 63488K, 100% used [0x00000000eb900000,0x00000000ef700000,0x00000000ef700000)
  from space 6656K, 62% used [0x00000000ef700000,0x00000000efb0f298,0x00000000efd80000)
  to   space 6656K, 0% used [0x00000000f2380000,0x00000000f2380000,0x00000000f2a00000)
 ParOldGen       total 32768K, used 6712K [0x00000000c2a00000, 0x00000000c4a00000, 0x00000000eb900000)
  object space 32768K, 20% used [0x00000000c2a00000,0x00000000c308e208,0x00000000c4a00000)
 Metaspace       used 28770K, capacity 29970K, committed 30080K, reserved 1075200K
  class space    used 3733K, capacity 3964K, committed 3968K, reserved 1048576K
Event: 10.262 GC heap after
Heap after GC invocations=9 (full 1):
 PSYoungGen      total 107008K, used 6636K [0x00000000eb900000, 0x00000000f2b00000, 0x0000000100000000)
  eden space 100352K, 0% used [0x00000000eb900000,0x00000000eb900000,0x00000000f1b00000)
  from space 6656K, 99% used [0x00000000f2380000,0x00000000f29fb190,0x00000000f2a00000)
  to   space 8192K, 0% used [0x00000000f1b00000,0x00000000f1b00000,0x00000000f2300000)
 ParOldGen       total 32768K, used 8921K [0x00000000c2a00000, 0x00000000c4a00000, 0x00000000eb900000)
  object space 32768K, 27% used [0x00000000c2a00000,0x00000000c32b6590,0x00000000c4a00000)
 Metaspace       used 28770K, capacity 29970K, committed 30080K, reserved 1075200K
  class space    used 3733K, capacity 3964K, committed 3968K, reserved 1048576K
}
Event: 12.400 GC heap before
{Heap before GC invocations=10 (full 1):
 PSYoungGen      total 107008K, used 93598K [0x00000000eb900000, 0x00000000f2b00000, 0x0000000100000000)
  eden space 100352K, 86% used [0x00000000eb900000,0x00000000f0deca50,0x00000000f1b00000)
  from space 6656K, 99% used [0x00000000f2380000,0x00000000f29fb190,0x00000000f2a00000)
  to   space 8192K, 0% used [0x00000000f1b00000,0x00000000f1b00000,0x00000000f2300000)
 ParOldGen       total 32768K, used 8921K [0x00000000c2a00000, 0x00000000c4a00000, 0x00000000eb900000)
  object space 32768K, 27% used [0x00000000c2a00000,0x00000000c32b6590,0x00000000c4a00000)
 Metaspace       used 33632K, capacity 35326K, committed 35416K, reserved 1079296K
  class space    used 4347K, capacity 4658K, committed 4736K, reserved 1048576K
Event: 12.453 GC heap after
Heap after GC invocations=10 (full 1):
 PSYoungGen      total 108544K, used 8177K [0x00000000eb900000, 0x00000000f5200000, 0x0000000100000000)
  eden space 100352K, 0% used [0x00000000eb900000,0x00000000eb900000,0x00000000f1b00000)
  from space 8192K, 99% used [0x00000000f1b00000,0x00000000f22fc580,0x00000000f2300000)
  to   space 10240K, 0% used [0x00000000f4800000,0x00000000f4800000,0x00000000f5200000)
 ParOldGen       total 32768K, used 11873K [0x00000000c2a00000, 0x00000000c4a00000, 0x00000000eb900000)
  object space 32768K, 36% used [0x00000000c2a00000,0x00000000c3598440,0x00000000c4a00000)
 Metaspace       used 33632K, capacity 35326K, committed 35416K, reserved 1079296K
  class space    used 4347K, capacity 4658K, committed 4736K, reserved 1048576K
}
Event: 12.453 GC heap before
{Heap before GC invocations=11 (full 2):
 PSYoungGen      total 108544K, used 8177K [0x00000000eb900000, 0x00000000f5200000, 0x0000000100000000)
  eden space 100352K, 0% used [0x00000000eb900000,0x00000000eb900000,0x00000000f1b00000)
  from space 8192K, 99% used [0x00000000f1b00000,0x00000000f22fc580,0x00000000f2300000)
  to   space 10240K, 0% used [0x00000000f4800000,0x00000000f4800000,0x00000000f5200000)
 ParOldGen       total 32768K, used 11873K [0x00000000c2a00000, 0x00000000c4a00000, 0x00000000eb900000)
  object space 32768K, 36% used [0x00000000c2a00000,0x00000000c3598440,0x00000000c4a00000)
 Metaspace       used 33632K, capacity 35326K, committed 35416K, reserved 1079296K
  class space    used 4347K, capacity 4658K, committed 4736K, reserved 1048576K
Event: 12.588 GC heap after
Heap after GC invocations=11 (full 2):
 PSYoungGen      total 108544K, used 0K [0x00000000eb900000, 0x00000000f5200000, 0x0000000100000000)
  eden space 100352K, 0% used [0x00000000eb900000,0x00000000eb900000,0x00000000f1b00000)
  from space 8192K, 0% used [0x00000000f1b00000,0x00000000f1b00000,0x00000000f2300000)
  to   space 10240K, 0% used [0x00000000f4800000,0x00000000f4800000,0x00000000f5200000)
 ParOldGen       total 52224K, used 15543K [0x00000000c2a00000, 0x00000000c5d00000, 0x00000000eb900000)
  object space 52224K, 29% used [0x00000000c2a00000,0x00000000c392dcb0,0x00000000c5d00000)
 Metaspace       used 33632K, capacity 35326K, committed 35416K, reserved 1079296K
  class space    used 4347K, capacity 4658K, committed 4736K, reserved 1048576K
}
Event: 17.746 GC heap before
{Heap before GC invocations=12 (full 2):
 PSYoungGen      total 108544K, used 100352K [0x00000000eb900000, 0x00000000f5200000, 0x0000000100000000)
  eden space 100352K, 100% used [0x00000000eb900000,0x00000000f1b00000,0x00000000f1b00000)
  from space 8192K, 0% used [0x00000000f1b00000,0x00000000f1b00000,0x00000000f2300000)
  to   space 10240K, 0% used [0x00000000f4800000,0x00000000f4800000,0x00000000f5200000)
 ParOldGen       total 52224K, used 15543K [0x00000000c2a00000, 0x00000000c5d00000, 0x00000000eb900000)
  object space 52224K, 29% used [0x00000000c2a00000,0x00000000c392dcb0,0x00000000c5d00000)
 Metaspace       used 46941K, capacity 48908K, committed 49240K, reserved 1091584K
  class space    used 6327K, capacity 6661K, committed 6784K, reserved 1048576K
Event: 17.780 GC heap after
Heap after GC invocations=12 (full 2):
 PSYoungGen      total 141824K, used 10216K [0x00000000eb900000, 0x00000000f5380000, 0x0000000100000000)
  eden space 131584K, 0% used [0x00000000eb900000,0x00000000eb900000,0x00000000f3980000)
  from space 10240K, 99% used [0x00000000f4800000,0x00000000f51fa278,0x00000000f5200000)
  to   space 13312K, 0% used [0x00000000f3980000,0x00000000f3980000,0x00000000f4680000)
 ParOldGen       total 52224K, used 20146K [0x00000000c2a00000, 0x00000000c5d00000, 0x00000000eb900000)
  object space 52224K, 38% used [0x00000000c2a00000,0x00000000c3dacb30,0x00000000c5d00000)
 Metaspace       used 46941K, capacity 48908K, committed 49240K, reserved 1091584K
  class space    used 6327K, capacity 6661K, committed 6784K, reserved 1048576K
}

Deoptimization events (10 events):
Event: 17.566 Thread 0x0000000002ec4000 Uncommon trap: reason=predicate action=maybe_recompile pc=0x000000000339d8e8 method=java.lang.String.regionMatches(ZILjava/lang/String;II)Z @ 63
Event: 19.445 Thread 0x0000000002ec4000 Uncommon trap: reason=null_check action=make_not_entrant pc=0x0000000003f6b6b8 method=net.bytebuddy.description.annotation.AnnotationDescription$ForLoadedAnnotation.asValue(Ljava/lang/Object;Ljava/lang/Class;)Lnet/bytebuddy/description/annotation/Annotati
Event: 20.377 Thread 0x0000000002ec4000 Uncommon trap: reason=class_check action=maybe_recompile pc=0x0000000003c3a7d8 method=java.util.Hashtable.addEntry(ILjava/lang/Object;Ljava/lang/Object;I)V @ 38
Event: 20.378 Thread 0x0000000002ec4000 Uncommon trap: reason=class_check action=maybe_recompile pc=0x0000000003c3a7d8 method=java.util.Hashtable.addEntry(ILjava/lang/Object;Ljava/lang/Object;I)V @ 38
Event: 20.378 Thread 0x0000000002ec4000 Uncommon trap: reason=class_check action=maybe_recompile pc=0x0000000003c3a7d8 method=java.util.Hashtable.addEntry(ILjava/lang/Object;Ljava/lang/Object;I)V @ 38
Event: 20.385 Thread 0x0000000002ec4000 Uncommon trap: reason=bimorphic action=maybe_recompile pc=0x0000000003c3ed28 method=java.util.Hashtable.get(Ljava/lang/Object;)Ljava/lang/Object; @ 45
Event: 20.392 Thread 0x0000000002ec4000 Uncommon trap: reason=bimorphic action=maybe_recompile pc=0x0000000003c3ed28 method=java.util.Hashtable.get(Ljava/lang/Object;)Ljava/lang/Object; @ 45
Event: 20.396 Thread 0x0000000002ec4000 Uncommon trap: reason=unstable_if action=reinterpret pc=0x00000000030ee2c0 method=java.lang.CharacterData.of(I)Ljava/lang/CharacterData; @ 4
Event: 20.410 Thread 0x0000000002ec4000 Uncommon trap: reason=unstable_if action=reinterpret pc=0x000000000383bca8 method=java.util.regex.Pattern$BmpCharProperty.match(Ljava/util/regex/Matcher;ILjava/lang/CharSequence;)Z @ 34
Event: 20.655 Thread 0x0000000002ec4000 Uncommon trap: reason=class_check action=maybe_recompile pc=0x0000000003c3a7d8 method=java.util.Hashtable.addEntry(ILjava/lang/Object;Ljava/lang/Object;I)V @ 38

Classes redefined (0 events):
No events

Internal exceptions (10 events):
Event: 17.021 Thread 0x00000000187fd800 Exception <a 'java/lang/ClassNotFoundException': org/springframework/context/support/LiveBeansView> (0x00000000f0d176e0) thrown at [C:\re\workspace\8-2-build-windows-amd64-cygwin\jdk8u181\11358\hotspot\src\share\vm\classfile\systemDictionary.cpp, line 210
Event: 17.022 Thread 0x00000000187fd800 Exception <a 'java/lang/ClassNotFoundException': org/springframework/boot/actuate/endpoint/jmx/EndpointMBean> (0x00000000f0d29ee8) thrown at [C:\re\workspace\8-2-build-windows-amd64-cygwin\jdk8u181\11358\hotspot\src\share\vm\classfile\systemDictionary.cpp
Event: 17.022 Thread 0x00000000187fd800 Exception <a 'java/lang/ClassNotFoundException': org/springframework/boot/actuate/endpoint/jmx/DataEndpointMBean> (0x00000000f0d2a448) thrown at [C:\re\workspace\8-2-build-windows-amd64-cygwin\jdk8u181\11358\hotspot\src\share\vm\classfile\systemDictionary
Event: 17.022 Thread 0x00000000187fd800 Exception <a 'java/lang/ClassNotFoundException': org/springframework/context/support/LiveBeansView> (0x00000000f0d2a990) thrown at [C:\re\workspace\8-2-build-windows-amd64-cygwin\jdk8u181\11358\hotspot\src\share\vm\classfile\systemDictionary.cpp, line 210
Event: 17.025 Thread 0x00000000187fd800 Exception <a 'java/lang/ClassNotFoundException': org/springframework/boot/actuate/endpoint/jmx/EndpointMBean> (0x00000000f0d981f8) thrown at [C:\re\workspace\8-2-build-windows-amd64-cygwin\jdk8u181\11358\hotspot\src\share\vm\classfile\systemDictionary.cpp
Event: 17.025 Thread 0x00000000187fd800 Exception <a 'java/lang/ClassNotFoundException': org/springframework/boot/actuate/endpoint/jmx/DataEndpointMBean> (0x00000000f0d98758) thrown at [C:\re\workspace\8-2-build-windows-amd64-cygwin\jdk8u181\11358\hotspot\src\share\vm\classfile\systemDictionary
Event: 17.025 Thread 0x00000000187fd800 Exception <a 'java/lang/ClassNotFoundException': org/springframework/context/support/LiveBeansView> (0x00000000f0d98ca0) thrown at [C:\re\workspace\8-2-build-windows-amd64-cygwin\jdk8u181\11358\hotspot\src\share\vm\classfile\systemDictionary.cpp, line 210
Event: 17.025 Thread 0x00000000187fd800 Exception <a 'java/lang/ClassNotFoundException': org/springframework/boot/actuate/endpoint/jmx/EndpointMBean> (0x00000000f0d98fd0) thrown at [C:\re\workspace\8-2-build-windows-amd64-cygwin\jdk8u181\11358\hotspot\src\share\vm\classfile\systemDictionary.cpp
Event: 17.025 Thread 0x00000000187fd800 Exception <a 'java/lang/ClassNotFoundException': org/springframework/boot/actuate/endpoint/jmx/DataEndpointMBean> (0x00000000f0d994f0) thrown at [C:\re\workspace\8-2-build-windows-amd64-cygwin\jdk8u181\11358\hotspot\src\share\vm\classfile\systemDictionary
Event: 17.025 Thread 0x00000000187fd800 Exception <a 'java/lang/ClassNotFoundException': org/springframework/context/support/LiveBeansView> (0x00000000f0d999f8) thrown at [C:\re\workspace\8-2-build-windows-amd64-cygwin\jdk8u181\11358\hotspot\src\share\vm\classfile\systemDictionary.cpp, line 210

Events (10 events):
Event: 20.653 loading class org/hibernate/query/QueryParameter done
Event: 20.654 loading class org/hibernate/engine/query/spi/ReturnMetadata
Event: 20.654 loading class org/hibernate/engine/query/spi/ReturnMetadata done
Event: 20.655 Thread 0x0000000002ec4000 Uncommon trap: trap_request=0xffffffde fr.pc=0x0000000003c3a7d8
Event: 20.655 Executing VM operation: RevokeBias
Event: 20.655 Executing VM operation: RevokeBias done
Event: 20.655 Thread 0x0000000002ec4000 DEOPT PACKING pc=0x0000000003c3a7d8 sp=0x0000000002e5e0c0
Event: 20.655 Thread 0x0000000002ec4000 DEOPT UNPACKING pc=0x000000000300583b sp=0x0000000002e5e008 mode 2
Event: 20.744 loading class org/hibernate/hql/internal/ast/tree/SqlFragment
Event: 20.744 loading class org/hibernate/hql/internal/ast/tree/SqlFragment done


Dynamic libraries:
0x00007ff6989d0000 - 0x00007ff698a07000 	C:\Program Files\Java\jre1.8.0_181\bin\javaw.exe
0x00007ff9b1460000 - 0x00007ff9b1641000 	C:\WINDOWS\SYSTEM32\ntdll.dll
0x00007ff9b0f40000 - 0x00007ff9b0ff1000 	C:\WINDOWS\System32\KERNEL32.DLL
0x00007ff9ae300000 - 0x00007ff9ae573000 	C:\WINDOWS\System32\KERNELBASE.dll
0x00007ff9aefa0000 - 0x00007ff9af041000 	C:\WINDOWS\System32\ADVAPI32.dll
0x00007ff9b0b20000 - 0x00007ff9b0bbe000 	C:\WINDOWS\System32\msvcrt.dll
0x00007ff9aed70000 - 0x00007ff9aedcb000 	C:\WINDOWS\System32\sechost.dll
0x00007ff9b0bc0000 - 0x00007ff9b0ce4000 	C:\WINDOWS\System32\RPCRT4.dll
0x00007ff9b1080000 - 0x00007ff9b1210000 	C:\WINDOWS\System32\USER32.dll
0x00007ff9ad890000 - 0x00007ff9ad8b0000 	C:\WINDOWS\System32\win32u.dll
0x00007ff9aed40000 - 0x00007ff9aed68000 	C:\WINDOWS\System32\GDI32.dll
0x00007ff9ae6b0000 - 0x00007ff9ae841000 	C:\WINDOWS\System32\gdi32full.dll
0x00007ff9ae850000 - 0x00007ff9ae8ef000 	C:\WINDOWS\System32\msvcp_win.dll
0x00007ff9ae200000 - 0x00007ff9ae2f8000 	C:\WINDOWS\System32\ucrtbase.dll
0x00007ff997210000 - 0x00007ff997479000 	C:\WINDOWS\WinSxS\amd64_microsoft.windows.common-controls_6595b64144ccf1df_6.0.17134.950_none_fb3da4273069d3e0\COMCTL32.dll
0x00007ff9af050000 - 0x00007ff9af372000 	C:\WINDOWS\System32\combase.dll
0x00007ff9ae580000 - 0x00007ff9ae5f9000 	C:\WINDOWS\System32\bcryptPrimitives.dll
0x00007ff9aef70000 - 0x00007ff9aef9d000 	C:\WINDOWS\System32\IMM32.DLL
0x000000005c360000 - 0x000000005c432000 	C:\Program Files\Java\jre1.8.0_181\bin\msvcr100.dll
0x000000005ba40000 - 0x000000005c2e2000 	C:\Program Files\Java\jre1.8.0_181\bin\server\jvm.dll
0x00007ff9b1000000 - 0x00007ff9b1008000 	C:\WINDOWS\System32\PSAPI.DLL
0x00007ff993d00000 - 0x00007ff993d09000 	C:\WINDOWS\SYSTEM32\WSOCK32.dll
0x00007ff9b0ed0000 - 0x00007ff9b0f3c000 	C:\WINDOWS\System32\WS2_32.dll
0x00007ff9ab870000 - 0x00007ff9ab893000 	C:\WINDOWS\SYSTEM32\WINMM.dll
0x00007ff9a4610000 - 0x00007ff9a461a000 	C:\WINDOWS\SYSTEM32\VERSION.dll
0x00007ff9ab810000 - 0x00007ff9ab83a000 	C:\WINDOWS\SYSTEM32\WINMMBASE.dll
0x00007ff9ae1b0000 - 0x00007ff9ae1f9000 	C:\WINDOWS\System32\cfgmgr32.dll
0x000000005b950000 - 0x000000005b95f000 	C:\Program Files\Java\jre1.8.0_181\bin\verify.dll
0x000000005b920000 - 0x000000005b949000 	C:\Program Files\Java\jre1.8.0_181\bin\java.dll
0x000000005b900000 - 0x000000005b916000 	C:\Program Files\Java\jre1.8.0_181\bin\zip.dll
0x00007ff9af490000 - 0x00007ff9b08d0000 	C:\WINDOWS\System32\SHELL32.dll
0x00007ff9b0e20000 - 0x00007ff9b0ec9000 	C:\WINDOWS\System32\shcore.dll
0x00007ff9ad8b0000 - 0x00007ff9adfbd000 	C:\WINDOWS\System32\windows.storage.dll
0x00007ff9af380000 - 0x00007ff9af3d1000 	C:\WINDOWS\System32\shlwapi.dll
0x00007ff9ad7f0000 - 0x00007ff9ad801000 	C:\WINDOWS\System32\kernel.appcore.dll
0x00007ff9ad7c0000 - 0x00007ff9ad7df000 	C:\WINDOWS\System32\profapi.dll
0x00007ff9ad770000 - 0x00007ff9ad7bc000 	C:\WINDOWS\System32\powrprof.dll
0x00007ff9ad7e0000 - 0x00007ff9ad7ea000 	C:\WINDOWS\System32\FLTLIB.DLL
0x000000005ae80000 - 0x000000005ae8d000 	C:\Program Files\Java\jre1.8.0_181\bin\management.dll
0x000000005b8e0000 - 0x000000005b8fa000 	C:\Program Files\Java\jre1.8.0_181\bin\net.dll
0x00007ff9acf90000 - 0x00007ff9acff6000 	C:\WINDOWS\system32\mswsock.dll
0x00007ff999d90000 - 0x00007ff999da6000 	C:\WINDOWS\system32\napinsp.dll
0x00007ff999d70000 - 0x00007ff999d8a000 	C:\WINDOWS\system32\pnrpnsp.dll
0x00007ff9a9760000 - 0x00007ff9a9779000 	C:\WINDOWS\system32\NLAapi.dll
0x00007ff9acd20000 - 0x00007ff9acdde000 	C:\WINDOWS\SYSTEM32\DNSAPI.dll
0x00007ff9af480000 - 0x00007ff9af488000 	C:\WINDOWS\System32\NSI.dll
0x00007ff9acce0000 - 0x00007ff9acd18000 	C:\WINDOWS\SYSTEM32\IPHLPAPI.DLL
0x00007ff9a4440000 - 0x00007ff9a444e000 	C:\WINDOWS\System32\winrnr.dll
0x00007ff9a2ad0000 - 0x00007ff9a2ae5000 	C:\WINDOWS\System32\wshbth.dll
0x00007ff9984e0000 - 0x00007ff9984ea000 	C:\Windows\System32\rasadhlp.dll
0x00007ff9988a0000 - 0x00007ff998912000 	C:\WINDOWS\System32\fwpuclnt.dll
0x00007ff9ad270000 - 0x00007ff9ad295000 	C:\WINDOWS\SYSTEM32\bcrypt.dll
0x000000005b8c0000 - 0x000000005b8d1000 	C:\Program Files\Java\jre1.8.0_181\bin\nio.dll
0x00007ff9ad150000 - 0x00007ff9ad167000 	C:\WINDOWS\SYSTEM32\CRYPTSP.dll
0x00007ff9acb40000 - 0x00007ff9acb73000 	C:\WINDOWS\system32\rsaenh.dll
0x00007ff9ad670000 - 0x00007ff9ad698000 	C:\WINDOWS\SYSTEM32\USERENV.dll
0x00007ff9ad140000 - 0x00007ff9ad14b000 	C:\WINDOWS\SYSTEM32\CRYPTBASE.dll
0x00007ff9a1b20000 - 0x00007ff9a1b36000 	C:\WINDOWS\SYSTEM32\dhcpcsvc6.DLL
0x00007ff9a2000000 - 0x00007ff9a201a000 	C:\WINDOWS\SYSTEM32\dhcpcsvc.DLL

VM Arguments:
jvm_args: -Dfile.encoding=UTF-8 
java_command: io.awasi.dsmanager.DsmanagerApplication
java_class_path (initial): G:\updated\dsmanager\target\classes;C:\Users\pc\.m2\repository\org\springframework\boot\spring-boot-starter-data-jpa\2.1.7.RELEASE\spring-boot-starter-data-jpa-2.1.7.RELEASE.jar;C:\Users\pc\.m2\repository\org\springframework\boot\spring-boot-starter-aop\2.1.7.RELEASE\spring-boot-starter-aop-2.1.7.RELEASE.jar;C:\Users\pc\.m2\repository\org\springframework\spring-aop\5.1.9.RELEASE\spring-aop-5.1.9.RELEASE.jar;C:\Users\pc\.m2\repository\org\aspectj\aspectjweaver\1.9.4\aspectjweaver-1.9.4.jar;C:\Users\pc\.m2\repository\org\springframework\boot\spring-boot-starter-jdbc\2.1.7.RELEASE\spring-boot-starter-jdbc-2.1.7.RELEASE.jar;C:\Users\pc\.m2\repository\com\zaxxer\HikariCP\3.2.0\HikariCP-3.2.0.jar;C:\Users\pc\.m2\repository\org\springframework\spring-jdbc\5.1.9.RELEASE\spring-jdbc-5.1.9.RELEASE.jar;C:\Users\pc\.m2\repository\javax\transaction\javax.transaction-api\1.3\javax.transaction-api-1.3.jar;C:\Users\pc\.m2\repository\javax\xml\bind\jaxb-api\2.3.1\jaxb-api-2.3.1.jar;C:\Users\pc\.m2\repository\javax\activation\javax.activation-api\1.2.0\javax.activation-api-1.2.0.jar;C:\Users\pc\.m2\repository\org\hibernate\hibernate-core\5.3.10.Final\hibernate-core-5.3.10.Final.jar;C:\Users\pc\.m2\repository\org\jboss\logging\jboss-logging\3.3.2.Final\jboss-logging-3.3.2.Final.jar;C:\Users\pc\.m2\repository\javax\persistence\javax.persistence-api\2.2\javax.persistence-api-2.2.jar;C:\Users\pc\.m2\repository\org\javassist\javassist\3.23.2-GA\javassist-3.23.2-GA.jar;C:\Users\pc\.m2\repository\net\bytebuddy\byte-buddy\1.9.16\byte-buddy-1.9.16.jar;C:\Users\pc\.m2\repository\antlr\antlr\2.7.7\antlr-2.7.7.jar;C:\Users\pc\.m2\repository\org\jboss\jandex\2.0.5.Final\jandex-2.0.5.Final.jar;C:\Users\pc\.m2\repository\com\fasterxml\classmate\1.4.0\classmate-1.4.0.jar;C:\Users\pc\.m2\repository\org\dom4j\dom4j\2.1.1\dom4j-2.1.1.jar;C:\Users\pc\.m2\repository\org\hibernate\common\hibernate-commons-annotations\5.0.4.Final\hibernate-commons-annotations-5.0.4.Final.jar;C:
Launcher Type: SUN_STANDARD

Environment Variables:
PATH=C:/Program Files/Java/jre1.8.0_181/bin/server;C:/Program Files/Java/jre1.8.0_181/bin;C:/Program Files/Java/jre1.8.0_181/lib/amd64;E:\oracleinstalled\bin;C:\Program Files (x86)\Common Files\Oracle\Java\javapath;C:\Program Files\Java\jdk8\bin;C:\Program Files\Java\jre8\bin;C:\WINDOWS\system32;C:\WINDOWS;C:\WINDOWS\System32\Wbem;C:\WINDOWS\System32\WindowsPowerShell\v1.0\;C:\WINDOWS\System32\OpenSSH\;C:\sqlite3;C:\Python30;C:\Program Files\nodejs\;C:\Ruby24-x64\bin;C:\Users\pc\AppData\Local\Microsoft\WindowsApps;C:\Program Files\JetBrains\PyCharm Community Edition 2018.3.1\bin;;"C:\Program Files\Java\jdk1.8.0_181\bin;C:\Program Files\Java\jdk1.8.0_181\bin";C:\Users\pc\AppData\Roaming\npm;C:\Users\pc\AppData\Local\Programs\Microsoft VS Code\bin;G:\updated\sts-4.3.1.RELEASE;
USERNAME=Godsees
OS=Windows_NT
PROCESSOR_IDENTIFIER=Intel64 Family 6 Model 122 Stepping 1, GenuineIntel



---------------  S Y S T E M  ---------------

OS: Windows 10.0 , 64 bit Build 17134 (10.0.17134.753)

CPU:total 2 (initial active 2) (2 cores per cpu, 1 threads per core) family 6 model 122 stepping 1, cmov, cx8, fxsr, mmx, sse, sse2, sse3, ssse3, sse4.1, sse4.2, popcnt, aes, clmul, erms, 3dnowpref, tsc, tscinvbit

Memory: 4k page, physical 4021836k(403500k free), swap 6902448k(5428k free)

vm_info: Java HotSpot(TM) 64-Bit Server VM (25.181-b13) for windows-amd64 JRE (1.8.0_181-b13), built on Jul  7 2018 04:01:33 by "java_re" with MS VC++ 10.0 (VS2010)

time: Mon Sep 16 11:40:22 2019
elapsed time: 21 seconds (0d 0h 0m 21s)

