#
# There is insufficient memory for the Java Runtime Environment to continue.
# Native memory allocation (malloc) failed to allocate 2452704 bytes for Chunk::new
# Possible reasons:
#   The system is out of physical RAM or swap space
#   In 32 bit mode, the process size limit was hit
# Possible solutions:
#   Reduce memory load on the system
#   Increase physical memory or swap space
#   Check if swap backing store is full
#   Use 64 bit Java on a 64 bit OS
#   Decrease Java heap size (-Xmx/-Xms)
#   Decrease number of Java threads
#   Decrease Java thread stack sizes (-Xss)
#   Set larger code cache with -XX:ReservedCodeCacheSize=
# This output file may be truncated or incomplete.
#
#  Out of Memory Error (allocation.cpp:390), pid=2232, tid=0x0000000000002204
#
# JRE version: Java(TM) SE Runtime Environment (8.0_181-b13) (build 1.8.0_181-b13)
# Java VM: Java HotSpot(TM) 64-Bit Server VM (25.181-b13 mixed mode windows-amd64 compressed oops)
# Failed to write core dump. Minidumps are not enabled by default on client versions of Windows
#

---------------  T H R E A D  ---------------

Current thread (0x0000000014d21000):  JavaThread "C2 CompilerThread0" daemon [_thread_in_native, id=8708, stack(0x0000000015d40000,0x0000000015e40000)]

Stack: [0x0000000015d40000,0x0000000015e40000]
[error occurred during error reporting (printing stack bounds), id 0xc0000005]

Native frames: (J=compiled Java code, j=interpreted, Vv=VM code, C=native code)


Current CompileTask:
C2:  18115 6176       4       org.springframework.asm.ClassReader::readCode (5085 bytes)


---------------  P R O C E S S  ---------------

Java Threads: ( => current thread )
  0x00000000183e3800 JavaThread "JMX server connection timeout 21" daemon [_thread_blocked, id=4240, stack(0x000000001c830000,0x000000001c930000)]
  0x00000000183e1000 JavaThread "RMI Scheduler(0)" daemon [_thread_blocked, id=6708, stack(0x000000001c730000,0x000000001c830000)]
  0x0000000019352800 JavaThread "RMI TCP Connection(1)-192.168.100.77" daemon [_thread_in_native, id=8176, stack(0x000000001c630000,0x000000001c730000)]
  0x0000000016587000 JavaThread "HikariPool-1 housekeeper" daemon [_thread_blocked, id=4788, stack(0x000000001b260000,0x000000001b360000)]
  0x0000000016961000 JavaThread "PostgreSQL-JDBC-SharedTimer-1" daemon [_thread_blocked, id=7616, stack(0x000000001b160000,0x000000001b260000)]
  0x000000001653e800 JavaThread "container-0" [_thread_blocked, id=1020, stack(0x000000001ad60000,0x000000001ae60000)]
  0x0000000017c89800 JavaThread "Catalina-utility-2" [_thread_blocked, id=4484, stack(0x000000001ac60000,0x000000001ad60000)]
  0x000000001671d000 JavaThread "Catalina-utility-1" [_thread_blocked, id=11292, stack(0x000000001ab60000,0x000000001ac60000)]
  0x000000001826e800 JavaThread "RMI TCP Accept-0" daemon [_thread_in_native, id=7532, stack(0x000000001a260000,0x000000001a360000)]
  0x0000000014d9d000 JavaThread "Service Thread" daemon [_thread_blocked, id=12032, stack(0x0000000015f40000,0x0000000016040000)]
  0x0000000014d28800 JavaThread "C1 CompilerThread1" daemon [_thread_blocked, id=2088, stack(0x0000000015e40000,0x0000000015f40000)]
=>0x0000000014d21000 JavaThread "C2 CompilerThread0" daemon [_thread_in_native, id=8708, stack(0x0000000015d40000,0x0000000015e40000)]
  0x0000000014d20000 JavaThread "Attach Listener" daemon [_thread_blocked, id=7568, stack(0x0000000015c40000,0x0000000015d40000)]
  0x0000000014d1a800 JavaThread "Signal Dispatcher" daemon [_thread_blocked, id=11284, stack(0x0000000015b40000,0x0000000015c40000)]
  0x0000000014d08800 JavaThread "Finalizer" daemon [_thread_blocked, id=2040, stack(0x0000000015950000,0x0000000015a50000)]
  0x0000000002a12800 JavaThread "Reference Handler" daemon [_thread_blocked, id=10996, stack(0x0000000015850000,0x0000000015950000)]
  0x0000000002924000 JavaThread "main" [_thread_in_vm, id=11092, stack(0x0000000002820000,0x0000000002920000)]

Other Threads:
  0x0000000014ce6800 VMThread [stack: 0x0000000015750000,0x0000000015850000] [id=2256]
  0x0000000014db0000 WatcherThread [stack: 0x0000000016040000,0x0000000016140000] [id=6572]

VM state:not at safepoint (normal execution)

VM Mutex/Monitor currently owned by a thread: None

Heap:
 PSYoungGen      total 162816K, used 2593K [0x00000000eb900000, 0x00000000f7480000, 0x0000000100000000)
  eden space 152064K, 1% used [0x00000000eb900000,0x00000000ebb88598,0x00000000f4d80000)
  from space 10752K, 0% used [0x00000000f5780000,0x00000000f5780000,0x00000000f6200000)
  to   space 10240K, 0% used [0x00000000f4d80000,0x00000000f4d80000,0x00000000f5780000)
 ParOldGen       total 44544K, used 30229K [0x00000000c2a00000, 0x00000000c5580000, 0x00000000eb900000)
  object space 44544K, 67% used [0x00000000c2a00000,0x00000000c4785738,0x00000000c5580000)
 Metaspace       used 56335K, capacity 59030K, committed 59284K, reserved 1099776K
  class space    used 7604K, capacity 8062K, committed 8084K, reserved 1048576K

Card table byte_map: [0x0000000011de0000,0x0000000011fd0000] byte_map_base: 0x00000000117cb000

Marking Bits: (ParMarkBitMap*) 0x000000005c262d00
 Begin Bits: [0x0000000012320000, 0x0000000013278000)
 End Bits:   [0x0000000013278000, 0x00000000141d0000)

Polling page: 0x0000000000a30000

CodeCache: size=245760Kb used=19576Kb max_used=19576Kb free=226183Kb
 bounds [0x0000000002a20000, 0x0000000003d50000, 0x0000000011a20000]
 total_blobs=6517 nmethods=6005 adapters=423
 compilation: enabled

Compilation events (10 events):
Event: 17.346 Thread 0x0000000014d28800 6484       3       java.util.Formatter::format (11 bytes)
Event: 17.346 Thread 0x0000000014d28800 nmethod 6484 0x0000000003d49c10 code [0x0000000003d49d80, 0x0000000003d49fa8]
Event: 17.347 Thread 0x0000000014d28800 6485   !   3       java.util.Formatter::format (271 bytes)
Event: 17.348 Thread 0x0000000014d28800 nmethod 6485 0x0000000003d4a050 code [0x0000000003d4a300, 0x0000000003d4b3e8]
Event: 17.348 Thread 0x0000000014d28800 6486       3       java.util.Formatter::toString (12 bytes)
Event: 17.348 Thread 0x0000000014d28800 nmethod 6486 0x0000000003d4c090 code [0x0000000003d4c220, 0x0000000003d4c558]
Event: 17.349 Thread 0x0000000014d28800 6487       3       java.lang.invoke.BoundMethodHandle::rebind (14 bytes)
Event: 17.350 Thread 0x0000000014d28800 nmethod 6487 0x0000000003d4c690 code [0x0000000003d4c860, 0x0000000003d4cf78]
Event: 17.440 Thread 0x0000000014d28800 6493       3       java.lang.invoke.MethodType::methodType (14 bytes)
Event: 17.440 Thread 0x0000000014d28800 nmethod 6493 0x0000000003d4d290 code [0x0000000003d4d400, 0x0000000003d4d728]

GC Heap History (10 events):
Event: 7.428 GC heap after
Heap after GC invocations=10 (full 1):
 PSYoungGen      total 132096K, used 8181K [0x00000000eb900000, 0x00000000f6200000, 0x0000000100000000)
  eden space 123904K, 0% used [0x00000000eb900000,0x00000000eb900000,0x00000000f3200000)
  from space 8192K, 99% used [0x00000000f3200000,0x00000000f39fd618,0x00000000f3a00000)
  to   space 10752K, 0% used [0x00000000f5780000,0x00000000f5780000,0x00000000f6200000)
 ParOldGen       total 29184K, used 9908K [0x00000000c2a00000, 0x00000000c4680000, 0x00000000eb900000)
  object space 29184K, 33% used [0x00000000c2a00000,0x00000000c33ad078,0x00000000c4680000)
 Metaspace       used 32908K, capacity 34550K, committed 34816K, reserved 1079296K
  class space    used 4250K, capacity 4542K, committed 4608K, reserved 1048576K
}
Event: 8.052 GC heap before
{Heap before GC invocations=11 (full 1):
 PSYoungGen      total 132096K, used 17706K [0x00000000eb900000, 0x00000000f6200000, 0x0000000100000000)
  eden space 123904K, 7% used [0x00000000eb900000,0x00000000ec24d568,0x00000000f3200000)
  from space 8192K, 99% used [0x00000000f3200000,0x00000000f39fd618,0x00000000f3a00000)
  to   space 10752K, 0% used [0x00000000f5780000,0x00000000f5780000,0x00000000f6200000)
 ParOldGen       total 29184K, used 9908K [0x00000000c2a00000, 0x00000000c4680000, 0x00000000eb900000)
  object space 29184K, 33% used [0x00000000c2a00000,0x00000000c33ad078,0x00000000c4680000)
 Metaspace       used 33608K, capacity 35302K, committed 35416K, reserved 1079296K
  class space    used 4336K, capacity 4616K, committed 4696K, reserved 1048576K
Event: 8.071 GC heap after
Heap after GC invocations=11 (full 1):
 PSYoungGen      total 162816K, used 5212K [0x00000000eb900000, 0x00000000f7480000, 0x0000000100000000)
  eden space 152064K, 0% used [0x00000000eb900000,0x00000000eb900000,0x00000000f4d80000)
  from space 10752K, 48% used [0x00000000f5780000,0x00000000f5c973e8,0x00000000f6200000)
  to   space 10240K, 0% used [0x00000000f4d80000,0x00000000f4d80000,0x00000000f5780000)
 ParOldGen       total 29184K, used 12984K [0x00000000c2a00000, 0x00000000c4680000, 0x00000000eb900000)
  object space 29184K, 44% used [0x00000000c2a00000,0x00000000c36ae0c8,0x00000000c4680000)
 Metaspace       used 33608K, capacity 35302K, committed 35416K, reserved 1079296K
  class space    used 4336K, capacity 4616K, committed 4696K, reserved 1048576K
}
Event: 8.071 GC heap before
{Heap before GC invocations=12 (full 2):
 PSYoungGen      total 162816K, used 5212K [0x00000000eb900000, 0x00000000f7480000, 0x0000000100000000)
  eden space 152064K, 0% used [0x00000000eb900000,0x00000000eb900000,0x00000000f4d80000)
  from space 10752K, 48% used [0x00000000f5780000,0x00000000f5c973e8,0x00000000f6200000)
  to   space 10240K, 0% used [0x00000000f4d80000,0x00000000f4d80000,0x00000000f5780000)
 ParOldGen       total 29184K, used 12984K [0x00000000c2a00000, 0x00000000c4680000, 0x00000000eb900000)
  object space 29184K, 44% used [0x00000000c2a00000,0x00000000c36ae0c8,0x00000000c4680000)
 Metaspace       used 33608K, capacity 35302K, committed 35416K, reserved 1079296K
  class space    used 4336K, capacity 4616K, committed 4696K, reserved 1048576K
Event: 8.174 GC heap after
Heap after GC invocations=12 (full 2):
 PSYoungGen      total 162816K, used 0K [0x00000000eb900000, 0x00000000f7480000, 0x0000000100000000)
  eden space 152064K, 0% used [0x00000000eb900000,0x00000000eb900000,0x00000000f4d80000)
  from space 10752K, 0% used [0x00000000f5780000,0x00000000f5780000,0x00000000f6200000)
  to   space 10240K, 0% used [0x00000000f4d80000,0x00000000f4d80000,0x00000000f5780000)
 ParOldGen       total 44544K, used 13414K [0x00000000c2a00000, 0x00000000c5580000, 0x00000000eb900000)
  object space 44544K, 30% used [0x00000000c2a00000,0x00000000c3719a30,0x00000000c5580000)
 Metaspace       used 33608K, capacity 35302K, committed 35416K, reserved 1079296K
  class space    used 4336K, capacity 4616K, committed 4696K, reserved 1048576K
}
Event: 14.160 GC heap before
{Heap before GC invocations=13 (full 2):
 PSYoungGen      total 162816K, used 152064K [0x00000000eb900000, 0x00000000f7480000, 0x0000000100000000)
  eden space 152064K, 100% used [0x00000000eb900000,0x00000000f4d80000,0x00000000f4d80000)
  from space 10752K, 0% used [0x00000000f5780000,0x00000000f5780000,0x00000000f6200000)
  to   space 10240K, 0% used [0x00000000f4d80000,0x00000000f4d80000,0x00000000f5780000)
 ParOldGen       total 44544K, used 13414K [0x00000000c2a00000, 0x00000000c5580000, 0x00000000eb900000)
  object space 44544K, 30% used [0x00000000c2a00000,0x00000000c3719a30,0x00000000c5580000)
 Metaspace       used 50114K, capacity 52208K, committed 52312K, reserved 1093632K
  class space    used 6811K, capacity 7167K, committed 7256K, reserved 1048576K
Event: 14.208 GC heap after
Heap after GC invocations=13 (full 2):
 PSYoungGen      total 162304K, used 10228K [0x00000000eb900000, 0x00000000f7480000, 0x0000000100000000)
  eden space 152064K, 0% used [0x00000000eb900000,0x00000000eb900000,0x00000000f4d80000)
  from space 10240K, 99% used [0x00000000f4d80000,0x00000000f577d190,0x00000000f5780000)
  to   space 10752K, 0% used [0x00000000f5780000,0x00000000f5780000,0x00000000f6200000)
 ParOldGen       total 44544K, used 20898K [0x00000000c2a00000, 0x00000000c5580000, 0x00000000eb900000)
  object space 44544K, 46% used [0x00000000c2a00000,0x00000000c3e68b88,0x00000000c5580000)
 Metaspace       used 50114K, capacity 52208K, committed 52312K, reserved 1093632K
  class space    used 6811K, capacity 7167K, committed 7256K, reserved 1048576K
}
Event: 17.448 GC heap before
{Heap before GC invocations=14 (full 2):
 PSYoungGen      total 162304K, used 103366K [0x00000000eb900000, 0x00000000f7480000, 0x0000000100000000)
  eden space 152064K, 61% used [0x00000000eb900000,0x00000000f13f48a0,0x00000000f4d80000)
  from space 10240K, 99% used [0x00000000f4d80000,0x00000000f577d190,0x00000000f5780000)
  to   space 10752K, 0% used [0x00000000f5780000,0x00000000f5780000,0x00000000f6200000)
 ParOldGen       total 44544K, used 20898K [0x00000000c2a00000, 0x00000000c5580000, 0x00000000eb900000)
  object space 44544K, 46% used [0x00000000c2a00000,0x00000000c3e68b88,0x00000000c5580000)
 Metaspace       used 56288K, capacity 58934K, committed 59028K, reserved 1099776K
  class space    used 7580K, capacity 8030K, committed 8084K, reserved 1048576K
Event: 17.535 GC heap after
Heap after GC invocations=14 (full 2):
 PSYoungGen      total 162816K, used 10730K [0x00000000eb900000, 0x00000000f7480000, 0x0000000100000000)
  eden space 152064K, 0% used [0x00000000eb900000,0x00000000eb900000,0x00000000f4d80000)
  from space 10752K, 99% used [0x00000000f5780000,0x00000000f61faa20,0x00000000f6200000)
  to   space 10240K, 0% used [0x00000000f4d80000,0x00000000f4d80000,0x00000000f5780000)
 ParOldGen       total 44544K, used 28459K [0x00000000c2a00000, 0x00000000c5580000, 0x00000000eb900000)
  object space 44544K, 63% used [0x00000000c2a00000,0x00000000c45cadf0,0x00000000c5580000)
 Metaspace       used 56288K, capacity 58934K, committed 59028K, reserved 1099776K
  class space    used 7580K, capacity 8030K, committed 8084K, reserved 1048576K
}
Event: 17.535 GC heap before
{Heap before GC invocations=15 (full 3):
 PSYoungGen      total 162816K, used 10730K [0x00000000eb900000, 0x00000000f7480000, 0x0000000100000000)
  eden space 152064K, 0% used [0x00000000eb900000,0x00000000eb900000,0x00000000f4d80000)
  from space 10752K, 99% used [0x00000000f5780000,0x00000000f61faa20,0x00000000f6200000)
  to   space 10240K, 0% used [0x00000000f4d80000,0x00000000f4d80000,0x00000000f5780000)
 ParOldGen       total 44544K, used 28459K [0x00000000c2a00000, 0x00000000c5580000, 0x00000000eb900000)
  object space 44544K, 63% used [0x00000000c2a00000,0x00000000c45cadf0,0x00000000c5580000)
 Metaspace       used 56288K, capacity 58934K, committed 59028K, reserved 1099776K
  class space    used 7580K, capacity 8030K, committed 8084K, reserved 1048576K

Deoptimization events (10 events):
Event: 17.231 Thread 0x0000000002924000 Uncommon trap: reason=array_check action=maybe_recompile pc=0x0000000003d1812c method=java.util.AbstractCollection.toArray([Ljava/lang/Object;)[Ljava/lang/Object; @ 119
Event: 17.308 Thread 0x0000000002924000 Uncommon trap: reason=array_check action=maybe_recompile pc=0x0000000003d1812c method=java.util.AbstractCollection.toArray([Ljava/lang/Object;)[Ljava/lang/Object; @ 119
Event: 17.317 Thread 0x0000000002924000 Uncommon trap: reason=array_check action=maybe_recompile pc=0x0000000003d1812c method=java.util.AbstractCollection.toArray([Ljava/lang/Object;)[Ljava/lang/Object; @ 119
Event: 17.329 Thread 0x0000000002924000 Uncommon trap: reason=bimorphic action=maybe_recompile pc=0x0000000003969eb4 method=java.util.regex.Pattern$CharProperty.match(Ljava/util/regex/Matcher;ILjava/lang/CharSequence;)Z @ 37
Event: 17.329 Thread 0x0000000002924000 Uncommon trap: reason=unstable_if action=reinterpret pc=0x0000000003b211a8 method=java.util.regex.Pattern$Curly.match(Ljava/util/regex/Matcher;ILjava/lang/CharSequence;)Z @ 45
Event: 17.360 Thread 0x0000000002924000 Uncommon trap: reason=class_check action=maybe_recompile pc=0x0000000003b91d18 method=java.util.regex.Pattern$Ques.match(Ljava/util/regex/Matcher;ILjava/lang/CharSequence;)Z @ 39
Event: 17.360 Thread 0x0000000002924000 Uncommon trap: reason=unstable_if action=reinterpret pc=0x0000000003b1f7ec method=java.util.regex.Pattern$Curly.match(Ljava/util/regex/Matcher;ILjava/lang/CharSequence;)Z @ 45
Event: 17.367 Thread 0x0000000002924000 Uncommon trap: reason=bimorphic action=maybe_recompile pc=0x0000000003969eb4 method=java.util.regex.Pattern$CharProperty.match(Ljava/util/regex/Matcher;ILjava/lang/CharSequence;)Z @ 37
Event: 17.367 Thread 0x0000000002924000 Uncommon trap: reason=bimorphic action=maybe_recompile pc=0x0000000003969eb4 method=java.util.regex.Pattern$CharProperty.match(Ljava/util/regex/Matcher;ILjava/lang/CharSequence;)Z @ 37
Event: 17.368 Thread 0x0000000002924000 Uncommon trap: reason=bimorphic action=maybe_recompile pc=0x0000000003969eb4 method=java.util.regex.Pattern$CharProperty.match(Ljava/util/regex/Matcher;ILjava/lang/CharSequence;)Z @ 37

Classes redefined (0 events):
No events

Internal exceptions (10 events):
Event: 16.976 Thread 0x0000000002924000 Exception <a 'java/lang/ClassNotFoundException': java/lang/ObjectCustomizer> (0x00000000f0a6fae0) thrown at [C:\re\workspace\8-2-build-windows-amd64-cygwin\jdk8u181\11358\hotspot\src\share\vm\classfile\systemDictionary.cpp, line 210]
Event: 16.977 Thread 0x0000000002924000 Exception <a 'java/lang/ClassNotFoundException': io/awasi/dsmanager/entities/CourseCustomizer> (0x00000000f0a82f10) thrown at [C:\re\workspace\8-2-build-windows-amd64-cygwin\jdk8u181\11358\hotspot\src\share\vm\classfile\systemDictionary.cpp, line 210]
Event: 17.026 Thread 0x0000000002924000 Exception <a 'java/lang/NoSuchMethodError': java.lang.Object.lambda$direct$0(Lorg/springframework/data/repository/core/support/MethodLookup$InvokedMethod;Ljava/lang/reflect/Method;)Z> (0x00000000f0b87f68) thrown at [C:\re\workspace\8-2-build-windows-amd64
Event: 17.027 Thread 0x0000000002924000 Exception <a 'java/lang/NoSuchMethodError': java.lang.Object.lambda$direct$1(Lorg/springframework/data/repository/core/support/MethodLookup$MethodPredicate;)Ljava/util/List;> (0x00000000f0b8af08) thrown at [C:\re\workspace\8-2-build-windows-amd64-cygwin\j
Event: 17.042 Thread 0x0000000002924000 Exception <a 'java/lang/NoSuchMethodError': java.lang.Object.lambda$and$0(Lorg/springframework/data/repository/core/support/MethodLookup;)Ljava/util/List;> (0x00000000f0bb07c0) thrown at [C:\re\workspace\8-2-build-windows-amd64-cygwin\jdk8u181\11358\hotsp
Event: 17.057 Thread 0x0000000002924000 Exception <a 'java/lang/IncompatibleClassChangeError': Found class java.lang.Object, but interface was expected> (0x00000000f0c30240) thrown at [C:\re\workspace\8-2-build-windows-amd64-cygwin\jdk8u181\11358\hotspot\src\share\vm\interpreter\linkResolver.cp
Event: 17.142 Thread 0x0000000002924000 Implicit null exception at 0x0000000003d280c0 to 0x0000000003d2f865
Event: 17.208 Thread 0x0000000002924000 Exception <a 'java/lang/NoSuchMethodError': java.lang.Object.lambda$map$1(Ljava/util/function/Function;)Ljava/util/stream/Stream;> (0x00000000f0e7b000) thrown at [C:\re\workspace\8-2-build-windows-amd64-cygwin\jdk8u181\11358\hotspot\src\share\vm\interpret
Event: 17.312 Thread 0x0000000002924000 Exception <a 'java/lang/reflect/InvocationTargetException'> (0x00000000f10bc040) thrown at [C:\re\workspace\8-2-build-windows-amd64-cygwin\jdk8u181\11358\hotspot\src\share\vm\runtime\reflection.cpp, line 1092]
Event: 17.361 Thread 0x0000000002924000 Exception <a 'java/lang/ClassNotFoundException': java/io/SerializableCustomizer> (0x00000000f11933b0) thrown at [C:\re\workspace\8-2-build-windows-amd64-cygwin\jdk8u181\11358\hotspot\src\share\vm\classfile\systemDictionary.cpp, line 210]

Events (10 events):
Event: 17.443 loading class org/springframework/data/repository/query/Parameter done
Event: 17.443 loading class org/springframework/data/repository/query/Parameter
Event: 17.443 loading class org/springframework/data/repository/query/Parameter done
Event: 17.444 loading class org/hibernate/query/criteria/internal/expression/ParameterExpressionImpl
Event: 17.444 loading class org/hibernate/query/criteria/internal/expression/ParameterExpressionImpl done
Event: 17.445 loading class org/springframework/data/jpa/repository/query/ParameterMetadataProvider$ParameterMetadata
Event: 17.445 loading class org/springframework/data/jpa/repository/query/ParameterMetadataProvider$ParameterMetadata done
Event: 17.447 loading class org/springframework/data/jpa/repository/query/QueryUtils
Event: 17.447 loading class org/springframework/data/jpa/repository/query/QueryUtils done
Event: 17.448 Executing VM operation: CollectForMetadataAllocation


Dynamic libraries:
0x00007ff6989d0000 - 0x00007ff698a07000 	C:\Program Files\Java\jre1.8.0_181\bin\javaw.exe
0x00007ff9b1460000 - 0x00007ff9b1641000 	C:\WINDOWS\SYSTEM32\ntdll.dll
0x00007ff9b0f40000 - 0x00007ff9b0ff1000 	C:\WINDOWS\System32\KERNEL32.DLL
0x00007ff9ae300000 - 0x00007ff9ae573000 	C:\WINDOWS\System32\KERNELBASE.dll
0x00007ff9aefa0000 - 0x00007ff9af041000 	C:\WINDOWS\System32\ADVAPI32.dll
0x00007ff9b0b20000 - 0x00007ff9b0bbe000 	C:\WINDOWS\System32\msvcrt.dll
0x00007ff9aed70000 - 0x00007ff9aedcb000 	C:\WINDOWS\System32\sechost.dll
0x00007ff9b0bc0000 - 0x00007ff9b0ce4000 	C:\WINDOWS\System32\RPCRT4.dll
0x00007ff9b1080000 - 0x00007ff9b1210000 	C:\WINDOWS\System32\USER32.dll
0x00007ff9ad890000 - 0x00007ff9ad8b0000 	C:\WINDOWS\System32\win32u.dll
0x00007ff9aed40000 - 0x00007ff9aed68000 	C:\WINDOWS\System32\GDI32.dll
0x00007ff9ae6b0000 - 0x00007ff9ae841000 	C:\WINDOWS\System32\gdi32full.dll
0x00007ff9ae850000 - 0x00007ff9ae8ef000 	C:\WINDOWS\System32\msvcp_win.dll
0x00007ff9ae200000 - 0x00007ff9ae2f8000 	C:\WINDOWS\System32\ucrtbase.dll
0x00007ff997210000 - 0x00007ff997479000 	C:\WINDOWS\WinSxS\amd64_microsoft.windows.common-controls_6595b64144ccf1df_6.0.17134.950_none_fb3da4273069d3e0\COMCTL32.dll
0x00007ff9af050000 - 0x00007ff9af372000 	C:\WINDOWS\System32\combase.dll
0x00007ff9ae580000 - 0x00007ff9ae5f9000 	C:\WINDOWS\System32\bcryptPrimitives.dll
0x00007ff9aef70000 - 0x00007ff9aef9d000 	C:\WINDOWS\System32\IMM32.DLL
0x000000005c360000 - 0x000000005c432000 	C:\Program Files\Java\jre1.8.0_181\bin\msvcr100.dll
0x000000005ba40000 - 0x000000005c2e2000 	C:\Program Files\Java\jre1.8.0_181\bin\server\jvm.dll
0x00007ff9b1000000 - 0x00007ff9b1008000 	C:\WINDOWS\System32\PSAPI.DLL
0x00007ff993d00000 - 0x00007ff993d09000 	C:\WINDOWS\SYSTEM32\WSOCK32.dll
0x00007ff9b0ed0000 - 0x00007ff9b0f3c000 	C:\WINDOWS\System32\WS2_32.dll
0x00007ff9ab870000 - 0x00007ff9ab893000 	C:\WINDOWS\SYSTEM32\WINMM.dll
0x00007ff9a4610000 - 0x00007ff9a461a000 	C:\WINDOWS\SYSTEM32\VERSION.dll
0x00007ff9ab810000 - 0x00007ff9ab83a000 	C:\WINDOWS\SYSTEM32\WINMMBASE.dll
0x00007ff9ae1b0000 - 0x00007ff9ae1f9000 	C:\WINDOWS\System32\cfgmgr32.dll
0x000000005b950000 - 0x000000005b95f000 	C:\Program Files\Java\jre1.8.0_181\bin\verify.dll
0x000000005b920000 - 0x000000005b949000 	C:\Program Files\Java\jre1.8.0_181\bin\java.dll
0x000000005b900000 - 0x000000005b916000 	C:\Program Files\Java\jre1.8.0_181\bin\zip.dll
0x00007ff9af490000 - 0x00007ff9b08d0000 	C:\WINDOWS\System32\SHELL32.dll
0x00007ff9b0e20000 - 0x00007ff9b0ec9000 	C:\WINDOWS\System32\shcore.dll
0x00007ff9ad8b0000 - 0x00007ff9adfbd000 	C:\WINDOWS\System32\windows.storage.dll
0x00007ff9af380000 - 0x00007ff9af3d1000 	C:\WINDOWS\System32\shlwapi.dll
0x00007ff9ad7f0000 - 0x00007ff9ad801000 	C:\WINDOWS\System32\kernel.appcore.dll
0x00007ff9ad7c0000 - 0x00007ff9ad7df000 	C:\WINDOWS\System32\profapi.dll
0x00007ff9ad770000 - 0x00007ff9ad7bc000 	C:\WINDOWS\System32\powrprof.dll
0x00007ff9ad7e0000 - 0x00007ff9ad7ea000 	C:\WINDOWS\System32\FLTLIB.DLL
0x000000005ae80000 - 0x000000005ae8d000 	C:\Program Files\Java\jre1.8.0_181\bin\management.dll
0x000000005b8e0000 - 0x000000005b8fa000 	C:\Program Files\Java\jre1.8.0_181\bin\net.dll
0x00007ff9acf90000 - 0x00007ff9acff6000 	C:\WINDOWS\system32\mswsock.dll
0x00007ff999d90000 - 0x00007ff999da6000 	C:\WINDOWS\system32\napinsp.dll
0x00007ff999d70000 - 0x00007ff999d8a000 	C:\WINDOWS\system32\pnrpnsp.dll
0x00007ff9a9760000 - 0x00007ff9a9779000 	C:\WINDOWS\system32\NLAapi.dll
0x00007ff9acd20000 - 0x00007ff9acdde000 	C:\WINDOWS\SYSTEM32\DNSAPI.dll
0x00007ff9af480000 - 0x00007ff9af488000 	C:\WINDOWS\System32\NSI.dll
0x00007ff9acce0000 - 0x00007ff9acd18000 	C:\WINDOWS\SYSTEM32\IPHLPAPI.DLL
0x00007ff9a4440000 - 0x00007ff9a444e000 	C:\WINDOWS\System32\winrnr.dll
0x00007ff9a2ad0000 - 0x00007ff9a2ae5000 	C:\WINDOWS\System32\wshbth.dll
0x00007ff9984e0000 - 0x00007ff9984ea000 	C:\Windows\System32\rasadhlp.dll
0x00007ff9988a0000 - 0x00007ff998912000 	C:\WINDOWS\System32\fwpuclnt.dll
0x00007ff9ad270000 - 0x00007ff9ad295000 	C:\WINDOWS\SYSTEM32\bcrypt.dll
0x000000005b8c0000 - 0x000000005b8d1000 	C:\Program Files\Java\jre1.8.0_181\bin\nio.dll
0x00007ff9ad150000 - 0x00007ff9ad167000 	C:\WINDOWS\SYSTEM32\CRYPTSP.dll
0x00007ff9acb40000 - 0x00007ff9acb73000 	C:\WINDOWS\system32\rsaenh.dll
0x00007ff9ad670000 - 0x00007ff9ad698000 	C:\WINDOWS\SYSTEM32\USERENV.dll
0x00007ff9ad140000 - 0x00007ff9ad14b000 	C:\WINDOWS\SYSTEM32\CRYPTBASE.dll
0x00007ff9a1b20000 - 0x00007ff9a1b36000 	C:\WINDOWS\SYSTEM32\dhcpcsvc6.DLL
0x00007ff9a2000000 - 0x00007ff9a201a000 	C:\WINDOWS\SYSTEM32\dhcpcsvc.DLL

VM Arguments:
jvm_args: -Dfile.encoding=UTF-8 
java_command: io.awasi.dsmanager.DsmanagerApplication
java_class_path (initial): G:\updated\dsmanager\target\classes;C:\Users\pc\.m2\repository\org\springframework\boot\spring-boot-starter-data-jpa\2.1.7.RELEASE\spring-boot-starter-data-jpa-2.1.7.RELEASE.jar;C:\Users\pc\.m2\repository\org\springframework\boot\spring-boot-starter-aop\2.1.7.RELEASE\spring-boot-starter-aop-2.1.7.RELEASE.jar;C:\Users\pc\.m2\repository\org\springframework\spring-aop\5.1.9.RELEASE\spring-aop-5.1.9.RELEASE.jar;C:\Users\pc\.m2\repository\org\aspectj\aspectjweaver\1.9.4\aspectjweaver-1.9.4.jar;C:\Users\pc\.m2\repository\org\springframework\boot\spring-boot-starter-jdbc\2.1.7.RELEASE\spring-boot-starter-jdbc-2.1.7.RELEASE.jar;C:\Users\pc\.m2\repository\com\zaxxer\HikariCP\3.2.0\HikariCP-3.2.0.jar;C:\Users\pc\.m2\repository\org\springframework\spring-jdbc\5.1.9.RELEASE\spring-jdbc-5.1.9.RELEASE.jar;C:\Users\pc\.m2\repository\javax\transaction\javax.transaction-api\1.3\javax.transaction-api-1.3.jar;C:\Users\pc\.m2\repository\javax\xml\bind\jaxb-api\2.3.1\jaxb-api-2.3.1.jar;C:\Users\pc\.m2\repository\javax\activation\javax.activation-api\1.2.0\javax.activation-api-1.2.0.jar;C:\Users\pc\.m2\repository\org\hibernate\hibernate-core\5.3.10.Final\hibernate-core-5.3.10.Final.jar;C:\Users\pc\.m2\repository\org\jboss\logging\jboss-logging\3.3.2.Final\jboss-logging-3.3.2.Final.jar;C:\Users\pc\.m2\repository\javax\persistence\javax.persistence-api\2.2\javax.persistence-api-2.2.jar;C:\Users\pc\.m2\repository\org\javassist\javassist\3.23.2-GA\javassist-3.23.2-GA.jar;C:\Users\pc\.m2\repository\net\bytebuddy\byte-buddy\1.9.16\byte-buddy-1.9.16.jar;C:\Users\pc\.m2\repository\antlr\antlr\2.7.7\antlr-2.7.7.jar;C:\Users\pc\.m2\repository\org\jboss\jandex\2.0.5.Final\jandex-2.0.5.Final.jar;C:\Users\pc\.m2\repository\com\fasterxml\classmate\1.4.0\classmate-1.4.0.jar;C:\Users\pc\.m2\repository\org\dom4j\dom4j\2.1.1\dom4j-2.1.1.jar;C:\Users\pc\.m2\repository\org\hibernate\common\hibernate-commons-annotations\5.0.4.Final\hibernate-commons-annotations-5.0.4.Final.jar;C:
Launcher Type: SUN_STANDARD

Environment Variables:
PATH=C:/Program Files/Java/jre1.8.0_181/bin/server;C:/Program Files/Java/jre1.8.0_181/bin;C:/Program Files/Java/jre1.8.0_181/lib/amd64;E:\oracleinstalled\bin;C:\Program Files (x86)\Common Files\Oracle\Java\javapath;C:\Program Files\Java\jdk8\bin;C:\Program Files\Java\jre8\bin;C:\WINDOWS\system32;C:\WINDOWS;C:\WINDOWS\System32\Wbem;C:\WINDOWS\System32\WindowsPowerShell\v1.0\;C:\WINDOWS\System32\OpenSSH\;C:\sqlite3;C:\Python30;C:\Program Files\nodejs\;C:\Ruby24-x64\bin;C:\Users\pc\AppData\Local\Microsoft\WindowsApps;C:\Program Files\JetBrains\PyCharm Community Edition 2018.3.1\bin;;"C:\Program Files\Java\jdk1.8.0_181\bin;C:\Program Files\Java\jdk1.8.0_181\bin";C:\Users\pc\AppData\Roaming\npm;C:\Users\pc\AppData\Local\Programs\Microsoft VS Code\bin;G:\updated\sts-4.3.1.RELEASE;
USERNAME=Godsees
OS=Windows_NT
PROCESSOR_IDENTIFIER=Intel64 Family 6 Model 122 Stepping 1, GenuineIntel



---------------  S Y S T E M  ---------------

OS: Windows 10.0 , 64 bit Build 17134 (10.0.17134.753)

CPU:total 2 (initial active 2) (2 cores per cpu, 1 threads per core) family 6 model 122 stepping 1, cmov, cx8, fxsr, mmx, sse, sse2, sse3, ssse3, sse4.1, sse4.2, popcnt, aes, clmul, erms, 3dnowpref, tsc, tscinvbit

Memory: 4k page, physical 4021836k(340056k free), swap 6902448k(6468k free)

vm_info: Java HotSpot(TM) 64-Bit Server VM (25.181-b13) for windows-amd64 JRE (1.8.0_181-b13), built on Jul  7 2018 04:01:33 by "java_re" with MS VC++ 10.0 (VS2010)

time: Mon Sep 16 11:40:54 2019
elapsed time: 18 seconds (0d 0h 0m 18s)

