#
# There is insufficient memory for the Java Runtime Environment to continue.
# Native memory allocation (malloc) failed to allocate 32744 bytes for ChunkPool::allocate
# Possible reasons:
#   The system is out of physical RAM or swap space
#   In 32 bit mode, the process size limit was hit
# Possible solutions:
#   Reduce memory load on the system
#   Increase physical memory or swap space
#   Check if swap backing store is full
#   Use 64 bit Java on a 64 bit OS
#   Decrease Java heap size (-Xmx/-Xms)
#   Decrease number of Java threads
#   Decrease Java thread stack sizes (-Xss)
#   Set larger code cache with -XX:ReservedCodeCacheSize=
# This output file may be truncated or incomplete.
#
#  Out of Memory Error (allocation.cpp:273), pid=10968, tid=0x0000000000002dcc
#
# JRE version: Java(TM) SE Runtime Environment (8.0_181-b13) (build 1.8.0_181-b13)
# Java VM: Java HotSpot(TM) 64-Bit Server VM (25.181-b13 mixed mode windows-amd64 compressed oops)
# Failed to write core dump. Minidumps are not enabled by default on client versions of Windows
#

---------------  T H R E A D  ---------------

Current thread (0x0000000014c14000):  JavaThread "C2 CompilerThread0" daemon [_thread_in_native, id=11724, stack(0x0000000015c50000,0x0000000015d50000)]

Stack: [0x0000000015c50000,0x0000000015d50000]
[error occurred during error reporting (printing stack bounds), id 0xc0000005]

Native frames: (J=compiled Java code, j=interpreted, Vv=VM code, C=native code)


Current CompileTask:
C2:  56890 7083   !   4       org.springframework.util.ClassUtils::getMostSpecificMethod (72 bytes)


---------------  P R O C E S S  ---------------

Java Threads: ( => current thread )
  0x0000000018104800 JavaThread "DestroyJavaVM" [_thread_blocked, id=11432, stack(0x0000000002710000,0x0000000002810000)]
  0x00000000180fd000 JavaThread "http-nio-8080-Acceptor" daemon [_thread_in_native, id=11772, stack(0x000000001f900000,0x000000001fa00000)]
  0x0000000018103000 JavaThread "http-nio-8080-ClientPoller" daemon [_thread_in_native, id=1228, stack(0x000000001f800000,0x000000001f900000)]
  0x0000000018104000 JavaThread "http-nio-8080-exec-10" daemon [_thread_blocked, id=11888, stack(0x000000001f700000,0x000000001f800000)]
  0x0000000018102800 JavaThread "http-nio-8080-exec-9" daemon [_thread_blocked, id=7664, stack(0x000000001f600000,0x000000001f700000)]
  0x0000000018101000 JavaThread "http-nio-8080-exec-8" daemon [_thread_blocked, id=2604, stack(0x000000001f500000,0x000000001f600000)]
  0x00000000180fb000 JavaThread "http-nio-8080-exec-7" daemon [_thread_blocked, id=11220, stack(0x000000001f400000,0x000000001f500000)]
  0x00000000180fe800 JavaThread "http-nio-8080-exec-6" daemon [_thread_blocked, id=10896, stack(0x000000001f300000,0x000000001f400000)]
  0x0000000018101800 JavaThread "http-nio-8080-exec-5" daemon [_thread_blocked, id=11860, stack(0x000000001f200000,0x000000001f300000)]
  0x00000000180fc800 JavaThread "http-nio-8080-exec-4" daemon [_thread_blocked, id=11480, stack(0x000000001f100000,0x000000001f200000)]
  0x00000000180fb800 JavaThread "http-nio-8080-exec-3" daemon [_thread_blocked, id=10296, stack(0x000000001f000000,0x000000001f100000)]
  0x00000000180f6800 JavaThread "http-nio-8080-exec-2" daemon [_thread_blocked, id=7352, stack(0x000000001ef00000,0x000000001f000000)]
  0x00000000180f8000 JavaThread "http-nio-8080-exec-1" daemon [_thread_in_native, id=9988, stack(0x000000001ee00000,0x000000001ef00000)]
  0x00000000180fa000 JavaThread "http-nio-8080-BlockPoller" daemon [_thread_in_native, id=10872, stack(0x000000001ed00000,0x000000001ee00000)]
  0x00000000180f8800 JavaThread "HikariPool-1 housekeeper" daemon [_thread_blocked, id=10576, stack(0x000000001c700000,0x000000001c800000)]
  0x0000000017bc9000 JavaThread "PostgreSQL-JDBC-SharedTimer-1" daemon [_thread_blocked, id=10176, stack(0x000000001c600000,0x000000001c700000)]
  0x0000000017bc9800 JavaThread "container-0" [_thread_blocked, id=3288, stack(0x000000001c040000,0x000000001c140000)]
  0x0000000017bc8000 JavaThread "Catalina-utility-2" [_thread_blocked, id=10292, stack(0x000000001bf40000,0x000000001c040000)]
  0x0000000017bc7800 JavaThread "Catalina-utility-1" [_thread_blocked, id=9788, stack(0x000000001be40000,0x000000001bf40000)]
  0x0000000016b2c000 JavaThread "JMX server connection timeout 14" daemon [_thread_blocked, id=6248, stack(0x0000000018fa0000,0x00000000190a0000)]
  0x0000000016b27000 JavaThread "RMI Scheduler(0)" daemon [_thread_blocked, id=296, stack(0x0000000018ea0000,0x0000000018fa0000)]
  0x000000001737e800 JavaThread "RMI TCP Connection(idle)" daemon [_thread_blocked, id=10836, stack(0x0000000018da0000,0x0000000018ea0000)]
  0x000000001721f000 JavaThread "RMI TCP Accept-0" daemon [_thread_in_native, id=11752, stack(0x00000000187a0000,0x00000000188a0000)]
  0x0000000014c91000 JavaThread "Service Thread" daemon [_thread_blocked, id=5076, stack(0x0000000015e50000,0x0000000015f50000)]
  0x0000000014c1b800 JavaThread "C1 CompilerThread1" daemon [_thread_blocked, id=3180, stack(0x0000000015d50000,0x0000000015e50000)]
=>0x0000000014c14000 JavaThread "C2 CompilerThread0" daemon [_thread_in_native, id=11724, stack(0x0000000015c50000,0x0000000015d50000)]
  0x0000000014c13000 JavaThread "Attach Listener" daemon [_thread_blocked, id=9560, stack(0x0000000015b50000,0x0000000015c50000)]
  0x0000000014c0e000 JavaThread "Signal Dispatcher" daemon [_thread_blocked, id=11740, stack(0x0000000015a50000,0x0000000015b50000)]
  0x0000000014bf8800 JavaThread "Finalizer" daemon [_thread_blocked, id=7320, stack(0x0000000015860000,0x0000000015960000)]
  0x0000000002902800 JavaThread "Reference Handler" daemon [_thread_blocked, id=11364, stack(0x0000000015760000,0x0000000015860000)]

Other Threads:
  0x0000000014bd5800 VMThread [stack: 0x0000000015660000,0x0000000015760000] [id=9284]
  0x0000000014c93800 WatcherThread [stack: 0x0000000015f50000,0x0000000016050000] [id=7920]

VM state:not at safepoint (normal execution)

VM Mutex/Monitor currently owned by a thread: None

Heap:
 PSYoungGen      total 228864K, used 81493K [0x00000000eb900000, 0x00000000fb380000, 0x0000000100000000)
  eden space 212480K, 38% used [0x00000000eb900000,0x00000000f0895730,0x00000000f8880000)
  from space 16384K, 0% used [0x00000000f9b80000,0x00000000f9b80000,0x00000000fab80000)
  to   space 19456K, 0% used [0x00000000f8880000,0x00000000f8880000,0x00000000f9b80000)
 ParOldGen       total 77312K, used 29797K [0x00000000c2a00000, 0x00000000c7580000, 0x00000000eb900000)
  object space 77312K, 38% used [0x00000000c2a00000,0x00000000c47197b0,0x00000000c7580000)
 Metaspace       used 61648K, capacity 64838K, committed 64896K, reserved 1105920K
  class space    used 8324K, capacity 8832K, committed 8832K, reserved 1048576K

Card table byte_map: [0x0000000011cd0000,0x0000000011ec0000] byte_map_base: 0x00000000116bb000

Marking Bits: (ParMarkBitMap*) 0x000000005c262d00
 Begin Bits: [0x0000000012210000, 0x0000000013168000)
 End Bits:   [0x0000000013168000, 0x00000000140c0000)

Polling page: 0x0000000000970000

CodeCache: size=245760Kb used=21646Kb max_used=22215Kb free=224113Kb
 bounds [0x0000000002910000, 0x0000000003ee0000, 0x0000000011910000]
 total_blobs=6951 nmethods=6421 adapters=442
 compilation: enabled

Compilation events (10 events):
Event: 55.111 Thread 0x0000000014c1b800 nmethod 7081 0x0000000002a9b550 code [0x0000000002a9b6c0, 0x0000000002a9b9b0]
Event: 55.123 Thread 0x0000000014c14000 7083   !   4       org.springframework.util.ClassUtils::getMostSpecificMethod (72 bytes)
Event: 55.150 Thread 0x0000000014c1b800 7086       3       org.springframework.cglib.core.CodeEmitter::begin_block (9 bytes)
Event: 55.150 Thread 0x0000000014c1b800 nmethod 7086 0x0000000002fb8d90 code [0x0000000002fb8f40, 0x0000000002fb95a8]
Event: 55.151 Thread 0x0000000014c1b800 7087       3       org.springframework.cglib.core.Block::end (29 bytes)
Event: 55.151 Thread 0x0000000014c1b800 nmethod 7087 0x0000000002ae1d10 code [0x0000000002ae1ec0, 0x0000000002ae24d8]
Event: 55.258 Thread 0x0000000014c1b800 7088       3       org.springframework.cglib.core.EmitUtils::access$900 (14 bytes)
Event: 55.258 Thread 0x0000000014c1b800 nmethod 7088 0x0000000002ba4b90 code [0x0000000002ba4d00, 0x0000000002ba4e68]
Event: 55.290 Thread 0x0000000014c1b800 7091       3       org.springframework.cglib.core.CodeEmitter::dup_x1 (10 bytes)
Event: 55.290 Thread 0x0000000014c1b800 nmethod 7091 0x0000000002b00710 code [0x0000000002b00880, 0x0000000002b00aa8]

GC Heap History (10 events):
Event: 13.885 GC heap before
{Heap before GC invocations=9 (full 1):
 PSYoungGen      total 132096K, used 66370K [0x00000000eb900000, 0x00000000f6d80000, 0x0000000100000000)
  eden space 124928K, 47% used [0x00000000eb900000,0x00000000ef2d3640,0x00000000f3300000)
  from space 7168K, 99% used [0x00000000f3300000,0x00000000f39fd580,0x00000000f3a00000)
  to   space 10752K, 0% used [0x00000000f6300000,0x00000000f6300000,0x00000000f6d80000)
 ParOldGen       total 34304K, used 13992K [0x00000000c2a00000, 0x00000000c4b80000, 0x00000000eb900000)
  object space 34304K, 40% used [0x00000000c2a00000,0x00000000c37aa1c8,0x00000000c4b80000)
 Metaspace       used 33639K, capacity 35324K, committed 35456K, reserved 1079296K
  class space    used 4347K, capacity 4659K, committed 4736K, reserved 1048576K
Event: 13.948 GC heap after
Heap after GC invocations=9 (full 1):
 PSYoungGen      total 172544K, used 10069K [0x00000000eb900000, 0x00000000f9a80000, 0x0000000100000000)
  eden space 161792K, 0% used [0x00000000eb900000,0x00000000eb900000,0x00000000f5700000)
  from space 10752K, 93% used [0x00000000f6300000,0x00000000f6cd5588,0x00000000f6d80000)
  to   space 12288K, 0% used [0x00000000f5700000,0x00000000f5700000,0x00000000f6300000)
 ParOldGen       total 34304K, used 14000K [0x00000000c2a00000, 0x00000000c4b80000, 0x00000000eb900000)
  object space 34304K, 40% used [0x00000000c2a00000,0x00000000c37ac1c8,0x00000000c4b80000)
 Metaspace       used 33639K, capacity 35324K, committed 35456K, reserved 1079296K
  class space    used 4347K, capacity 4659K, committed 4736K, reserved 1048576K
}
Event: 13.948 GC heap before
{Heap before GC invocations=10 (full 2):
 PSYoungGen      total 172544K, used 10069K [0x00000000eb900000, 0x00000000f9a80000, 0x0000000100000000)
  eden space 161792K, 0% used [0x00000000eb900000,0x00000000eb900000,0x00000000f5700000)
  from space 10752K, 93% used [0x00000000f6300000,0x00000000f6cd5588,0x00000000f6d80000)
  to   space 12288K, 0% used [0x00000000f5700000,0x00000000f5700000,0x00000000f6300000)
 ParOldGen       total 34304K, used 14000K [0x00000000c2a00000, 0x00000000c4b80000, 0x00000000eb900000)
  object space 34304K, 40% used [0x00000000c2a00000,0x00000000c37ac1c8,0x00000000c4b80000)
 Metaspace       used 33639K, capacity 35324K, committed 35456K, reserved 1079296K
  class space    used 4347K, capacity 4659K, committed 4736K, reserved 1048576K
Event: 14.181 GC heap after
Heap after GC invocations=10 (full 2):
 PSYoungGen      total 172544K, used 0K [0x00000000eb900000, 0x00000000f9a80000, 0x0000000100000000)
  eden space 161792K, 0% used [0x00000000eb900000,0x00000000eb900000,0x00000000f5700000)
  from space 10752K, 0% used [0x00000000f6300000,0x00000000f6300000,0x00000000f6d80000)
  to   space 12288K, 0% used [0x00000000f5700000,0x00000000f5700000,0x00000000f6300000)
 ParOldGen       total 51200K, used 14472K [0x00000000c2a00000, 0x00000000c5c00000, 0x00000000eb900000)
  object space 51200K, 28% used [0x00000000c2a00000,0x00000000c3822228,0x00000000c5c00000)
 Metaspace       used 33639K, capacity 35324K, committed 35456K, reserved 1079296K
  class space    used 4347K, capacity 4659K, committed 4736K, reserved 1048576K
}
Event: 23.894 GC heap before
{Heap before GC invocations=11 (full 2):
 PSYoungGen      total 172544K, used 161792K [0x00000000eb900000, 0x00000000f9a80000, 0x0000000100000000)
  eden space 161792K, 100% used [0x00000000eb900000,0x00000000f5700000,0x00000000f5700000)
  from space 10752K, 0% used [0x00000000f6300000,0x00000000f6300000,0x00000000f6d80000)
  to   space 12288K, 0% used [0x00000000f5700000,0x00000000f5700000,0x00000000f6300000)
 ParOldGen       total 51200K, used 14472K [0x00000000c2a00000, 0x00000000c5c00000, 0x00000000eb900000)
  object space 51200K, 28% used [0x00000000c2a00000,0x00000000c3822228,0x00000000c5c00000)
 Metaspace       used 50836K, capacity 52984K, committed 53248K, reserved 1095680K
  class space    used 6910K, capacity 7299K, committed 7424K, reserved 1048576K
Event: 23.991 GC heap after
Heap after GC invocations=11 (full 2):
 PSYoungGen      total 174080K, used 12269K [0x00000000eb900000, 0x00000000fab80000, 0x0000000100000000)
  eden space 161792K, 0% used [0x00000000eb900000,0x00000000eb900000,0x00000000f5700000)
  from space 12288K, 99% used [0x00000000f5700000,0x00000000f62fb638,0x00000000f6300000)
  to   space 16384K, 0% used [0x00000000f9b80000,0x00000000f9b80000,0x00000000fab80000)
 ParOldGen       total 51200K, used 21193K [0x00000000c2a00000, 0x00000000c5c00000, 0x00000000eb900000)
  object space 51200K, 41% used [0x00000000c2a00000,0x00000000c3eb27b8,0x00000000c5c00000)
 Metaspace       used 50836K, capacity 52984K, committed 53248K, reserved 1095680K
  class space    used 6910K, capacity 7299K, committed 7424K, reserved 1048576K
}
Event: 27.421 GC heap before
{Heap before GC invocations=12 (full 2):
 PSYoungGen      total 174080K, used 96725K [0x00000000eb900000, 0x00000000fab80000, 0x0000000100000000)
  eden space 161792K, 52% used [0x00000000eb900000,0x00000000f0b79ef8,0x00000000f5700000)
  from space 12288K, 99% used [0x00000000f5700000,0x00000000f62fb638,0x00000000f6300000)
  to   space 16384K, 0% used [0x00000000f9b80000,0x00000000f9b80000,0x00000000fab80000)
 ParOldGen       total 51200K, used 21193K [0x00000000c2a00000, 0x00000000c5c00000, 0x00000000eb900000)
  object space 51200K, 41% used [0x00000000c2a00000,0x00000000c3eb27b8,0x00000000c5c00000)
 Metaspace       used 56478K, capacity 59084K, committed 59096K, reserved 1099776K
  class space    used 7607K, capacity 8063K, committed 8064K, reserved 1048576K
Event: 27.527 GC heap after
Heap after GC invocations=12 (full 2):
 PSYoungGen      total 228864K, used 16383K [0x00000000eb900000, 0x00000000fb380000, 0x0000000100000000)
  eden space 212480K, 0% used [0x00000000eb900000,0x00000000eb900000,0x00000000f8880000)
  from space 16384K, 99% used [0x00000000f9b80000,0x00000000fab7fe08,0x00000000fab80000)
  to   space 19456K, 0% used [0x00000000f8880000,0x00000000f8880000,0x00000000f9b80000)
 ParOldGen       total 51200K, used 22781K [0x00000000c2a00000, 0x00000000c5c00000, 0x00000000eb900000)
  object space 51200K, 44% used [0x00000000c2a00000,0x00000000c403f458,0x00000000c5c00000)
 Metaspace       used 56478K, capacity 59084K, committed 59096K, reserved 1099776K
  class space    used 7607K, capacity 8063K, committed 8064K, reserved 1048576K
}
Event: 27.527 GC heap before
{Heap before GC invocations=13 (full 3):
 PSYoungGen      total 228864K, used 16383K [0x00000000eb900000, 0x00000000fb380000, 0x0000000100000000)
  eden space 212480K, 0% used [0x00000000eb900000,0x00000000eb900000,0x00000000f8880000)
  from space 16384K, 99% used [0x00000000f9b80000,0x00000000fab7fe08,0x00000000fab80000)
  to   space 19456K, 0% used [0x00000000f8880000,0x00000000f8880000,0x00000000f9b80000)
 ParOldGen       total 51200K, used 22781K [0x00000000c2a00000, 0x00000000c5c00000, 0x00000000eb900000)
  object space 51200K, 44% used [0x00000000c2a00000,0x00000000c403f458,0x00000000c5c00000)
 Metaspace       used 56478K, capacity 59084K, committed 59096K, reserved 1099776K
  class space    used 7607K, capacity 8063K, committed 8064K, reserved 1048576K
Event: 28.129 GC heap after
Heap after GC invocations=13 (full 3):
 PSYoungGen      total 228864K, used 0K [0x00000000eb900000, 0x00000000fb380000, 0x0000000100000000)
  eden space 212480K, 0% used [0x00000000eb900000,0x00000000eb900000,0x00000000f8880000)
  from space 16384K, 0% used [0x00000000f9b80000,0x00000000f9b80000,0x00000000fab80000)
  to   space 19456K, 0% used [0x00000000f8880000,0x00000000f8880000,0x00000000f9b80000)
 ParOldGen       total 77312K, used 29797K [0x00000000c2a00000, 0x00000000c7580000, 0x00000000eb900000)
  object space 77312K, 38% used [0x00000000c2a00000,0x00000000c47197b0,0x00000000c7580000)
 Metaspace       used 56478K, capacity 59084K, committed 59096K, reserved 1099776K
  class space    used 7607K, capacity 8063K, committed 8064K, reserved 1048576K
}

Deoptimization events (10 events):
Event: 29.044 Thread 0x0000000002814000 Uncommon trap: reason=class_check action=maybe_recompile pc=0x000000000355bd6c method=sun.reflect.generics.reflectiveObjects.TypeVariableImpl.hashCode()I @ 4
Event: 29.049 Thread 0x0000000002814000 Uncommon trap: reason=unstable_if action=reinterpret pc=0x0000000002cd59e0 method=java.util.concurrent.ConcurrentHashMap.putVal(Ljava/lang/Object;Ljava/lang/Object;Z)Ljava/lang/Object; @ 331
Event: 29.053 Thread 0x0000000002814000 Uncommon trap: reason=unstable_if action=reinterpret pc=0x0000000002ea0f40 method=java.util.concurrent.ConcurrentHashMap.get(Ljava/lang/Object;)Ljava/lang/Object; @ 86
Event: 29.615 Thread 0x0000000002814000 Uncommon trap: reason=unstable_if action=reinterpret pc=0x0000000002db9264 method=java.util.concurrent.ConcurrentHashMap.transfer([Ljava/util/concurrent/ConcurrentHashMap$Node;[Ljava/util/concurrent/ConcurrentHashMap$Node;)V @ 356
Event: 29.616 Thread 0x0000000002814000 Uncommon trap: reason=unstable_if action=reinterpret pc=0x0000000002da69a8 method=java.util.concurrent.ConcurrentHashMap.transfer([Ljava/util/concurrent/ConcurrentHashMap$Node;[Ljava/util/concurrent/ConcurrentHashMap$Node;)V @ 356
Event: 29.642 Thread 0x0000000002814000 Uncommon trap: reason=unstable_if action=reinterpret pc=0x0000000003e2633c method=org.springframework.beans.factory.support.AbstractBeanFactory.isTypeMatch(Ljava/lang/String;Lorg/springframework/core/ResolvableType;)Z @ 26
Event: 30.361 Thread 0x0000000002814000 Uncommon trap: reason=unstable_if action=reinterpret pc=0x000000000336ffd4 method=org.springframework.util.ConcurrentReferenceHashMap$Segment.clear()V @ 4
Event: 35.879 Thread 0x0000000017bc7800 Uncommon trap: reason=bimorphic action=maybe_recompile pc=0x0000000003bcc128 method=java.util.TreeMap.compare(Ljava/lang/Object;Ljava/lang/Object;)I @ 26
Event: 35.879 Thread 0x0000000017bc7800 Uncommon trap: reason=bimorphic action=maybe_recompile pc=0x0000000003bcbfe0 method=java.util.TreeMap.put(Ljava/lang/Object;Ljava/lang/Object;)Ljava/lang/Object; @ 68
Event: 35.879 Thread 0x0000000017bc7800 Uncommon trap: reason=bimorphic action=maybe_recompile pc=0x0000000003bcbfe0 method=java.util.TreeMap.put(Ljava/lang/Object;Ljava/lang/Object;)Ljava/lang/Object; @ 68

Classes redefined (0 events):
No events

Internal exceptions (10 events):
Event: 28.783 Thread 0x0000000002814000 Exception <a 'java/lang/ClassNotFoundException': org/springframework/beans/factory/BeanFactoryAwareCustomizer> (0x00000000ecac28f0) thrown at [C:\re\workspace\8-2-build-windows-amd64-cygwin\jdk8u181\11358\hotspot\src\share\vm\classfile\systemDictionary.cp
Event: 28.784 Thread 0x0000000002814000 Exception <a 'java/lang/ClassNotFoundException': org/springframework/beans/factory/AwareCustomizer> (0x00000000ecad3ff8) thrown at [C:\re\workspace\8-2-build-windows-amd64-cygwin\jdk8u181\11358\hotspot\src\share\vm\classfile\systemDictionary.cpp, line 210
Event: 28.784 Thread 0x0000000002814000 Exception <a 'java/lang/ClassNotFoundException': org/springframework/context/ResourceLoaderAwareCustomizer> (0x00000000ecae5b48) thrown at [C:\re\workspace\8-2-build-windows-amd64-cygwin\jdk8u181\11358\hotspot\src\share\vm\classfile\systemDictionary.cpp, 
Event: 28.784 Thread 0x0000000002814000 Exception <a 'java/lang/ClassNotFoundException': org/springframework/beans/factory/AwareCustomizer> (0x00000000ecaf6c20) thrown at [C:\re\workspace\8-2-build-windows-amd64-cygwin\jdk8u181\11358\hotspot\src\share\vm\classfile\systemDictionary.cpp, line 210
Event: 28.785 Thread 0x0000000002814000 Exception <a 'java/lang/ClassNotFoundException': org/springframework/context/ApplicationContextAwareCustomizer> (0x00000000ecb09920) thrown at [C:\re\workspace\8-2-build-windows-amd64-cygwin\jdk8u181\11358\hotspot\src\share\vm\classfile\systemDictionary.c
Event: 28.785 Thread 0x0000000002814000 Exception <a 'java/lang/ClassNotFoundException': org/springframework/beans/factory/AwareCustomizer> (0x00000000ecb1b000) thrown at [C:\re\workspace\8-2-build-windows-amd64-cygwin\jdk8u181\11358\hotspot\src\share\vm\classfile\systemDictionary.cpp, line 210
Event: 28.786 Thread 0x0000000002814000 Exception <a 'java/lang/ClassNotFoundException': org/springframework/web/context/ServletContextAwareCustomizer> (0x00000000ecb2dce8) thrown at [C:\re\workspace\8-2-build-windows-amd64-cygwin\jdk8u181\11358\hotspot\src\share\vm\classfile\systemDictionary.c
Event: 28.786 Thread 0x0000000002814000 Exception <a 'java/lang/ClassNotFoundException': org/springframework/beans/factory/AwareCustomizer> (0x00000000ecb3ee38) thrown at [C:\re\workspace\8-2-build-windows-amd64-cygwin\jdk8u181\11358\hotspot\src\share\vm\classfile\systemDictionary.cpp, line 210
Event: 55.538 Thread 0x00000000180f8000 Exception <a 'java/lang/NoSuchMethodError': java.lang.Object.lambda$mapIfAllPresent$6(Ljava/util/Optional;Ljava/util/function/BiFunction;Ljava/lang/Object;)Ljava/util/Optional;> (0x00000000f060e218) thrown at [C:\re\workspace\8-2-build-windows-amd64-cygwi
Event: 55.538 Thread 0x00000000180f8000 Exception <a 'java/lang/NoSuchMethodError': java.lang.Object.lambda$null$5(Ljava/util/function/BiFunction;Ljava/lang/Object;Ljava/lang/Object;)Ljava/lang/Object;> (0x00000000f0612b38) thrown at [C:\re\workspace\8-2-build-windows-amd64-cygwin\jdk8u181\1135

Events (10 events):
Event: 56.495 loading class org/hibernate/event/spi/LoadEvent$1
Event: 56.495 loading class org/hibernate/event/spi/LoadEvent$1 done
Event: 56.495 Executing VM operation: Deoptimize
Event: 56.496 Executing VM operation: Deoptimize done
Event: 56.498 loading class org/hibernate/type/descriptor/sql/IntegerTypeDescriptor$1
Event: 56.498 loading class org/hibernate/type/descriptor/sql/IntegerTypeDescriptor$1 done
Event: 56.501 loading class org/postgresql/util/ByteConverter
Event: 56.501 loading class org/postgresql/util/ByteConverter done
Event: 56.502 loading class org/hibernate/loader/plan/exec/internal/AbstractLoadPlanBasedLoader$SqlStatementWrapper
Event: 56.502 loading class org/hibernate/loader/plan/exec/internal/AbstractLoadPlanBasedLoader$SqlStatementWrapper done


Dynamic libraries:
0x00007ff6989d0000 - 0x00007ff698a07000 	C:\Program Files\Java\jre1.8.0_181\bin\javaw.exe
0x00007ff9b1460000 - 0x00007ff9b1641000 	C:\WINDOWS\SYSTEM32\ntdll.dll
0x00007ff9b0f40000 - 0x00007ff9b0ff1000 	C:\WINDOWS\System32\KERNEL32.DLL
0x00007ff9ae300000 - 0x00007ff9ae573000 	C:\WINDOWS\System32\KERNELBASE.dll
0x00007ff9aefa0000 - 0x00007ff9af041000 	C:\WINDOWS\System32\ADVAPI32.dll
0x00007ff9b0b20000 - 0x00007ff9b0bbe000 	C:\WINDOWS\System32\msvcrt.dll
0x00007ff9aed70000 - 0x00007ff9aedcb000 	C:\WINDOWS\System32\sechost.dll
0x00007ff9b0bc0000 - 0x00007ff9b0ce4000 	C:\WINDOWS\System32\RPCRT4.dll
0x00007ff9b1080000 - 0x00007ff9b1210000 	C:\WINDOWS\System32\USER32.dll
0x00007ff9ad890000 - 0x00007ff9ad8b0000 	C:\WINDOWS\System32\win32u.dll
0x00007ff9aed40000 - 0x00007ff9aed68000 	C:\WINDOWS\System32\GDI32.dll
0x00007ff9ae6b0000 - 0x00007ff9ae841000 	C:\WINDOWS\System32\gdi32full.dll
0x00007ff9ae850000 - 0x00007ff9ae8ef000 	C:\WINDOWS\System32\msvcp_win.dll
0x00007ff9ae200000 - 0x00007ff9ae2f8000 	C:\WINDOWS\System32\ucrtbase.dll
0x00007ff997210000 - 0x00007ff997479000 	C:\WINDOWS\WinSxS\amd64_microsoft.windows.common-controls_6595b64144ccf1df_6.0.17134.950_none_fb3da4273069d3e0\COMCTL32.dll
0x00007ff9af050000 - 0x00007ff9af372000 	C:\WINDOWS\System32\combase.dll
0x00007ff9ae580000 - 0x00007ff9ae5f9000 	C:\WINDOWS\System32\bcryptPrimitives.dll
0x00007ff9aef70000 - 0x00007ff9aef9d000 	C:\WINDOWS\System32\IMM32.DLL
0x000000005c360000 - 0x000000005c432000 	C:\Program Files\Java\jre1.8.0_181\bin\msvcr100.dll
0x000000005ba40000 - 0x000000005c2e2000 	C:\Program Files\Java\jre1.8.0_181\bin\server\jvm.dll
0x00007ff9b1000000 - 0x00007ff9b1008000 	C:\WINDOWS\System32\PSAPI.DLL
0x00007ff993d00000 - 0x00007ff993d09000 	C:\WINDOWS\SYSTEM32\WSOCK32.dll
0x00007ff9b0ed0000 - 0x00007ff9b0f3c000 	C:\WINDOWS\System32\WS2_32.dll
0x00007ff9ab870000 - 0x00007ff9ab893000 	C:\WINDOWS\SYSTEM32\WINMM.dll
0x00007ff9ab810000 - 0x00007ff9ab83a000 	C:\WINDOWS\SYSTEM32\WINMMBASE.dll
0x00007ff9ae1b0000 - 0x00007ff9ae1f9000 	C:\WINDOWS\System32\cfgmgr32.dll
0x00007ff9a4610000 - 0x00007ff9a461a000 	C:\WINDOWS\SYSTEM32\VERSION.dll
0x000000005b950000 - 0x000000005b95f000 	C:\Program Files\Java\jre1.8.0_181\bin\verify.dll
0x000000005b920000 - 0x000000005b949000 	C:\Program Files\Java\jre1.8.0_181\bin\java.dll
0x000000005b900000 - 0x000000005b916000 	C:\Program Files\Java\jre1.8.0_181\bin\zip.dll
0x00007ff9af490000 - 0x00007ff9b08d0000 	C:\WINDOWS\System32\SHELL32.dll
0x00007ff9b0e20000 - 0x00007ff9b0ec9000 	C:\WINDOWS\System32\shcore.dll
0x00007ff9ad8b0000 - 0x00007ff9adfbd000 	C:\WINDOWS\System32\windows.storage.dll
0x00007ff9af380000 - 0x00007ff9af3d1000 	C:\WINDOWS\System32\shlwapi.dll
0x00007ff9ad7f0000 - 0x00007ff9ad801000 	C:\WINDOWS\System32\kernel.appcore.dll
0x00007ff9ad7c0000 - 0x00007ff9ad7df000 	C:\WINDOWS\System32\profapi.dll
0x00007ff9ad770000 - 0x00007ff9ad7bc000 	C:\WINDOWS\System32\powrprof.dll
0x00007ff9ad7e0000 - 0x00007ff9ad7ea000 	C:\WINDOWS\System32\FLTLIB.DLL
0x000000005b8e0000 - 0x000000005b8fa000 	C:\Program Files\Java\jre1.8.0_181\bin\net.dll
0x00007ff9acf90000 - 0x00007ff9acff6000 	C:\WINDOWS\system32\mswsock.dll
0x00007ff9acd20000 - 0x00007ff9acdde000 	C:\WINDOWS\SYSTEM32\DNSAPI.dll
0x00007ff9af480000 - 0x00007ff9af488000 	C:\WINDOWS\System32\NSI.dll
0x00007ff9acce0000 - 0x00007ff9acd18000 	C:\WINDOWS\SYSTEM32\IPHLPAPI.DLL
0x00007ff9984e0000 - 0x00007ff9984ea000 	C:\Windows\System32\rasadhlp.dll
0x00007ff9988a0000 - 0x00007ff998912000 	C:\WINDOWS\System32\fwpuclnt.dll
0x00007ff9ad270000 - 0x00007ff9ad295000 	C:\WINDOWS\SYSTEM32\bcrypt.dll
0x000000005ae80000 - 0x000000005ae8d000 	C:\Program Files\Java\jre1.8.0_181\bin\management.dll
0x000000005b8c0000 - 0x000000005b8d1000 	C:\Program Files\Java\jre1.8.0_181\bin\nio.dll
0x00007ff9ad150000 - 0x00007ff9ad167000 	C:\WINDOWS\SYSTEM32\CRYPTSP.dll
0x00007ff9acb40000 - 0x00007ff9acb73000 	C:\WINDOWS\system32\rsaenh.dll
0x00007ff9ad670000 - 0x00007ff9ad698000 	C:\WINDOWS\SYSTEM32\USERENV.dll
0x00007ff9ad140000 - 0x00007ff9ad14b000 	C:\WINDOWS\SYSTEM32\CRYPTBASE.dll
0x00007ff9a1b20000 - 0x00007ff9a1b36000 	C:\WINDOWS\SYSTEM32\dhcpcsvc6.DLL
0x00007ff9a2000000 - 0x00007ff9a201a000 	C:\WINDOWS\SYSTEM32\dhcpcsvc.DLL
0x00007ff999d90000 - 0x00007ff999da6000 	C:\WINDOWS\system32\napinsp.dll
0x00007ff999d70000 - 0x00007ff999d8a000 	C:\WINDOWS\system32\pnrpnsp.dll
0x00007ff9a9760000 - 0x00007ff9a9779000 	C:\WINDOWS\system32\NLAapi.dll
0x00007ff9a4440000 - 0x00007ff9a444e000 	C:\WINDOWS\System32\winrnr.dll
0x00007ff9a2ad0000 - 0x00007ff9a2ae5000 	C:\WINDOWS\System32\wshbth.dll

VM Arguments:
jvm_args: -Dfile.encoding=UTF-8 
java_command: io.awasi.dsmanager.DsmanagerApplication
java_class_path (initial): G:\updated\dsmanager\target\classes;C:\Users\pc\.m2\repository\org\springframework\boot\spring-boot-starter-data-jpa\2.1.7.RELEASE\spring-boot-starter-data-jpa-2.1.7.RELEASE.jar;C:\Users\pc\.m2\repository\org\springframework\boot\spring-boot-starter-aop\2.1.7.RELEASE\spring-boot-starter-aop-2.1.7.RELEASE.jar;C:\Users\pc\.m2\repository\org\springframework\spring-aop\5.1.9.RELEASE\spring-aop-5.1.9.RELEASE.jar;C:\Users\pc\.m2\repository\org\aspectj\aspectjweaver\1.9.4\aspectjweaver-1.9.4.jar;C:\Users\pc\.m2\repository\org\springframework\boot\spring-boot-starter-jdbc\2.1.7.RELEASE\spring-boot-starter-jdbc-2.1.7.RELEASE.jar;C:\Users\pc\.m2\repository\com\zaxxer\HikariCP\3.2.0\HikariCP-3.2.0.jar;C:\Users\pc\.m2\repository\org\springframework\spring-jdbc\5.1.9.RELEASE\spring-jdbc-5.1.9.RELEASE.jar;C:\Users\pc\.m2\repository\javax\transaction\javax.transaction-api\1.3\javax.transaction-api-1.3.jar;C:\Users\pc\.m2\repository\javax\xml\bind\jaxb-api\2.3.1\jaxb-api-2.3.1.jar;C:\Users\pc\.m2\repository\javax\activation\javax.activation-api\1.2.0\javax.activation-api-1.2.0.jar;C:\Users\pc\.m2\repository\org\hibernate\hibernate-core\5.3.10.Final\hibernate-core-5.3.10.Final.jar;C:\Users\pc\.m2\repository\org\jboss\logging\jboss-logging\3.3.2.Final\jboss-logging-3.3.2.Final.jar;C:\Users\pc\.m2\repository\javax\persistence\javax.persistence-api\2.2\javax.persistence-api-2.2.jar;C:\Users\pc\.m2\repository\org\javassist\javassist\3.23.2-GA\javassist-3.23.2-GA.jar;C:\Users\pc\.m2\repository\net\bytebuddy\byte-buddy\1.9.16\byte-buddy-1.9.16.jar;C:\Users\pc\.m2\repository\antlr\antlr\2.7.7\antlr-2.7.7.jar;C:\Users\pc\.m2\repository\org\jboss\jandex\2.0.5.Final\jandex-2.0.5.Final.jar;C:\Users\pc\.m2\repository\com\fasterxml\classmate\1.4.0\classmate-1.4.0.jar;C:\Users\pc\.m2\repository\org\dom4j\dom4j\2.1.1\dom4j-2.1.1.jar;C:\Users\pc\.m2\repository\org\hibernate\common\hibernate-commons-annotations\5.0.4.Final\hibernate-commons-annotations-5.0.4.Final.jar;C:
Launcher Type: SUN_STANDARD

Environment Variables:
PATH=C:/Program Files/Java/jre1.8.0_181/bin/server;C:/Program Files/Java/jre1.8.0_181/bin;C:/Program Files/Java/jre1.8.0_181/lib/amd64;E:\oracleinstalled\bin;C:\Program Files (x86)\Common Files\Oracle\Java\javapath;C:\Program Files\Java\jdk8\bin;C:\Program Files\Java\jre8\bin;C:\WINDOWS\system32;C:\WINDOWS;C:\WINDOWS\System32\Wbem;C:\WINDOWS\System32\WindowsPowerShell\v1.0\;C:\WINDOWS\System32\OpenSSH\;C:\sqlite3;C:\Python30;C:\Program Files\nodejs\;C:\Ruby24-x64\bin;C:\Users\pc\AppData\Local\Microsoft\WindowsApps;C:\Program Files\JetBrains\PyCharm Community Edition 2018.3.1\bin;;"C:\Program Files\Java\jdk1.8.0_181\bin;C:\Program Files\Java\jdk1.8.0_181\bin";C:\Users\pc\AppData\Roaming\npm;C:\Users\pc\AppData\Local\Programs\Microsoft VS Code\bin;G:\updated\sts-4.3.1.RELEASE;
USERNAME=Godsees
OS=Windows_NT
PROCESSOR_IDENTIFIER=Intel64 Family 6 Model 122 Stepping 1, GenuineIntel



---------------  S Y S T E M  ---------------

OS: Windows 10.0 , 64 bit Build 17134 (10.0.17134.753)

CPU:total 2 (initial active 2) (2 cores per cpu, 1 threads per core) family 6 model 122 stepping 1, cmov, cx8, fxsr, mmx, sse, sse2, sse3, ssse3, sse4.1, sse4.2, popcnt, aes, clmul, erms, 3dnowpref, tsc, tscinvbit

Memory: 4k page, physical 4021836k(310352k free), swap 6917792k(9236k free)

vm_info: Java HotSpot(TM) 64-Bit Server VM (25.181-b13) for windows-amd64 JRE (1.8.0_181-b13), built on Jul  7 2018 04:01:33 by "java_re" with MS VC++ 10.0 (VS2010)

time: Mon Sep 16 12:06:27 2019
elapsed time: 56 seconds (0d 0h 0m 56s)

