#
# There is insufficient memory for the Java Runtime Environment to continue.
# Native memory allocation (malloc) failed to allocate 714576 bytes for Chunk::new
# Possible reasons:
#   The system is out of physical RAM or swap space
#   In 32 bit mode, the process size limit was hit
# Possible solutions:
#   Reduce memory load on the system
#   Increase physical memory or swap space
#   Check if swap backing store is full
#   Use 64 bit Java on a 64 bit OS
#   Decrease Java heap size (-Xmx/-Xms)
#   Decrease number of Java threads
#   Decrease Java thread stack sizes (-Xss)
#   Set larger code cache with -XX:ReservedCodeCacheSize=
# This output file may be truncated or incomplete.
#
#  Out of Memory Error (allocation.cpp:390), pid=11144, tid=0x0000000000002028
#
# JRE version: Java(TM) SE Runtime Environment (8.0_181-b13) (build 1.8.0_181-b13)
# Java VM: Java HotSpot(TM) 64-Bit Server VM (25.181-b13 mixed mode windows-amd64 compressed oops)
# Failed to write core dump. Minidumps are not enabled by default on client versions of Windows
#

---------------  T H R E A D  ---------------

Current thread (0x0000000014d81000):  JavaThread "C2 CompilerThread0" daemon [_thread_in_native, id=8232, stack(0x0000000015da0000,0x0000000015ea0000)]

Stack: [0x0000000015da0000,0x0000000015ea0000]
[error occurred during error reporting (printing stack bounds), id 0xc0000005]

Native frames: (J=compiled Java code, j=interpreted, Vv=VM code, C=native code)


Current CompileTask:
C2:  23172 7164       4       java.lang.invoke.MethodType::makeImpl (66 bytes)


---------------  P R O C E S S  ---------------

Java Threads: ( => current thread )
  0x0000000017bf3000 JavaThread "DestroyJavaVM" [_thread_blocked, id=1464, stack(0x0000000002800000,0x0000000002900000)]
  0x0000000017bf2800 JavaThread "http-nio-8080-Acceptor" daemon [_thread_in_native, id=1288, stack(0x000000001ff00000,0x0000000020000000)]
  0x0000000017bf1800 JavaThread "http-nio-8080-ClientPoller" daemon [_thread_in_native, id=4316, stack(0x000000001fe00000,0x000000001ff00000)]
  0x0000000017bf1000 JavaThread "http-nio-8080-exec-10" daemon [_thread_blocked, id=3160, stack(0x000000001fd00000,0x000000001fe00000)]
  0x0000000017bf0000 JavaThread "http-nio-8080-exec-9" daemon [_thread_blocked, id=2464, stack(0x000000001fc00000,0x000000001fd00000)]
  0x0000000017bef800 JavaThread "http-nio-8080-exec-8" daemon [_thread_blocked, id=9724, stack(0x000000001fb00000,0x000000001fc00000)]
  0x0000000017916800 JavaThread "http-nio-8080-exec-7" daemon [_thread_blocked, id=8600, stack(0x000000001fa00000,0x000000001fb00000)]
  0x0000000017912000 JavaThread "http-nio-8080-exec-6" daemon [_thread_blocked, id=10604, stack(0x000000001f900000,0x000000001fa00000)]
  0x0000000017911000 JavaThread "http-nio-8080-exec-5" daemon [_thread_blocked, id=8712, stack(0x000000001f800000,0x000000001f900000)]
  0x0000000017914000 JavaThread "http-nio-8080-exec-4" daemon [_thread_blocked, id=4496, stack(0x000000001f700000,0x000000001f800000)]
  0x000000001790f800 JavaThread "http-nio-8080-exec-3" daemon [_thread_blocked, id=5760, stack(0x000000001f600000,0x000000001f700000)]
  0x0000000017915800 JavaThread "http-nio-8080-exec-2" daemon [_thread_blocked, id=5200, stack(0x000000001f500000,0x000000001f600000)]
  0x0000000017910800 JavaThread "http-nio-8080-exec-1" daemon [_thread_in_vm, id=8268, stack(0x000000001f400000,0x000000001f500000)]
  0x0000000017912800 JavaThread "http-nio-8080-BlockPoller" daemon [_thread_in_native, id=4404, stack(0x000000001e080000,0x000000001e180000)]
  0x0000000017824800 JavaThread "HikariPool-1 housekeeper" daemon [_thread_blocked, id=11064, stack(0x000000001ca30000,0x000000001cb30000)]
  0x000000001a96f800 JavaThread "PostgreSQL-JDBC-SharedTimer-1" daemon [_thread_blocked, id=3380, stack(0x000000001c930000,0x000000001ca30000)]
  0x0000000017dae800 JavaThread "JMX server connection timeout 18" daemon [_thread_blocked, id=11972, stack(0x000000001c830000,0x000000001c930000)]
  0x000000001ab2a800 JavaThread "RMI Scheduler(0)" daemon [_thread_blocked, id=2864, stack(0x000000001c730000,0x000000001c830000)]
  0x0000000019707800 JavaThread "RMI TCP Connection(1)-192.168.100.77" daemon [_thread_in_native, id=6572, stack(0x000000001c630000,0x000000001c730000)]
  0x0000000017cba800 JavaThread "container-0" [_thread_blocked, id=7616, stack(0x000000001c1d0000,0x000000001c2d0000)]
  0x0000000016909800 JavaThread "Catalina-utility-2" [_thread_blocked, id=4788, stack(0x000000001c0d0000,0x000000001c1d0000)]
  0x00000000193bd800 JavaThread "Catalina-utility-1" [_thread_blocked, id=11092, stack(0x000000001bfd0000,0x000000001c0d0000)]
  0x0000000017b08800 JavaThread "RMI TCP Accept-0" daemon [_thread_in_native, id=9728, stack(0x000000001a3c0000,0x000000001a4c0000)]
  0x0000000014df4000 JavaThread "Service Thread" daemon [_thread_blocked, id=12140, stack(0x0000000015fa0000,0x00000000160a0000)]
  0x0000000014dd4000 JavaThread "C1 CompilerThread1" daemon [_thread_blocked, id=8484, stack(0x0000000015ea0000,0x0000000015fa0000)]
=>0x0000000014d81000 JavaThread "C2 CompilerThread0" daemon [_thread_in_native, id=8232, stack(0x0000000015da0000,0x0000000015ea0000)]
  0x0000000014d7f800 JavaThread "Attach Listener" daemon [_thread_blocked, id=3980, stack(0x0000000015ca0000,0x0000000015da0000)]
  0x0000000014d7c000 JavaThread "Signal Dispatcher" daemon [_thread_blocked, id=9576, stack(0x0000000015ba0000,0x0000000015ca0000)]
  0x0000000014d68800 JavaThread "Finalizer" daemon [_thread_blocked, id=7436, stack(0x00000000159b0000,0x0000000015ab0000)]
  0x0000000002a72800 JavaThread "Reference Handler" daemon [_thread_blocked, id=12228, stack(0x00000000158b0000,0x00000000159b0000)]

Other Threads:
  0x0000000014d45800 VMThread [stack: 0x00000000157b0000,0x00000000158b0000] [id=10892]
  0x0000000014dff800 WatcherThread [stack: 0x00000000160a0000,0x00000000161a0000] [id=11300]

VM state:not at safepoint (normal execution)

VM Mutex/Monitor currently owned by a thread: None

Heap:
 PSYoungGen      total 291840K, used 94417K [0x00000000eb900000, 0x00000000fee00000, 0x0000000100000000)
  eden space 273920K, 34% used [0x00000000eb900000,0x00000000f15345f0,0x00000000fc480000)
  from space 17920K, 0% used [0x00000000fd880000,0x00000000fd880000,0x00000000fea00000)
  to   space 20480K, 0% used [0x00000000fc480000,0x00000000fc480000,0x00000000fd880000)
 ParOldGen       total 46080K, used 28877K [0x00000000c2a00000, 0x00000000c5700000, 0x00000000eb900000)
  object space 46080K, 62% used [0x00000000c2a00000,0x00000000c4633418,0x00000000c5700000)
 Metaspace       used 61642K, capacity 64720K, committed 64896K, reserved 1105920K
  class space    used 8322K, capacity 8819K, committed 8832K, reserved 1048576K

Card table byte_map: [0x0000000011e40000,0x0000000012030000] byte_map_base: 0x000000001182b000

Marking Bits: (ParMarkBitMap*) 0x000000005c262d00
 Begin Bits: [0x0000000012380000, 0x00000000132d8000)
 End Bits:   [0x00000000132d8000, 0x0000000014230000)

Polling page: 0x0000000000ad0000

CodeCache: size=245760Kb used=19070Kb max_used=20830Kb free=226689Kb
 bounds [0x0000000002a80000, 0x0000000003f00000, 0x0000000011a80000]
 total_blobs=6871 nmethods=6344 adapters=439
 compilation: enabled

Compilation events (10 events):
Event: 23.073 Thread 0x0000000014dd4000 7253       3       com.fasterxml.jackson.databind.introspect.JacksonAnnotationIntrospector::findImplicitPropertyName (19 bytes)
Event: 23.073 Thread 0x0000000014dd4000 nmethod 7253 0x0000000003881690 code [0x0000000003881800, 0x0000000003881a28]
Event: 23.073 Thread 0x0000000014dd4000 7254       3       com.fasterxml.jackson.databind.introspect.AnnotationIntrospectorPair::findInjectableValue (26 bytes)
Event: 23.074 Thread 0x0000000014dd4000 nmethod 7254 0x0000000002c8b4d0 code [0x0000000002c8b640, 0x0000000002c8b978]
Event: 23.074 Thread 0x0000000014dd4000 7255       3       com.fasterxml.jackson.databind.AnnotationIntrospector::findInjectableValue (17 bytes)
Event: 23.074 Thread 0x0000000014dd4000 nmethod 7255 0x0000000003b7ba10 code [0x0000000003b7bb80, 0x0000000003b7be18]
Event: 23.074 Thread 0x0000000014dd4000 7256       3       com.fasterxml.jackson.databind.introspect.JacksonAnnotationIntrospector::findInjectableValue (94 bytes)
Event: 23.075 Thread 0x0000000014dd4000 nmethod 7256 0x0000000002ce4890 code [0x0000000002ce4b80, 0x0000000002ce6768]
Event: 23.076 Thread 0x0000000014dd4000 7257       3       com.fasterxml.jackson.databind.introspect.POJOPropertiesCollector::_property (50 bytes)
Event: 23.077 Thread 0x0000000014dd4000 nmethod 7257 0x0000000003a10c50 code [0x0000000003a10e40, 0x0000000003a11858]

GC Heap History (10 events):
Event: 9.353 GC heap before
{Heap before GC invocations=9 (full 1):
 PSYoungGen      total 132096K, used 45023K [0x00000000eb900000, 0x00000000f9200000, 0x0000000100000000)
  eden space 124928K, 30% used [0x00000000eb900000,0x00000000eddff9c8,0x00000000f3300000)
  from space 7168K, 99% used [0x00000000f3300000,0x00000000f39f8590,0x00000000f3a00000)
  to   space 11776K, 0% used [0x00000000f8680000,0x00000000f8680000,0x00000000f9200000)
 ParOldGen       total 34304K, used 17385K [0x00000000c2a00000, 0x00000000c4b80000, 0x00000000eb900000)
  object space 34304K, 50% used [0x00000000c2a00000,0x00000000c3afa408,0x00000000c4b80000)
 Metaspace       used 33619K, capacity 35310K, committed 35456K, reserved 1079296K
  class space    used 4339K, capacity 4616K, committed 4736K, reserved 1048576K
Event: 9.375 GC heap after
Heap after GC invocations=9 (full 1):
 PSYoungGen      total 209920K, used 8210K [0x00000000eb900000, 0x00000000fa580000, 0x0000000100000000)
  eden space 198144K, 0% used [0x00000000eb900000,0x00000000eb900000,0x00000000f7a80000)
  from space 11776K, 69% used [0x00000000f8680000,0x00000000f8e848f0,0x00000000f9200000)
  to   space 12288K, 0% used [0x00000000f7a80000,0x00000000f7a80000,0x00000000f8680000)
 ParOldGen       total 34304K, used 17393K [0x00000000c2a00000, 0x00000000c4b80000, 0x00000000eb900000)
  object space 34304K, 50% used [0x00000000c2a00000,0x00000000c3afc408,0x00000000c4b80000)
 Metaspace       used 33619K, capacity 35310K, committed 35456K, reserved 1079296K
  class space    used 4339K, capacity 4616K, committed 4736K, reserved 1048576K
}
Event: 9.376 GC heap before
{Heap before GC invocations=10 (full 2):
 PSYoungGen      total 209920K, used 8210K [0x00000000eb900000, 0x00000000fa580000, 0x0000000100000000)
  eden space 198144K, 0% used [0x00000000eb900000,0x00000000eb900000,0x00000000f7a80000)
  from space 11776K, 69% used [0x00000000f8680000,0x00000000f8e848f0,0x00000000f9200000)
  to   space 12288K, 0% used [0x00000000f7a80000,0x00000000f7a80000,0x00000000f8680000)
 ParOldGen       total 34304K, used 17393K [0x00000000c2a00000, 0x00000000c4b80000, 0x00000000eb900000)
  object space 34304K, 50% used [0x00000000c2a00000,0x00000000c3afc408,0x00000000c4b80000)
 Metaspace       used 33619K, capacity 35310K, committed 35456K, reserved 1079296K
  class space    used 4339K, capacity 4616K, committed 4736K, reserved 1048576K
Event: 9.530 GC heap after
Heap after GC invocations=10 (full 2):
 PSYoungGen      total 209920K, used 0K [0x00000000eb900000, 0x00000000fa580000, 0x0000000100000000)
  eden space 198144K, 0% used [0x00000000eb900000,0x00000000eb900000,0x00000000f7a80000)
  from space 11776K, 0% used [0x00000000f8680000,0x00000000f8680000,0x00000000f9200000)
  to   space 12288K, 0% used [0x00000000f7a80000,0x00000000f7a80000,0x00000000f8680000)
 ParOldGen       total 46080K, used 13241K [0x00000000c2a00000, 0x00000000c5700000, 0x00000000eb900000)
  object space 46080K, 28% used [0x00000000c2a00000,0x00000000c36ee708,0x00000000c5700000)
 Metaspace       used 33619K, capacity 35310K, committed 35456K, reserved 1079296K
  class space    used 4339K, capacity 4616K, committed 4736K, reserved 1048576K
}
Event: 15.927 GC heap before
{Heap before GC invocations=11 (full 2):
 PSYoungGen      total 209920K, used 198144K [0x00000000eb900000, 0x00000000fa580000, 0x0000000100000000)
  eden space 198144K, 100% used [0x00000000eb900000,0x00000000f7a80000,0x00000000f7a80000)
  from space 11776K, 0% used [0x00000000f8680000,0x00000000f8680000,0x00000000f9200000)
  to   space 12288K, 0% used [0x00000000f7a80000,0x00000000f7a80000,0x00000000f8680000)
 ParOldGen       total 46080K, used 13241K [0x00000000c2a00000, 0x00000000c5700000, 0x00000000eb900000)
  object space 46080K, 28% used [0x00000000c2a00000,0x00000000c36ee708,0x00000000c5700000)
 Metaspace       used 51969K, capacity 54090K, committed 54400K, reserved 1095680K
  class space    used 7049K, capacity 7428K, committed 7552K, reserved 1048576K
Event: 15.976 GC heap after
Heap after GC invocations=11 (full 2):
 PSYoungGen      total 210432K, used 12281K [0x00000000eb900000, 0x00000000fea00000, 0x0000000100000000)
  eden space 198144K, 0% used [0x00000000eb900000,0x00000000eb900000,0x00000000f7a80000)
  from space 12288K, 99% used [0x00000000f7a80000,0x00000000f867e4c0,0x00000000f8680000)
  to   space 17920K, 0% used [0x00000000fd880000,0x00000000fd880000,0x00000000fea00000)
 ParOldGen       total 46080K, used 22981K [0x00000000c2a00000, 0x00000000c5700000, 0x00000000eb900000)
  object space 46080K, 49% used [0x00000000c2a00000,0x00000000c4071570,0x00000000c5700000)
 Metaspace       used 51969K, capacity 54090K, committed 54400K, reserved 1095680K
  class space    used 7049K, capacity 7428K, committed 7552K, reserved 1048576K
}
Event: 17.814 GC heap before
{Heap before GC invocations=12 (full 2):
 PSYoungGen      total 210432K, used 63581K [0x00000000eb900000, 0x00000000fea00000, 0x0000000100000000)
  eden space 198144K, 25% used [0x00000000eb900000,0x00000000eeb18f68,0x00000000f7a80000)
  from space 12288K, 99% used [0x00000000f7a80000,0x00000000f867e4c0,0x00000000f8680000)
  to   space 17920K, 0% used [0x00000000fd880000,0x00000000fd880000,0x00000000fea00000)
 ParOldGen       total 46080K, used 22981K [0x00000000c2a00000, 0x00000000c5700000, 0x00000000eb900000)
  object space 46080K, 49% used [0x00000000c2a00000,0x00000000c4071570,0x00000000c5700000)
 Metaspace       used 56425K, capacity 59062K, committed 59096K, reserved 1099776K
  class space    used 7586K, capacity 8030K, committed 8064K, reserved 1048576K
Event: 17.886 GC heap after
Heap after GC invocations=12 (full 2):
 PSYoungGen      total 291840K, used 16919K [0x00000000eb900000, 0x00000000fee00000, 0x0000000100000000)
  eden space 273920K, 0% used [0x00000000eb900000,0x00000000eb900000,0x00000000fc480000)
  from space 17920K, 94% used [0x00000000fd880000,0x00000000fe905fd8,0x00000000fea00000)
  to   space 20480K, 0% used [0x00000000fc480000,0x00000000fc480000,0x00000000fd880000)
 ParOldGen       total 46080K, used 22989K [0x00000000c2a00000, 0x00000000c5700000, 0x00000000eb900000)
  object space 46080K, 49% used [0x00000000c2a00000,0x00000000c4073570,0x00000000c5700000)
 Metaspace       used 56425K, capacity 59062K, committed 59096K, reserved 1099776K
  class space    used 7586K, capacity 8030K, committed 8064K, reserved 1048576K
}
Event: 17.886 GC heap before
{Heap before GC invocations=13 (full 3):
 PSYoungGen      total 291840K, used 16919K [0x00000000eb900000, 0x00000000fee00000, 0x0000000100000000)
  eden space 273920K, 0% used [0x00000000eb900000,0x00000000eb900000,0x00000000fc480000)
  from space 17920K, 94% used [0x00000000fd880000,0x00000000fe905fd8,0x00000000fea00000)
  to   space 20480K, 0% used [0x00000000fc480000,0x00000000fc480000,0x00000000fd880000)
 ParOldGen       total 46080K, used 22989K [0x00000000c2a00000, 0x00000000c5700000, 0x00000000eb900000)
  object space 46080K, 49% used [0x00000000c2a00000,0x00000000c4073570,0x00000000c5700000)
 Metaspace       used 56425K, capacity 59062K, committed 59096K, reserved 1099776K
  class space    used 7586K, capacity 8030K, committed 8064K, reserved 1048576K
Event: 18.193 GC heap after
Heap after GC invocations=13 (full 3):
 PSYoungGen      total 291840K, used 0K [0x00000000eb900000, 0x00000000fee00000, 0x0000000100000000)
  eden space 273920K, 0% used [0x00000000eb900000,0x00000000eb900000,0x00000000fc480000)
  from space 17920K, 0% used [0x00000000fd880000,0x00000000fd880000,0x00000000fea00000)
  to   space 20480K, 0% used [0x00000000fc480000,0x00000000fc480000,0x00000000fd880000)
 ParOldGen       total 46080K, used 28877K [0x00000000c2a00000, 0x00000000c5700000, 0x00000000eb900000)
  object space 46080K, 62% used [0x00000000c2a00000,0x00000000c4633418,0x00000000c5700000)
 Metaspace       used 56425K, capacity 59062K, committed 59096K, reserved 1099776K
  class space    used 7586K, capacity 8030K, committed 8064K, reserved 1048576K
}

Deoptimization events (10 events):
Event: 19.237 Thread 0x0000000002984000 Uncommon trap: reason=class_check action=maybe_recompile pc=0x0000000003e668e0 method=org.springframework.util.ReflectionUtils.doWithMethods(Ljava/lang/Class;Lorg/springframework/util/ReflectionUtils$MethodCallback;Lorg/springframework/util/ReflectionUtil
Event: 19.237 Thread 0x0000000002984000 Uncommon trap: reason=class_check action=maybe_recompile pc=0x0000000003e668e0 method=org.springframework.util.ReflectionUtils.doWithMethods(Ljava/lang/Class;Lorg/springframework/util/ReflectionUtils$MethodCallback;Lorg/springframework/util/ReflectionUtil
Event: 19.240 Thread 0x0000000002984000 Uncommon trap: reason=class_check action=maybe_recompile pc=0x0000000003e668e0 method=org.springframework.util.ReflectionUtils.doWithMethods(Ljava/lang/Class;Lorg/springframework/util/ReflectionUtils$MethodCallback;Lorg/springframework/util/ReflectionUtil
Event: 19.246 Thread 0x0000000002984000 Uncommon trap: reason=class_check action=maybe_recompile pc=0x0000000003e668e0 method=org.springframework.util.ReflectionUtils.doWithMethods(Ljava/lang/Class;Lorg/springframework/util/ReflectionUtils$MethodCallback;Lorg/springframework/util/ReflectionUtil
Event: 19.282 Thread 0x0000000002984000 Uncommon trap: reason=unstable_if action=reinterpret pc=0x0000000003189774 method=java.io.WinNTFileSystem.isLetter(C)Z @ 3
Event: 19.299 Thread 0x0000000002984000 Uncommon trap: reason=unstable_if action=reinterpret pc=0x0000000002e4b850 method=java.util.concurrent.ConcurrentHashMap.transfer([Ljava/util/concurrent/ConcurrentHashMap$Node;[Ljava/util/concurrent/ConcurrentHashMap$Node;)V @ 356
Event: 19.300 Thread 0x0000000002984000 Uncommon trap: reason=unstable_if action=reinterpret pc=0x0000000002e46f38 method=java.util.concurrent.ConcurrentHashMap.transfer([Ljava/util/concurrent/ConcurrentHashMap$Node;[Ljava/util/concurrent/ConcurrentHashMap$Node;)V @ 356
Event: 19.313 Thread 0x0000000002984000 Uncommon trap: reason=unstable_if action=reinterpret pc=0x0000000003de8e28 method=org.springframework.beans.factory.support.AbstractBeanFactory.isTypeMatch(Ljava/lang/String;Lorg/springframework/core/ResolvableType;)Z @ 26
Event: 19.607 Thread 0x0000000002984000 Uncommon trap: reason=unstable_if action=reinterpret pc=0x0000000003d67954 method=org.springframework.util.ConcurrentReferenceHashMap$Segment.clear()V @ 4
Event: 22.896 Thread 0x0000000017910800 Uncommon trap: reason=unstable_if action=reinterpret pc=0x00000000036f8dd4 method=java.nio.Buffer.<init>(IIII)V @ 66

Classes redefined (0 events):
No events

Internal exceptions (10 events):
Event: 20.781 Thread 0x0000000019707800 Exception <a 'java/lang/ClassNotFoundException': org/springframework/context/support/LiveBeansView> (0x00000000f04ca6d8) thrown at [C:\re\workspace\8-2-build-windows-amd64-cygwin\jdk8u181\11358\hotspot\src\share\vm\classfile\systemDictionary.cpp, line 210
Event: 20.781 Thread 0x0000000019707800 Exception <a 'java/lang/ClassNotFoundException': org/springframework/boot/actuate/endpoint/jmx/EndpointMBean> (0x00000000f04dce60) thrown at [C:\re\workspace\8-2-build-windows-amd64-cygwin\jdk8u181\11358\hotspot\src\share\vm\classfile\systemDictionary.cpp
Event: 20.782 Thread 0x0000000019707800 Exception <a 'java/lang/ClassNotFoundException': org/springframework/boot/actuate/endpoint/jmx/DataEndpointMBean> (0x00000000f04dd3c0) thrown at [C:\re\workspace\8-2-build-windows-amd64-cygwin\jdk8u181\11358\hotspot\src\share\vm\classfile\systemDictionary
Event: 20.782 Thread 0x0000000019707800 Exception <a 'java/lang/ClassNotFoundException': org/springframework/context/support/LiveBeansView> (0x00000000f04dd908) thrown at [C:\re\workspace\8-2-build-windows-amd64-cygwin\jdk8u181\11358\hotspot\src\share\vm\classfile\systemDictionary.cpp, line 210
Event: 20.783 Thread 0x0000000019707800 Exception <a 'java/lang/ClassNotFoundException': org/springframework/boot/actuate/endpoint/jmx/EndpointMBean> (0x00000000f054aed8) thrown at [C:\re\workspace\8-2-build-windows-amd64-cygwin\jdk8u181\11358\hotspot\src\share\vm\classfile\systemDictionary.cpp
Event: 20.783 Thread 0x0000000019707800 Exception <a 'java/lang/ClassNotFoundException': org/springframework/boot/actuate/endpoint/jmx/DataEndpointMBean> (0x00000000f054b438) thrown at [C:\re\workspace\8-2-build-windows-amd64-cygwin\jdk8u181\11358\hotspot\src\share\vm\classfile\systemDictionary
Event: 20.783 Thread 0x0000000019707800 Exception <a 'java/lang/ClassNotFoundException': org/springframework/context/support/LiveBeansView> (0x00000000f054b980) thrown at [C:\re\workspace\8-2-build-windows-amd64-cygwin\jdk8u181\11358\hotspot\src\share\vm\classfile\systemDictionary.cpp, line 210
Event: 20.783 Thread 0x0000000019707800 Exception <a 'java/lang/ClassNotFoundException': org/springframework/boot/actuate/endpoint/jmx/EndpointMBean> (0x00000000f054bcb0) thrown at [C:\re\workspace\8-2-build-windows-amd64-cygwin\jdk8u181\11358\hotspot\src\share\vm\classfile\systemDictionary.cpp
Event: 20.783 Thread 0x0000000019707800 Exception <a 'java/lang/ClassNotFoundException': org/springframework/boot/actuate/endpoint/jmx/DataEndpointMBean> (0x00000000f054c1d0) thrown at [C:\re\workspace\8-2-build-windows-amd64-cygwin\jdk8u181\11358\hotspot\src\share\vm\classfile\systemDictionary
Event: 20.783 Thread 0x0000000019707800 Exception <a 'java/lang/ClassNotFoundException': org/springframework/context/support/LiveBeansView> (0x00000000f054c6d8) thrown at [C:\re\workspace\8-2-build-windows-amd64-cygwin\jdk8u181\11358\hotspot\src\share\vm\classfile\systemDictionary.cpp, line 210

Events (10 events):
Event: 23.060 Thread 0x0000000014dd4000 flushing nmethod 0x0000000003e12a90
Event: 23.060 Thread 0x0000000014dd4000 flushing nmethod 0x0000000003e61990
Event: 23.064 Executing VM operation: RevokeBias
Event: 23.064 Executing VM operation: RevokeBias done
Event: 23.064 Executing VM operation: RevokeBias
Event: 23.064 Executing VM operation: RevokeBias done
Event: 23.069 Executing VM operation: RevokeBias
Event: 23.069 Executing VM operation: RevokeBias done
Event: 23.069 Executing VM operation: BulkRevokeBias
Event: 23.069 Executing VM operation: BulkRevokeBias done


Dynamic libraries:
0x00007ff6989d0000 - 0x00007ff698a07000 	C:\Program Files\Java\jre1.8.0_181\bin\javaw.exe
0x00007ff9b1460000 - 0x00007ff9b1641000 	C:\WINDOWS\SYSTEM32\ntdll.dll
0x00007ff9b0f40000 - 0x00007ff9b0ff1000 	C:\WINDOWS\System32\KERNEL32.DLL
0x00007ff9ae300000 - 0x00007ff9ae573000 	C:\WINDOWS\System32\KERNELBASE.dll
0x00007ff9aefa0000 - 0x00007ff9af041000 	C:\WINDOWS\System32\ADVAPI32.dll
0x00007ff9b0b20000 - 0x00007ff9b0bbe000 	C:\WINDOWS\System32\msvcrt.dll
0x00007ff9aed70000 - 0x00007ff9aedcb000 	C:\WINDOWS\System32\sechost.dll
0x00007ff9b0bc0000 - 0x00007ff9b0ce4000 	C:\WINDOWS\System32\RPCRT4.dll
0x00007ff9b1080000 - 0x00007ff9b1210000 	C:\WINDOWS\System32\USER32.dll
0x00007ff9ad890000 - 0x00007ff9ad8b0000 	C:\WINDOWS\System32\win32u.dll
0x00007ff9aed40000 - 0x00007ff9aed68000 	C:\WINDOWS\System32\GDI32.dll
0x00007ff9ae6b0000 - 0x00007ff9ae841000 	C:\WINDOWS\System32\gdi32full.dll
0x00007ff9ae850000 - 0x00007ff9ae8ef000 	C:\WINDOWS\System32\msvcp_win.dll
0x00007ff9ae200000 - 0x00007ff9ae2f8000 	C:\WINDOWS\System32\ucrtbase.dll
0x00007ff997210000 - 0x00007ff997479000 	C:\WINDOWS\WinSxS\amd64_microsoft.windows.common-controls_6595b64144ccf1df_6.0.17134.950_none_fb3da4273069d3e0\COMCTL32.dll
0x00007ff9af050000 - 0x00007ff9af372000 	C:\WINDOWS\System32\combase.dll
0x00007ff9ae580000 - 0x00007ff9ae5f9000 	C:\WINDOWS\System32\bcryptPrimitives.dll
0x00007ff9aef70000 - 0x00007ff9aef9d000 	C:\WINDOWS\System32\IMM32.DLL
0x000000005c360000 - 0x000000005c432000 	C:\Program Files\Java\jre1.8.0_181\bin\msvcr100.dll
0x000000005ba40000 - 0x000000005c2e2000 	C:\Program Files\Java\jre1.8.0_181\bin\server\jvm.dll
0x00007ff9b1000000 - 0x00007ff9b1008000 	C:\WINDOWS\System32\PSAPI.DLL
0x00007ff993d00000 - 0x00007ff993d09000 	C:\WINDOWS\SYSTEM32\WSOCK32.dll
0x00007ff9ab870000 - 0x00007ff9ab893000 	C:\WINDOWS\SYSTEM32\WINMM.dll
0x00007ff9b0ed0000 - 0x00007ff9b0f3c000 	C:\WINDOWS\System32\WS2_32.dll
0x00007ff9a4610000 - 0x00007ff9a461a000 	C:\WINDOWS\SYSTEM32\VERSION.dll
0x00007ff9ab810000 - 0x00007ff9ab83a000 	C:\WINDOWS\SYSTEM32\WINMMBASE.dll
0x00007ff9ae1b0000 - 0x00007ff9ae1f9000 	C:\WINDOWS\System32\cfgmgr32.dll
0x000000005b950000 - 0x000000005b95f000 	C:\Program Files\Java\jre1.8.0_181\bin\verify.dll
0x000000005b920000 - 0x000000005b949000 	C:\Program Files\Java\jre1.8.0_181\bin\java.dll
0x000000005b900000 - 0x000000005b916000 	C:\Program Files\Java\jre1.8.0_181\bin\zip.dll
0x00007ff9af490000 - 0x00007ff9b08d0000 	C:\WINDOWS\System32\SHELL32.dll
0x00007ff9b0e20000 - 0x00007ff9b0ec9000 	C:\WINDOWS\System32\shcore.dll
0x00007ff9ad8b0000 - 0x00007ff9adfbd000 	C:\WINDOWS\System32\windows.storage.dll
0x00007ff9af380000 - 0x00007ff9af3d1000 	C:\WINDOWS\System32\shlwapi.dll
0x00007ff9ad7f0000 - 0x00007ff9ad801000 	C:\WINDOWS\System32\kernel.appcore.dll
0x00007ff9ad7c0000 - 0x00007ff9ad7df000 	C:\WINDOWS\System32\profapi.dll
0x00007ff9ad770000 - 0x00007ff9ad7bc000 	C:\WINDOWS\System32\powrprof.dll
0x00007ff9ad7e0000 - 0x00007ff9ad7ea000 	C:\WINDOWS\System32\FLTLIB.DLL
0x000000005ae80000 - 0x000000005ae8d000 	C:\Program Files\Java\jre1.8.0_181\bin\management.dll
0x000000005b8e0000 - 0x000000005b8fa000 	C:\Program Files\Java\jre1.8.0_181\bin\net.dll
0x00007ff9acf90000 - 0x00007ff9acff6000 	C:\WINDOWS\system32\mswsock.dll
0x00007ff999d90000 - 0x00007ff999da6000 	C:\WINDOWS\system32\napinsp.dll
0x00007ff999d70000 - 0x00007ff999d8a000 	C:\WINDOWS\system32\pnrpnsp.dll
0x00007ff9a9760000 - 0x00007ff9a9779000 	C:\WINDOWS\system32\NLAapi.dll
0x00007ff9acd20000 - 0x00007ff9acdde000 	C:\WINDOWS\SYSTEM32\DNSAPI.dll
0x00007ff9af480000 - 0x00007ff9af488000 	C:\WINDOWS\System32\NSI.dll
0x00007ff9acce0000 - 0x00007ff9acd18000 	C:\WINDOWS\SYSTEM32\IPHLPAPI.DLL
0x00007ff9a4440000 - 0x00007ff9a444e000 	C:\WINDOWS\System32\winrnr.dll
0x00007ff9a2ad0000 - 0x00007ff9a2ae5000 	C:\WINDOWS\System32\wshbth.dll
0x00007ff9984e0000 - 0x00007ff9984ea000 	C:\Windows\System32\rasadhlp.dll
0x00007ff9988a0000 - 0x00007ff998912000 	C:\WINDOWS\System32\fwpuclnt.dll
0x00007ff9ad270000 - 0x00007ff9ad295000 	C:\WINDOWS\SYSTEM32\bcrypt.dll
0x000000005b8c0000 - 0x000000005b8d1000 	C:\Program Files\Java\jre1.8.0_181\bin\nio.dll
0x00007ff9ad150000 - 0x00007ff9ad167000 	C:\WINDOWS\SYSTEM32\CRYPTSP.dll
0x00007ff9acb40000 - 0x00007ff9acb73000 	C:\WINDOWS\system32\rsaenh.dll
0x00007ff9ad670000 - 0x00007ff9ad698000 	C:\WINDOWS\SYSTEM32\USERENV.dll
0x00007ff9ad140000 - 0x00007ff9ad14b000 	C:\WINDOWS\SYSTEM32\CRYPTBASE.dll
0x00007ff9a1b20000 - 0x00007ff9a1b36000 	C:\WINDOWS\SYSTEM32\dhcpcsvc6.DLL
0x00007ff9a2000000 - 0x00007ff9a201a000 	C:\WINDOWS\SYSTEM32\dhcpcsvc.DLL

VM Arguments:
jvm_args: -Dfile.encoding=UTF-8 
java_command: io.awasi.dsmanager.DsmanagerApplication
java_class_path (initial): G:\updated\dsmanager\target\classes;C:\Users\pc\.m2\repository\org\springframework\boot\spring-boot-starter-data-jpa\2.1.7.RELEASE\spring-boot-starter-data-jpa-2.1.7.RELEASE.jar;C:\Users\pc\.m2\repository\org\springframework\boot\spring-boot-starter-aop\2.1.7.RELEASE\spring-boot-starter-aop-2.1.7.RELEASE.jar;C:\Users\pc\.m2\repository\org\springframework\spring-aop\5.1.9.RELEASE\spring-aop-5.1.9.RELEASE.jar;C:\Users\pc\.m2\repository\org\aspectj\aspectjweaver\1.9.4\aspectjweaver-1.9.4.jar;C:\Users\pc\.m2\repository\org\springframework\boot\spring-boot-starter-jdbc\2.1.7.RELEASE\spring-boot-starter-jdbc-2.1.7.RELEASE.jar;C:\Users\pc\.m2\repository\com\zaxxer\HikariCP\3.2.0\HikariCP-3.2.0.jar;C:\Users\pc\.m2\repository\org\springframework\spring-jdbc\5.1.9.RELEASE\spring-jdbc-5.1.9.RELEASE.jar;C:\Users\pc\.m2\repository\javax\transaction\javax.transaction-api\1.3\javax.transaction-api-1.3.jar;C:\Users\pc\.m2\repository\javax\xml\bind\jaxb-api\2.3.1\jaxb-api-2.3.1.jar;C:\Users\pc\.m2\repository\javax\activation\javax.activation-api\1.2.0\javax.activation-api-1.2.0.jar;C:\Users\pc\.m2\repository\org\hibernate\hibernate-core\5.3.10.Final\hibernate-core-5.3.10.Final.jar;C:\Users\pc\.m2\repository\org\jboss\logging\jboss-logging\3.3.2.Final\jboss-logging-3.3.2.Final.jar;C:\Users\pc\.m2\repository\javax\persistence\javax.persistence-api\2.2\javax.persistence-api-2.2.jar;C:\Users\pc\.m2\repository\org\javassist\javassist\3.23.2-GA\javassist-3.23.2-GA.jar;C:\Users\pc\.m2\repository\net\bytebuddy\byte-buddy\1.9.16\byte-buddy-1.9.16.jar;C:\Users\pc\.m2\repository\antlr\antlr\2.7.7\antlr-2.7.7.jar;C:\Users\pc\.m2\repository\org\jboss\jandex\2.0.5.Final\jandex-2.0.5.Final.jar;C:\Users\pc\.m2\repository\com\fasterxml\classmate\1.4.0\classmate-1.4.0.jar;C:\Users\pc\.m2\repository\org\dom4j\dom4j\2.1.1\dom4j-2.1.1.jar;C:\Users\pc\.m2\repository\org\hibernate\common\hibernate-commons-annotations\5.0.4.Final\hibernate-commons-annotations-5.0.4.Final.jar;C:
Launcher Type: SUN_STANDARD

Environment Variables:
PATH=C:/Program Files/Java/jre1.8.0_181/bin/server;C:/Program Files/Java/jre1.8.0_181/bin;C:/Program Files/Java/jre1.8.0_181/lib/amd64;E:\oracleinstalled\bin;C:\Program Files (x86)\Common Files\Oracle\Java\javapath;C:\Program Files\Java\jdk8\bin;C:\Program Files\Java\jre8\bin;C:\WINDOWS\system32;C:\WINDOWS;C:\WINDOWS\System32\Wbem;C:\WINDOWS\System32\WindowsPowerShell\v1.0\;C:\WINDOWS\System32\OpenSSH\;C:\sqlite3;C:\Python30;C:\Program Files\nodejs\;C:\Ruby24-x64\bin;C:\Users\pc\AppData\Local\Microsoft\WindowsApps;C:\Program Files\JetBrains\PyCharm Community Edition 2018.3.1\bin;;"C:\Program Files\Java\jdk1.8.0_181\bin;C:\Program Files\Java\jdk1.8.0_181\bin";C:\Users\pc\AppData\Roaming\npm;C:\Users\pc\AppData\Local\Programs\Microsoft VS Code\bin;G:\updated\sts-4.3.1.RELEASE;
USERNAME=Godsees
OS=Windows_NT
PROCESSOR_IDENTIFIER=Intel64 Family 6 Model 122 Stepping 1, GenuineIntel



---------------  S Y S T E M  ---------------

OS: Windows 10.0 , 64 bit Build 17134 (10.0.17134.753)

CPU:total 2 (initial active 2) (2 cores per cpu, 1 threads per core) family 6 model 122 stepping 1, cmov, cx8, fxsr, mmx, sse, sse2, sse3, ssse3, sse4.1, sse4.2, popcnt, aes, clmul, erms, 3dnowpref, tsc, tscinvbit

Memory: 4k page, physical 4021836k(733420k free), swap 6902448k(4388k free)

vm_info: Java HotSpot(TM) 64-Bit Server VM (25.181-b13) for windows-amd64 JRE (1.8.0_181-b13), built on Jul  7 2018 04:01:33 by "java_re" with MS VC++ 10.0 (VS2010)

time: Mon Sep 16 11:49:56 2019
elapsed time: 23 seconds (0d 0h 0m 23s)

