#
# There is insufficient memory for the Java Runtime Environment to continue.
# Native memory allocation (malloc) failed to allocate 32744 bytes for ChunkPool::allocate
# Possible reasons:
#   The system is out of physical RAM or swap space
#   In 32 bit mode, the process size limit was hit
# Possible solutions:
#   Reduce memory load on the system
#   Increase physical memory or swap space
#   Check if swap backing store is full
#   Use 64 bit Java on a 64 bit OS
#   Decrease Java heap size (-Xmx/-Xms)
#   Decrease number of Java threads
#   Decrease Java thread stack sizes (-Xss)
#   Set larger code cache with -XX:ReservedCodeCacheSize=
# This output file may be truncated or incomplete.
#
#  Out of Memory Error (allocation.cpp:273), pid=11984, tid=0x0000000000002dd4
#
# JRE version: Java(TM) SE Runtime Environment (8.0_181-b13) (build 1.8.0_181-b13)
# Java VM: Java HotSpot(TM) 64-Bit Server VM (25.181-b13 mixed mode windows-amd64 compressed oops)
# Failed to write core dump. Minidumps are not enabled by default on client versions of Windows
#

---------------  T H R E A D  ---------------

Current thread (0x0000000002f55000):  JavaThread "main" [_thread_in_vm, id=11732, stack(0x0000000002e50000,0x0000000002f50000)]

Stack: [0x0000000002e50000,0x0000000002f50000]
[error occurred during error reporting (printing stack bounds), id 0xc0000005]

Native frames: (J=compiled Java code, j=interpreted, Vv=VM code, C=native code)

Java frames: (J=compiled Java code, j=interpreted, Vv=VM code)
J 873  java.lang.ClassLoader.defineClass1(Ljava/lang/String;[BIILjava/security/ProtectionDomain;Ljava/lang/String;)Ljava/lang/Class; (0 bytes) @ 0x00000000032ae69f [0x00000000032ae600+0x9f]
J 761 C1 java.lang.ClassLoader.defineClass(Ljava/lang/String;[BIILjava/security/ProtectionDomain;)Ljava/lang/Class; (43 bytes) @ 0x0000000003282a1c [0x0000000003282920+0xfc]
J 875 C1 java.net.URLClassLoader.defineClass(Ljava/lang/String;Lsun/misc/Resource;)Ljava/lang/Class; (142 bytes) @ 0x00000000032b100c [0x00000000032b0640+0x9cc]
J 663 C1 java.net.URLClassLoader$1.run()Ljava/lang/Class; (63 bytes) @ 0x0000000003258d74 [0x0000000003258cc0+0xb4]
J 662 C1 java.net.URLClassLoader$1.run()Ljava/lang/Object; (5 bytes) @ 0x0000000003258994 [0x0000000003258960+0x34]
v  ~StubRoutines::call_stub
J 528  java.security.AccessController.doPrivileged(Ljava/security/PrivilegedExceptionAction;Ljava/security/AccessControlContext;)Ljava/lang/Object; (0 bytes) @ 0x00000000032160a6 [0x0000000003216040+0x66]
J 604 C1 java.net.URLClassLoader.findClass(Ljava/lang/String;)Ljava/lang/Class; (47 bytes) @ 0x000000000323f834 [0x000000000323f780+0xb4]
J 501 C1 java.lang.ClassLoader.loadClass(Ljava/lang/String;Z)Ljava/lang/Class; (122 bytes) @ 0x000000000320b3a4 [0x000000000320b0a0+0x304]
J 576 C1 sun.misc.Launcher$AppClassLoader.loadClass(Ljava/lang/String;Z)Ljava/lang/Class; (85 bytes) @ 0x000000000322ab84 [0x000000000322a8a0+0x2e4]
J 571 C1 java.lang.ClassLoader.loadClass(Ljava/lang/String;)Ljava/lang/Class; (7 bytes) @ 0x0000000003229be4 [0x0000000003229ba0+0x44]
v  ~StubRoutines::call_stub
J 2113  java.lang.Class.getDeclaredMethods0(Z)[Ljava/lang/reflect/Method; (0 bytes) @ 0x0000000003500f3b [0x0000000003500f00+0x3b]
J 724 C1 java.lang.Class.privateGetDeclaredMethods(Z)[Ljava/lang/reflect/Method; (67 bytes) @ 0x00000000032720c4 [0x0000000003271fc0+0x104]
J 1419 C1 java.lang.Class.privateGetMethodRecursive(Ljava/lang/String;[Ljava/lang/Class;ZLjava/lang/Class$MethodArray;)Ljava/lang/reflect/Method; (130 bytes) @ 0x0000000003370f7c [0x0000000003370f20+0x5c]
J 1421 C1 java.lang.Class.getMethod0(Ljava/lang/String;[Ljava/lang/Class;Z)Ljava/lang/reflect/Method; (40 bytes) @ 0x0000000003371b94 [0x0000000003371ae0+0xb4]
J 1912 C1 java.lang.Class.getMethod(Ljava/lang/String;[Ljava/lang/Class;)Ljava/lang/reflect/Method; (64 bytes) @ 0x000000000349ac7c [0x000000000349ac00+0x7c]
j  org.springframework.orm.jpa.vendor.HibernateJpaDialect.<clinit>()V+8
v  ~StubRoutines::call_stub
j  org.springframework.orm.jpa.vendor.HibernateJpaVendorAdapter.<init>()V+5
j  org.springframework.boot.autoconfigure.orm.jpa.HibernateJpaConfiguration.createJpaVendorAdapter()Lorg/springframework/orm/jpa/vendor/AbstractJpaVendorAdapter;+4
j  org.springframework.boot.autoconfigure.orm.jpa.JpaBaseConfiguration.jpaVendorAdapter()Lorg/springframework/orm/jpa/JpaVendorAdapter;+1
j  org.springframework.boot.autoconfigure.orm.jpa.HibernateJpaConfiguration$$EnhancerBySpringCGLIB$$30df305e.CGLIB$jpaVendorAdapter$5()Lorg/springframework/orm/jpa/JpaVendorAdapter;+1
j  org.springframework.boot.autoconfigure.orm.jpa.HibernateJpaConfiguration$$EnhancerBySpringCGLIB$$30df305e$$FastClassBySpringCGLIB$$cbc007bb.invoke(ILjava/lang/Object;[Ljava/lang/Object;)Ljava/lang/Object;+248
j  org.springframework.cglib.proxy.MethodProxy.invokeSuper(Ljava/lang/Object;[Ljava/lang/Object;)Ljava/lang/Object;+19
j  org.springframework.context.annotation.ConfigurationClassEnhancer$BeanMethodInterceptor.intercept(Ljava/lang/Object;Ljava/lang/reflect/Method;[Ljava/lang/Object;Lorg/springframework/cglib/proxy/MethodProxy;)Ljava/lang/Object;+207
j  org.springframework.boot.autoconfigure.orm.jpa.HibernateJpaConfiguration$$EnhancerBySpringCGLIB$$30df305e.jpaVendorAdapter()Lorg/springframework/orm/jpa/JpaVendorAdapter;+31
v  ~StubRoutines::call_stub
J 1630  sun.reflect.NativeMethodAccessorImpl.invoke0(Ljava/lang/reflect/Method;Ljava/lang/Object;[Ljava/lang/Object;)Ljava/lang/Object; (0 bytes) @ 0x00000000033f33ff [0x00000000033f3380+0x7f]
J 1629 C1 sun.reflect.NativeMethodAccessorImpl.invoke(Ljava/lang/Object;[Ljava/lang/Object;)Ljava/lang/Object; (104 bytes) @ 0x00000000033f3b1c [0x00000000033f37a0+0x37c]
J 1572 C1 sun.reflect.DelegatingMethodAccessorImpl.invoke(Ljava/lang/Object;[Ljava/lang/Object;)Ljava/lang/Object; (10 bytes) @ 0x00000000033d92e4 [0x00000000033d92a0+0x44]
J 1571 C1 java.lang.reflect.Method.invoke(Ljava/lang/Object;[Ljava/lang/Object;)Ljava/lang/Object; (62 bytes) @ 0x00000000033d8f14 [0x00000000033d8e20+0xf4]
j  org.springframework.beans.factory.support.SimpleInstantiationStrategy.instantiate(Lorg/springframework/beans/factory/support/RootBeanDefinition;Ljava/lang/String;Lorg/springframework/beans/factory/BeanFactory;Ljava/lang/Object;Ljava/lang/reflect/Method;[Ljava/lang/Object;)Ljava/lang/Object;+50
j  org.springframework.beans.factory.support.ConstructorResolver.instantiate(Ljava/lang/String;Lorg/springframework/beans/factory/support/RootBeanDefinition;Ljava/lang/Object;Ljava/lang/reflect/Method;[Ljava/lang/Object;)Ljava/lang/Object;+48
j  org.springframework.beans.factory.support.ConstructorResolver.instantiateUsingFactoryMethod(Ljava/lang/String;Lorg/springframework/beans/factory/support/RootBeanDefinition;[Ljava/lang/Object;)Lorg/springframework/beans/BeanWrapper;+439
j  org.springframework.beans.factory.support.AbstractAutowireCapableBeanFactory.instantiateUsingFactoryMethod(Ljava/lang/String;Lorg/springframework/beans/factory/support/RootBeanDefinition;[Ljava/lang/Object;)Lorg/springframework/beans/BeanWrapper;+11
j  org.springframework.beans.factory.support.AbstractAutowireCapableBeanFactory.createBeanInstance(Ljava/lang/String;Lorg/springframework/beans/factory/support/RootBeanDefinition;[Ljava/lang/Object;)Lorg/springframework/beans/BeanWrapper;+101
j  org.springframework.beans.factory.support.AbstractAutowireCapableBeanFactory.doCreateBean(Ljava/lang/String;Lorg/springframework/beans/factory/support/RootBeanDefinition;[Ljava/lang/Object;)Ljava/lang/Object;+34
j  org.springframework.beans.factory.support.AbstractAutowireCapableBeanFactory.createBean(Ljava/lang/String;Lorg/springframework/beans/factory/support/RootBeanDefinition;[Ljava/lang/Object;)Ljava/lang/Object;+169
j  org.springframework.beans.factory.support.AbstractBeanFactory.lambda$doGetBean$0(Ljava/lang/String;Lorg/springframework/beans/factory/support/RootBeanDefinition;[Ljava/lang/Object;)Ljava/lang/Object;+4
j  org.springframework.beans.factory.support.AbstractBeanFactory$$Lambda$102.getObject()Ljava/lang/Object;+16
j  org.springframework.beans.factory.support.DefaultSingletonBeanRegistry.getSingleton(Ljava/lang/String;Lorg/springframework/beans/factory/ObjectFactory;)Ljava/lang/Object;+132
J 2241 C1 org.springframework.beans.factory.support.AbstractBeanFactory.doGetBean(Ljava/lang/String;Ljava/lang/Class;[Ljava/lang/Object;Z)Ljava/lang/Object; (833 bytes) @ 0x000000000353410c [0x0000000003533b40+0x5cc]
j  org.springframework.beans.factory.support.AbstractBeanFactory.getBean(Ljava/lang/String;)Ljava/lang/Object;+5
j  org.springframework.beans.factory.config.DependencyDescriptor.resolveCandidate(Ljava/lang/String;Ljava/lang/Class;Lorg/springframework/beans/factory/BeanFactory;)Ljava/lang/Object;+2
j  org.springframework.beans.factory.support.DefaultListableBeanFactory.doResolveDependency(Lorg/springframework/beans/factory/config/DependencyDescriptor;Ljava/lang/String;Ljava/util/Set;Lorg/springframework/beans/TypeConverter;)Ljava/lang/Object;+440
j  org.springframework.beans.factory.support.DefaultListableBeanFactory.resolveDependency(Lorg/springframework/beans/factory/config/DependencyDescriptor;Ljava/lang/String;Ljava/util/Set;Lorg/springframework/beans/TypeConverter;)Ljava/lang/Object;+108
j  org.springframework.beans.factory.support.ConstructorResolver.resolveAutowiredArgument(Lorg/springframework/core/MethodParameter;Ljava/lang/String;Ljava/util/Set;Lorg/springframework/beans/TypeConverter;Z)Ljava/lang/Object;+79
j  org.springframework.beans.factory.support.ConstructorResolver.createArgumentArray(Ljava/lang/String;Lorg/springframework/beans/factory/support/RootBeanDefinition;Lorg/springframework/beans/factory/config/ConstructorArgumentValues;Lorg/springframework/beans/BeanWrapper;[Ljava/lang/Class;[Ljava/lang/String;Ljava/lang/reflect/Executable;ZZ)Lorg/springframework/beans/factory/support/ConstructorResolver$ArgumentsHolder;+434
j  org.springframework.beans.factory.support.ConstructorResolver.instantiateUsingFactoryMethod(Ljava/lang/String;Lorg/springframework/beans/factory/support/RootBeanDefinition;[Ljava/lang/Object;)Lorg/springframework/beans/BeanWrapper;+674
j  org.springframework.beans.factory.support.AbstractAutowireCapableBeanFactory.instantiateUsingFactoryMethod(Ljava/lang/String;Lorg/springframework/beans/factory/support/RootBeanDefinition;[Ljava/lang/Object;)Lorg/springframework/beans/BeanWrapper;+11
j  org.springframework.beans.factory.support.AbstractAutowireCapableBeanFactory.createBeanInstance(Ljava/lang/String;Lorg/springframework/beans/factory/support/RootBeanDefinition;[Ljava/lang/Object;)Lorg/springframework/beans/BeanWrapper;+101
j  org.springframework.beans.factory.support.AbstractAutowireCapableBeanFactory.doCreateBean(Ljava/lang/String;Lorg/springframework/beans/factory/support/RootBeanDefinition;[Ljava/lang/Object;)Ljava/lang/Object;+34
j  org.springframework.beans.factory.support.AbstractAutowireCapableBeanFactory.createBean(Ljava/lang/String;Lorg/springframework/beans/factory/support/RootBeanDefinition;[Ljava/lang/Object;)Ljava/lang/Object;+169
j  org.springframework.beans.factory.support.AbstractBeanFactory.lambda$doGetBean$0(Ljava/lang/String;Lorg/springframework/beans/factory/support/RootBeanDefinition;[Ljava/lang/Object;)Ljava/lang/Object;+4
j  org.springframework.beans.factory.support.AbstractBeanFactory$$Lambda$102.getObject()Ljava/lang/Object;+16
j  org.springframework.beans.factory.support.DefaultSingletonBeanRegistry.getSingleton(Ljava/lang/String;Lorg/springframework/beans/factory/ObjectFactory;)Ljava/lang/Object;+132
J 2241 C1 org.springframework.beans.factory.support.AbstractBeanFactory.doGetBean(Ljava/lang/String;Ljava/lang/Class;[Ljava/lang/Object;Z)Ljava/lang/Object; (833 bytes) @ 0x000000000353410c [0x0000000003533b40+0x5cc]
j  org.springframework.beans.factory.support.AbstractBeanFactory.getBean(Ljava/lang/String;)Ljava/lang/Object;+5
j  org.springframework.beans.factory.config.DependencyDescriptor.resolveCandidate(Ljava/lang/String;Ljava/lang/Class;Lorg/springframework/beans/factory/BeanFactory;)Ljava/lang/Object;+2
j  org.springframework.beans.factory.support.DefaultListableBeanFactory.doResolveDependency(Lorg/springframework/beans/factory/config/DependencyDescriptor;Ljava/lang/String;Ljava/util/Set;Lorg/springframework/beans/TypeConverter;)Ljava/lang/Object;+440
j  org.springframework.beans.factory.support.DefaultListableBeanFactory.resolveDependency(Lorg/springframework/beans/factory/config/DependencyDescriptor;Ljava/lang/String;Ljava/util/Set;Lorg/springframework/beans/TypeConverter;)Ljava/lang/Object;+108
j  org.springframework.beans.factory.support.ConstructorResolver.resolveAutowiredArgument(Lorg/springframework/core/MethodParameter;Ljava/lang/String;Ljava/util/Set;Lorg/springframework/beans/TypeConverter;Z)Ljava/lang/Object;+79
j  org.springframework.beans.factory.support.ConstructorResolver.createArgumentArray(Ljava/lang/String;Lorg/springframework/beans/factory/support/RootBeanDefinition;Lorg/springframework/beans/factory/config/ConstructorArgumentValues;Lorg/springframework/beans/BeanWrapper;[Ljava/lang/Class;[Ljava/lang/String;Ljava/lang/reflect/Executable;ZZ)Lorg/springframework/beans/factory/support/ConstructorResolver$ArgumentsHolder;+434
j  org.springframework.beans.factory.support.ConstructorResolver.instantiateUsingFactoryMethod(Ljava/lang/String;Lorg/springframework/beans/factory/support/RootBeanDefinition;[Ljava/lang/Object;)Lorg/springframework/beans/BeanWrapper;+674
j  org.springframework.beans.factory.support.AbstractAutowireCapableBeanFactory.instantiateUsingFactoryMethod(Ljava/lang/String;Lorg/springframework/beans/factory/support/RootBeanDefinition;[Ljava/lang/Object;)Lorg/springframework/beans/BeanWrapper;+11
j  org.springframework.beans.factory.support.AbstractAutowireCapableBeanFactory.createBeanInstance(Ljava/lang/String;Lorg/springframework/beans/factory/support/RootBeanDefinition;[Ljava/lang/Object;)Lorg/springframework/beans/BeanWrapper;+101
j  org.springframework.beans.factory.support.AbstractAutowireCapableBeanFactory.doCreateBean(Ljava/lang/String;Lorg/springframework/beans/factory/support/RootBeanDefinition;[Ljava/lang/Object;)Ljava/lang/Object;+34
j  org.springframework.beans.factory.support.AbstractAutowireCapableBeanFactory.createBean(Ljava/lang/String;Lorg/springframework/beans/factory/support/RootBeanDefinition;[Ljava/lang/Object;)Ljava/lang/Object;+169
j  org.springframework.beans.factory.support.AbstractBeanFactory.lambda$doGetBean$0(Ljava/lang/String;Lorg/springframework/beans/factory/support/RootBeanDefinition;[Ljava/lang/Object;)Ljava/lang/Object;+4
j  org.springframework.beans.factory.support.AbstractBeanFactory$$Lambda$102.getObject()Ljava/lang/Object;+16
j  org.springframework.beans.factory.support.DefaultSingletonBeanRegistry.getSingleton(Ljava/lang/String;Lorg/springframework/beans/factory/ObjectFactory;)Ljava/lang/Object;+132
J 2241 C1 org.springframework.beans.factory.support.AbstractBeanFactory.doGetBean(Ljava/lang/String;Ljava/lang/Class;[Ljava/lang/Object;Z)Ljava/lang/Object; (833 bytes) @ 0x000000000353410c [0x0000000003533b40+0x5cc]
j  org.springframework.beans.factory.support.AbstractBeanFactory.getBean(Ljava/lang/String;)Ljava/lang/Object;+5
j  org.springframework.context.support.AbstractApplicationContext.getBean(Ljava/lang/String;)Ljava/lang/Object;+9
j  org.springframework.context.support.AbstractApplicationContext.finishBeanFactoryInitialization(Lorg/springframework/beans/factory/config/ConfigurableListableBeanFactory;)V+100
j  org.springframework.context.support.AbstractApplicationContext.refresh()V+54
j  org.springframework.boot.web.servlet.context.ServletWebServerApplicationContext.refresh()V+1
j  org.springframework.boot.SpringApplication.refresh(Lorg/springframework/context/ApplicationContext;)V+10
j  org.springframework.boot.SpringApplication.refreshContext(Lorg/springframework/context/ConfigurableApplicationContext;)V+2
j  org.springframework.boot.SpringApplication.run([Ljava/lang/String;)Lorg/springframework/context/ConfigurableApplicationContext;+118
j  org.springframework.boot.SpringApplication.run([Ljava/lang/Class;[Ljava/lang/String;)Lorg/springframework/context/ConfigurableApplicationContext;+9
j  org.springframework.boot.SpringApplication.run(Ljava/lang/Class;[Ljava/lang/String;)Lorg/springframework/context/ConfigurableApplicationContext;+9
j  io.awasi.dsmanager.DsmanagerApplication.main([Ljava/lang/String;)V+3
v  ~StubRoutines::call_stub

---------------  P R O C E S S  ---------------

Java Threads: ( => current thread )
  0x0000000019417000 JavaThread "container-0" [_thread_blocked, id=11096, stack(0x000000001aef0000,0x000000001aff0000)]
  0x000000001938d000 JavaThread "Catalina-utility-2" [_thread_blocked, id=8840, stack(0x000000001adf0000,0x000000001aef0000)]
  0x0000000017185800 JavaThread "Catalina-utility-1" [_thread_blocked, id=13036, stack(0x000000001acf0000,0x000000001adf0000)]
  0x000000001903b000 JavaThread "JMX server connection timeout 20" daemon [_thread_blocked, id=12908, stack(0x000000001a1f0000,0x000000001a2f0000)]
  0x0000000019036800 JavaThread "RMI TCP Connection(3)-127.0.0.1" daemon [_thread_in_native, id=3196, stack(0x000000001a0f0000,0x000000001a1f0000)]
  0x000000001714b000 JavaThread "JMX server connection timeout 16" daemon [_thread_blocked, id=6296, stack(0x0000000018120000,0x0000000018220000)]
  0x000000001713a800 JavaThread "RMI TCP Connection(2)-127.0.0.1" daemon [_thread_in_native, id=8032, stack(0x0000000018020000,0x0000000018120000)]
  0x0000000017114800 JavaThread "RMI Scheduler(0)" daemon [_thread_blocked, id=10476, stack(0x0000000017f20000,0x0000000018020000)]
  0x0000000017113800 JavaThread "RMI TCP Connection(1)-127.0.0.1" daemon [_thread_in_native, id=2912, stack(0x0000000017e20000,0x0000000017f20000)]
  0x0000000016fab800 JavaThread "RMI TCP Accept-0" daemon [_thread_in_native, id=10072, stack(0x00000000177e0000,0x00000000178e0000)]
  0x0000000016fa7800 JavaThread "RMI TCP Accept-50059" daemon [_thread_in_native, id=10000, stack(0x00000000176e0000,0x00000000177e0000)]
  0x0000000016f94000 JavaThread "RMI TCP Accept-0" daemon [_thread_in_native, id=2212, stack(0x00000000175e0000,0x00000000176e0000)]
  0x00000000153c8800 JavaThread "Service Thread" daemon [_thread_blocked, id=952, stack(0x00000000165a0000,0x00000000166a0000)]
  0x0000000015351800 JavaThread "C1 CompilerThread1" daemon [_thread_blocked, id=6172, stack(0x00000000164a0000,0x00000000165a0000)]
  0x000000001534f800 JavaThread "C2 CompilerThread0" daemon [_thread_blocked, id=11764, stack(0x00000000163a0000,0x00000000164a0000)]
  0x000000001534e000 JavaThread "Attach Listener" daemon [_thread_blocked, id=6216, stack(0x00000000162a0000,0x00000000163a0000)]
  0x000000001534a800 JavaThread "Signal Dispatcher" daemon [_thread_blocked, id=10904, stack(0x00000000161a0000,0x00000000162a0000)]
  0x0000000015338800 JavaThread "Finalizer" daemon [_thread_blocked, id=10860, stack(0x0000000015fb0000,0x00000000160b0000)]
  0x0000000003042800 JavaThread "Reference Handler" daemon [_thread_blocked, id=12832, stack(0x0000000015eb0000,0x0000000015fb0000)]
=>0x0000000002f55000 JavaThread "main" [_thread_in_vm, id=11732, stack(0x0000000002e50000,0x0000000002f50000)]

Other Threads:
  0x0000000015317000 VMThread [stack: 0x0000000015db0000,0x0000000015eb0000] [id=4348]
  0x0000000016fac800 WatcherThread [stack: 0x00000000178e0000,0x00000000179e0000] [id=10896]

VM state:not at safepoint (normal execution)

VM Mutex/Monitor currently owned by a thread: None

Heap:
 PSYoungGen      total 34304K, used 6465K [0x00000000eb900000, 0x00000000edd00000, 0x0000000100000000)
  eden space 31744K, 18% used [0x00000000eb900000,0x00000000ebee0ff0,0x00000000ed800000)
  from space 2560K, 17% used [0x00000000eda80000,0x00000000edaef688,0x00000000edd00000)
  to   space 2560K, 0% used [0x00000000ed800000,0x00000000ed800000,0x00000000eda80000)
 ParOldGen       total 28160K, used 10407K [0x00000000c2a00000, 0x00000000c4580000, 0x00000000eb900000)
  object space 28160K, 36% used [0x00000000c2a00000,0x00000000c3429ef8,0x00000000c4580000)
 Metaspace       used 30119K, capacity 31630K, committed 32256K, reserved 1083392K
  class space    used 4132K, capacity 4434K, committed 4608K, reserved 1048576K

Card table byte_map: [0x0000000012410000,0x0000000012600000] byte_map_base: 0x0000000011dfb000

Marking Bits: (ParMarkBitMap*) 0x0000000051a62d00
 Begin Bits: [0x0000000012950000, 0x00000000138a8000)
 End Bits:   [0x00000000138a8000, 0x0000000014800000)

Polling page: 0x0000000001160000

CodeCache: size=245760Kb used=6624Kb max_used=6637Kb free=239135Kb
 bounds [0x0000000003050000, 0x00000000036d0000, 0x0000000012050000]
 total_blobs=3574 nmethods=3157 adapters=328
 compilation: enabled

Compilation events (10 events):
Event: 6.041 Thread 0x0000000015351800 3208       1       org.springframework.cglib.core.CodeEmitter::box (89 bytes)
Event: 6.042 Thread 0x0000000015351800 nmethod 3208 0x00000000034a3190 code [0x00000000034a33c0, 0x00000000034a3968]
Event: 6.042 Thread 0x0000000015351800 3209       1       org.springframework.cglib.core.CodeEmitter::swap (10 bytes)
Event: 6.042 Thread 0x0000000015351800 nmethod 3209 0x00000000034a2e90 code [0x00000000034a2fe0, 0x00000000034a3128]
Event: 6.042 Thread 0x0000000015351800 3210       1       org.springframework.cglib.core.Block::getEnd (5 bytes)
Event: 6.042 Thread 0x0000000015351800 nmethod 3210 0x00000000034a2bd0 code [0x00000000034a2d20, 0x00000000034a2e30]
Event: 6.043 Thread 0x0000000015351800 3211   !   1       com.sun.proxy.$Proxy32::annotationType (29 bytes)
Event: 6.044 Thread 0x0000000015351800 nmethod 3211 0x00000000034a2710 code [0x00000000034a2880, 0x00000000034a2a98]
Event: 6.047 Thread 0x0000000015351800 3212       1       org.springframework.beans.factory.support.AbstractBeanDefinition::resolveBeanClass (24 bytes)
Event: 6.047 Thread 0x0000000015351800 nmethod 3212 0x00000000034a2190 code [0x00000000034a2300, 0x00000000034a2598]

GC Heap History (10 events):
Event: 5.781 GC heap before
{Heap before GC invocations=20 (full 4):
 PSYoungGen      total 34304K, used 5439K [0x00000000eb900000, 0x00000000edd00000, 0x0000000100000000)
  eden space 31744K, 13% used [0x00000000eb900000,0x00000000ebd14ae8,0x00000000ed800000)
  from space 2560K, 49% used [0x00000000ed800000,0x00000000ed93b358,0x00000000eda80000)
  to   space 2560K, 0% used [0x00000000eda80000,0x00000000eda80000,0x00000000edd00000)
 ParOldGen       total 28160K, used 13211K [0x00000000c2a00000, 0x00000000c4580000, 0x00000000eb900000)
  object space 28160K, 46% used [0x00000000c2a00000,0x00000000c36e6f10,0x00000000c4580000)
 Metaspace       used 30049K, capacity 31852K, committed 32000K, reserved 1085440K
  class space    used 4135K, capacity 4460K, committed 4608K, reserved 1048576K
Event: 5.784 GC heap after
Heap after GC invocations=20 (full 4):
 PSYoungGen      total 34304K, used 966K [0x00000000eb900000, 0x00000000edd00000, 0x0000000100000000)
  eden space 31744K, 0% used [0x00000000eb900000,0x00000000eb900000,0x00000000ed800000)
  from space 2560K, 37% used [0x00000000eda80000,0x00000000edb71a58,0x00000000edd00000)
  to   space 2560K, 0% used [0x00000000ed800000,0x00000000ed800000,0x00000000eda80000)
 ParOldGen       total 28160K, used 13219K [0x00000000c2a00000, 0x00000000c4580000, 0x00000000eb900000)
  object space 28160K, 46% used [0x00000000c2a00000,0x00000000c36e8f10,0x00000000c4580000)
 Metaspace       used 30049K, capacity 31852K, committed 32000K, reserved 1085440K
  class space    used 4135K, capacity 4460K, committed 4608K, reserved 1048576K
}
Event: 5.784 GC heap before
{Heap before GC invocations=21 (full 5):
 PSYoungGen      total 34304K, used 966K [0x00000000eb900000, 0x00000000edd00000, 0x0000000100000000)
  eden space 31744K, 0% used [0x00000000eb900000,0x00000000eb900000,0x00000000ed800000)
  from space 2560K, 37% used [0x00000000eda80000,0x00000000edb71a58,0x00000000edd00000)
  to   space 2560K, 0% used [0x00000000ed800000,0x00000000ed800000,0x00000000eda80000)
 ParOldGen       total 28160K, used 13219K [0x00000000c2a00000, 0x00000000c4580000, 0x00000000eb900000)
  object space 28160K, 46% used [0x00000000c2a00000,0x00000000c36e8f10,0x00000000c4580000)
 Metaspace       used 30049K, capacity 31852K, committed 32000K, reserved 1085440K
  class space    used 4135K, capacity 4460K, committed 4608K, reserved 1048576K
Event: 5.856 GC heap after
Heap after GC invocations=21 (full 5):
 PSYoungGen      total 34304K, used 0K [0x00000000eb900000, 0x00000000edd00000, 0x0000000100000000)
  eden space 31744K, 0% used [0x00000000eb900000,0x00000000eb900000,0x00000000ed800000)
  from space 2560K, 0% used [0x00000000eda80000,0x00000000eda80000,0x00000000edd00000)
  to   space 2560K, 0% used [0x00000000ed800000,0x00000000ed800000,0x00000000eda80000)
 ParOldGen       total 28160K, used 13291K [0x00000000c2a00000, 0x00000000c4580000, 0x00000000eb900000)
  object space 28160K, 47% used [0x00000000c2a00000,0x00000000c36fac88,0x00000000c4580000)
 Metaspace       used 30049K, capacity 31852K, committed 32000K, reserved 1083392K
  class space    used 4135K, capacity 4460K, committed 4608K, reserved 1048576K
}
Event: 5.856 GC heap before
{Heap before GC invocations=22 (full 5):
 PSYoungGen      total 34304K, used 0K [0x00000000eb900000, 0x00000000edd00000, 0x0000000100000000)
  eden space 31744K, 0% used [0x00000000eb900000,0x00000000eb900000,0x00000000ed800000)
  from space 2560K, 0% used [0x00000000eda80000,0x00000000eda80000,0x00000000edd00000)
  to   space 2560K, 0% used [0x00000000ed800000,0x00000000ed800000,0x00000000eda80000)
 ParOldGen       total 28160K, used 13291K [0x00000000c2a00000, 0x00000000c4580000, 0x00000000eb900000)
  object space 28160K, 47% used [0x00000000c2a00000,0x00000000c36fac88,0x00000000c4580000)
 Metaspace       used 30049K, capacity 31852K, committed 32000K, reserved 1087488K
  class space    used 4135K, capacity 4460K, committed 4608K, reserved 1048576K
Event: 5.858 GC heap after
Heap after GC invocations=22 (full 5):
 PSYoungGen      total 34304K, used 0K [0x00000000eb900000, 0x00000000edd00000, 0x0000000100000000)
  eden space 31744K, 0% used [0x00000000eb900000,0x00000000eb900000,0x00000000ed800000)
  from space 2560K, 0% used [0x00000000ed800000,0x00000000ed800000,0x00000000eda80000)
  to   space 2560K, 0% used [0x00000000eda80000,0x00000000eda80000,0x00000000edd00000)
 ParOldGen       total 28160K, used 13291K [0x00000000c2a00000, 0x00000000c4580000, 0x00000000eb900000)
  object space 28160K, 47% used [0x00000000c2a00000,0x00000000c36fac88,0x00000000c4580000)
 Metaspace       used 30049K, capacity 31852K, committed 32000K, reserved 1087488K
  class space    used 4135K, capacity 4460K, committed 4608K, reserved 1048576K
}
Event: 5.858 GC heap before
{Heap before GC invocations=23 (full 6):
 PSYoungGen      total 34304K, used 0K [0x00000000eb900000, 0x00000000edd00000, 0x0000000100000000)
  eden space 31744K, 0% used [0x00000000eb900000,0x00000000eb900000,0x00000000ed800000)
  from space 2560K, 0% used [0x00000000ed800000,0x00000000ed800000,0x00000000eda80000)
  to   space 2560K, 0% used [0x00000000eda80000,0x00000000eda80000,0x00000000edd00000)
 ParOldGen       total 28160K, used 13291K [0x00000000c2a00000, 0x00000000c4580000, 0x00000000eb900000)
  object space 28160K, 47% used [0x00000000c2a00000,0x00000000c36fac88,0x00000000c4580000)
 Metaspace       used 30049K, capacity 31852K, committed 32000K, reserved 1087488K
  class space    used 4135K, capacity 4460K, committed 4608K, reserved 1048576K
Event: 5.977 GC heap after
Heap after GC invocations=23 (full 6):
 PSYoungGen      total 34304K, used 0K [0x00000000eb900000, 0x00000000edd00000, 0x0000000100000000)
  eden space 31744K, 0% used [0x00000000eb900000,0x00000000eb900000,0x00000000ed800000)
  from space 2560K, 0% used [0x00000000ed800000,0x00000000ed800000,0x00000000eda80000)
  to   space 2560K, 0% used [0x00000000eda80000,0x00000000eda80000,0x00000000edd00000)
 ParOldGen       total 28160K, used 10399K [0x00000000c2a00000, 0x00000000c4580000, 0x00000000eb900000)
  object space 28160K, 36% used [0x00000000c2a00000,0x00000000c3427ef8,0x00000000c4580000)
 Metaspace       used 29704K, capacity 31168K, committed 32000K, reserved 1083392K
  class space    used 4089K, capacity 4379K, committed 4608K, reserved 1048576K
}
Event: 6.031 GC heap before
{Heap before GC invocations=24 (full 6):
 PSYoungGen      total 34304K, used 31689K [0x00000000eb900000, 0x00000000edd00000, 0x0000000100000000)
  eden space 31744K, 99% used [0x00000000eb900000,0x00000000ed7f25e8,0x00000000ed800000)
  from space 2560K, 0% used [0x00000000ed800000,0x00000000ed800000,0x00000000eda80000)
  to   space 2560K, 0% used [0x00000000eda80000,0x00000000eda80000,0x00000000edd00000)
 ParOldGen       total 28160K, used 10399K [0x00000000c2a00000, 0x00000000c4580000, 0x00000000eb900000)
  object space 28160K, 36% used [0x00000000c2a00000,0x00000000c3427ef8,0x00000000c4580000)
 Metaspace       used 29796K, capacity 31270K, committed 32000K, reserved 1083392K
  class space    used 4108K, capacity 4400K, committed 4608K, reserved 1048576K
Event: 6.034 GC heap after
Heap after GC invocations=24 (full 6):
 PSYoungGen      total 34304K, used 445K [0x00000000eb900000, 0x00000000edd00000, 0x0000000100000000)
  eden space 31744K, 0% used [0x00000000eb900000,0x00000000eb900000,0x00000000ed800000)
  from space 2560K, 17% used [0x00000000eda80000,0x00000000edaef688,0x00000000edd00000)
  to   space 2560K, 0% used [0x00000000ed800000,0x00000000ed800000,0x00000000eda80000)
 ParOldGen       total 28160K, used 10407K [0x00000000c2a00000, 0x00000000c4580000, 0x00000000eb900000)
  object space 28160K, 36% used [0x00000000c2a00000,0x00000000c3429ef8,0x00000000c4580000)
 Metaspace       used 29796K, capacity 31270K, committed 32000K, reserved 1083392K
  class space    used 4108K, capacity 4400K, committed 4608K, reserved 1048576K
}

Deoptimization events (0 events):
No events

Classes redefined (0 events):
No events

Internal exceptions (10 events):
Event: 5.980 Thread 0x000000001713a800 Exception <a 'java/lang/reflect/InvocationTargetException'> (0x00000000eb99c6b8) thrown at [C:\re\workspace\8-2-build-windows-amd64-cygwin\jdk8u181\11358\hotspot\src\share\vm\runtime\reflection.cpp, line 1092]
Event: 5.983 Thread 0x0000000002f55000 Exception <a 'java/lang/ArrayIndexOutOfBoundsException'> (0x00000000eb94d590) thrown at [C:\re\workspace\8-2-build-windows-amd64-cygwin\jdk8u181\11358\hotspot\src\share\vm\runtime\sharedRuntime.cpp, line 605]
Event: 5.983 Thread 0x0000000002f55000 Exception <a 'java/lang/ArrayIndexOutOfBoundsException'> (0x00000000eb9544a0) thrown at [C:\re\workspace\8-2-build-windows-amd64-cygwin\jdk8u181\11358\hotspot\src\share\vm\runtime\sharedRuntime.cpp, line 605]
Event: 5.986 Thread 0x000000001713a800 Exception <a 'java/lang/NoSuchMethodError': <clinit>> (0x00000000eb9c8260) thrown at [C:\re\workspace\8-2-build-windows-amd64-cygwin\jdk8u181\11358\hotspot\src\share\vm\prims\jni.cpp, line 1613]
Event: 5.997 Thread 0x0000000002f55000 Exception <a 'java/lang/ArrayIndexOutOfBoundsException'> (0x00000000eba0b260) thrown at [C:\re\workspace\8-2-build-windows-amd64-cygwin\jdk8u181\11358\hotspot\src\share\vm\runtime\sharedRuntime.cpp, line 605]
Event: 5.997 Thread 0x0000000002f55000 Exception <a 'java/lang/ArrayIndexOutOfBoundsException'> (0x00000000eba0c760) thrown at [C:\re\workspace\8-2-build-windows-amd64-cygwin\jdk8u181\11358\hotspot\src\share\vm\runtime\sharedRuntime.cpp, line 605]
Event: 6.003 Thread 0x0000000002f55000 Exception <a 'java/lang/ArrayIndexOutOfBoundsException'> (0x00000000eba75970) thrown at [C:\re\workspace\8-2-build-windows-amd64-cygwin\jdk8u181\11358\hotspot\src\share\vm\runtime\sharedRuntime.cpp, line 605]
Event: 6.019 Thread 0x0000000002f55000 Exception <a 'java/lang/ArrayIndexOutOfBoundsException'> (0x00000000ebb43748) thrown at [C:\re\workspace\8-2-build-windows-amd64-cygwin\jdk8u181\11358\hotspot\src\share\vm\runtime\sharedRuntime.cpp, line 605]
Event: 6.019 Thread 0x0000000002f55000 Exception <a 'java/lang/ArrayIndexOutOfBoundsException'> (0x00000000ebb45110) thrown at [C:\re\workspace\8-2-build-windows-amd64-cygwin\jdk8u181\11358\hotspot\src\share\vm\runtime\sharedRuntime.cpp, line 605]
Event: 6.046 Thread 0x0000000002f55000 Exception <a 'java/lang/ArrayIndexOutOfBoundsException'> (0x00000000ebd5fe40) thrown at [C:\re\workspace\8-2-build-windows-amd64-cygwin\jdk8u181\11358\hotspot\src\share\vm\runtime\sharedRuntime.cpp, line 605]

Events (10 events):
Event: 6.072 loading class org/hibernate/Session$LockRequest
Event: 6.072 loading class org/hibernate/Session$LockRequest done
Event: 6.073 loading class org/hibernate/NaturalIdLoadAccess
Event: 6.073 loading class org/hibernate/NaturalIdLoadAccess done
Event: 6.073 loading class org/hibernate/SQLQuery
Event: 6.073 loading class org/hibernate/SQLQuery done
Event: 6.073 loading class org/hibernate/SynchronizeableQuery
Event: 6.073 loading class org/hibernate/SynchronizeableQuery done
Event: 6.074 loading class org/hibernate/query/NativeQuery
Event: 6.074 loading class org/hibernate/query/NativeQuery done


Dynamic libraries:
0x00007ff75fc00000 - 0x00007ff75fc37000 	C:\Program Files\Java\jre1.8.0_181\bin\javaw.exe
0x00007ffbb5970000 - 0x00007ffbb5b51000 	C:\WINDOWS\SYSTEM32\ntdll.dll
0x00007ffbb4a90000 - 0x00007ffbb4b41000 	C:\WINDOWS\System32\KERNEL32.DLL
0x00007ffbb1fe0000 - 0x00007ffbb2253000 	C:\WINDOWS\System32\KERNELBASE.dll
0x00007ffbb4240000 - 0x00007ffbb42e1000 	C:\WINDOWS\System32\ADVAPI32.dll
0x00007ffbb4b50000 - 0x00007ffbb4bee000 	C:\WINDOWS\System32\msvcrt.dll
0x00007ffbb4ed0000 - 0x00007ffbb4f2b000 	C:\WINDOWS\System32\sechost.dll
0x00007ffbb53e0000 - 0x00007ffbb5504000 	C:\WINDOWS\System32\RPCRT4.dll
0x00007ffbb43e0000 - 0x00007ffbb4570000 	C:\WINDOWS\System32\USER32.dll
0x00007ffbb2d60000 - 0x00007ffbb2d80000 	C:\WINDOWS\System32\win32u.dll
0x00007ffbb4bf0000 - 0x00007ffbb4c18000 	C:\WINDOWS\System32\GDI32.dll
0x00007ffbb1e40000 - 0x00007ffbb1fd1000 	C:\WINDOWS\System32\gdi32full.dll
0x00007ffbb2cc0000 - 0x00007ffbb2d5f000 	C:\WINDOWS\System32\msvcp_win.dll
0x00007ffbb1d40000 - 0x00007ffbb1e38000 	C:\WINDOWS\System32\ucrtbase.dll
0x00007ffb9c310000 - 0x00007ffb9c579000 	C:\WINDOWS\WinSxS\amd64_microsoft.windows.common-controls_6595b64144ccf1df_6.0.17134.950_none_fb3da4273069d3e0\COMCTL32.dll
0x00007ffbb5610000 - 0x00007ffbb5932000 	C:\WINDOWS\System32\combase.dll
0x00007ffbb2d80000 - 0x00007ffbb2df9000 	C:\WINDOWS\System32\bcryptPrimitives.dll
0x00007ffbb4c50000 - 0x00007ffbb4c7d000 	C:\WINDOWS\System32\IMM32.DLL
0x0000000051020000 - 0x00000000510f2000 	C:\Program Files\Java\jre1.8.0_181\bin\msvcr100.dll
0x0000000051240000 - 0x0000000051ae2000 	C:\Program Files\Java\jre1.8.0_181\bin\server\jvm.dll
0x00007ffbb47a0000 - 0x00007ffbb47a8000 	C:\WINDOWS\System32\PSAPI.DLL
0x00007ffb916c0000 - 0x00007ffb916c9000 	C:\WINDOWS\SYSTEM32\WSOCK32.dll
0x00007ffbb49c0000 - 0x00007ffbb4a2c000 	C:\WINDOWS\System32\WS2_32.dll
0x00007ffbaf8e0000 - 0x00007ffbaf903000 	C:\WINDOWS\SYSTEM32\WINMM.dll
0x00007ffba8a30000 - 0x00007ffba8a3a000 	C:\WINDOWS\SYSTEM32\VERSION.dll
0x00007ffbaf7c0000 - 0x00007ffbaf7ea000 	C:\WINDOWS\SYSTEM32\winmmbase.dll
0x00007ffbb2560000 - 0x00007ffbb25a9000 	C:\WINDOWS\System32\cfgmgr32.dll
0x0000000051150000 - 0x000000005115f000 	C:\Program Files\Java\jre1.8.0_181\bin\verify.dll
0x0000000051120000 - 0x0000000051149000 	C:\Program Files\Java\jre1.8.0_181\bin\java.dll
0x0000000051100000 - 0x0000000051116000 	C:\Program Files\Java\jre1.8.0_181\bin\zip.dll
0x00007ffbb2e00000 - 0x00007ffbb4240000 	C:\WINDOWS\System32\SHELL32.dll
0x00007ffbb4e20000 - 0x00007ffbb4ec9000 	C:\WINDOWS\System32\shcore.dll
0x00007ffbb25b0000 - 0x00007ffbb2cbd000 	C:\WINDOWS\System32\windows.storage.dll
0x00007ffbb4a30000 - 0x00007ffbb4a81000 	C:\WINDOWS\System32\shlwapi.dll
0x00007ffbb1cb0000 - 0x00007ffbb1cc1000 	C:\WINDOWS\System32\kernel.appcore.dll
0x00007ffbb1d20000 - 0x00007ffbb1d3f000 	C:\WINDOWS\System32\profapi.dll
0x00007ffbb1cd0000 - 0x00007ffbb1d1c000 	C:\WINDOWS\System32\powrprof.dll
0x00007ffbb1ca0000 - 0x00007ffbb1caa000 	C:\WINDOWS\System32\FLTLIB.DLL
0x0000000051c20000 - 0x0000000051c2d000 	C:\Program Files\Java\jre1.8.0_181\bin\management.dll
0x0000000051c80000 - 0x0000000051c9a000 	C:\Program Files\Java\jre1.8.0_181\bin\net.dll
0x00007ffbb14a0000 - 0x00007ffbb1506000 	C:\WINDOWS\system32\mswsock.dll
0x0000000051c60000 - 0x0000000051c71000 	C:\Program Files\Java\jre1.8.0_181\bin\nio.dll
0x00007ffb99a10000 - 0x00007ffb99a26000 	C:\WINDOWS\system32\napinsp.dll
0x00007ffb8f600000 - 0x00007ffb8f61a000 	C:\WINDOWS\system32\pnrpnsp.dll
0x00007ffbae070000 - 0x00007ffbae089000 	C:\WINDOWS\system32\NLAapi.dll
0x00007ffbb1230000 - 0x00007ffbb12ee000 	C:\WINDOWS\SYSTEM32\DNSAPI.dll
0x00007ffbb49b0000 - 0x00007ffbb49b8000 	C:\WINDOWS\System32\NSI.dll
0x00007ffbb11f0000 - 0x00007ffbb1228000 	C:\WINDOWS\SYSTEM32\IPHLPAPI.DLL
0x00007ffb9a350000 - 0x00007ffb9a35e000 	C:\WINDOWS\System32\winrnr.dll
0x00007ffba7040000 - 0x00007ffba7055000 	C:\WINDOWS\System32\wshbth.dll
0x00007ffb953c0000 - 0x00007ffb953ca000 	C:\Windows\System32\rasadhlp.dll
0x00007ffb979d0000 - 0x00007ffb97a42000 	C:\WINDOWS\System32\fwpuclnt.dll
0x00007ffbb1780000 - 0x00007ffbb17a5000 	C:\WINDOWS\SYSTEM32\bcrypt.dll
0x00007ffbb1650000 - 0x00007ffbb1667000 	C:\WINDOWS\SYSTEM32\CRYPTSP.dll
0x00007ffbb1050000 - 0x00007ffbb1083000 	C:\WINDOWS\system32\rsaenh.dll
0x00007ffbb1b80000 - 0x00007ffbb1ba8000 	C:\WINDOWS\SYSTEM32\USERENV.dll
0x00007ffbb1670000 - 0x00007ffbb167b000 	C:\WINDOWS\SYSTEM32\CRYPTBASE.dll
0x00007ffba5da0000 - 0x00007ffba5db6000 	C:\WINDOWS\SYSTEM32\dhcpcsvc6.DLL
0x00007ffba6f60000 - 0x00007ffba6f7a000 	C:\WINDOWS\SYSTEM32\dhcpcsvc.DLL

VM Arguments:
jvm_args: -Dcom.sun.management.jmxremote -Dcom.sun.management.jmxremote.port=50059 -Dcom.sun.management.jmxremote.authenticate=false -Dcom.sun.management.jmxremote.ssl=false -Djava.rmi.server.hostname=localhost -Dspring.jmx.enabled=true -Dspring.application.admin.enabled=true -Xverify:none -XX:TieredStopAtLevel=1 -Dfile.encoding=UTF-8 
java_command: io.awasi.dsmanager.DsmanagerApplication --spring.output.ansi.enabled=always
java_class_path (initial): G:\updated\dsmanager\target\classes;C:\Users\pc\.m2\repository\org\springframework\boot\spring-boot-starter-data-jpa\2.1.7.RELEASE\spring-boot-starter-data-jpa-2.1.7.RELEASE.jar;C:\Users\pc\.m2\repository\org\springframework\boot\spring-boot-starter-aop\2.1.7.RELEASE\spring-boot-starter-aop-2.1.7.RELEASE.jar;C:\Users\pc\.m2\repository\org\springframework\spring-aop\5.1.9.RELEASE\spring-aop-5.1.9.RELEASE.jar;C:\Users\pc\.m2\repository\org\aspectj\aspectjweaver\1.9.4\aspectjweaver-1.9.4.jar;C:\Users\pc\.m2\repository\org\springframework\boot\spring-boot-starter-jdbc\2.1.7.RELEASE\spring-boot-starter-jdbc-2.1.7.RELEASE.jar;C:\Users\pc\.m2\repository\com\zaxxer\HikariCP\3.2.0\HikariCP-3.2.0.jar;C:\Users\pc\.m2\repository\org\springframework\spring-jdbc\5.1.9.RELEASE\spring-jdbc-5.1.9.RELEASE.jar;C:\Users\pc\.m2\repository\javax\transaction\javax.transaction-api\1.3\javax.transaction-api-1.3.jar;C:\Users\pc\.m2\repository\javax\xml\bind\jaxb-api\2.3.1\jaxb-api-2.3.1.jar;C:\Users\pc\.m2\repository\javax\activation\javax.activation-api\1.2.0\javax.activation-api-1.2.0.jar;C:\Users\pc\.m2\repository\org\hibernate\hibernate-core\5.3.10.Final\hibernate-core-5.3.10.Final.jar;C:\Users\pc\.m2\repository\org\jboss\logging\jboss-logging\3.3.2.Final\jboss-logging-3.3.2.Final.jar;C:\Users\pc\.m2\repository\javax\persistence\javax.persistence-api\2.2\javax.persistence-api-2.2.jar;C:\Users\pc\.m2\repository\org\javassist\javassist\3.23.2-GA\javassist-3.23.2-GA.jar;C:\Users\pc\.m2\repository\net\bytebuddy\byte-buddy\1.9.16\byte-buddy-1.9.16.jar;C:\Users\pc\.m2\repository\antlr\antlr\2.7.7\antlr-2.7.7.jar;C:\Users\pc\.m2\repository\org\jboss\jandex\2.0.5.Final\jandex-2.0.5.Final.jar;C:\Users\pc\.m2\repository\com\fasterxml\classmate\1.4.0\classmate-1.4.0.jar;C:\Users\pc\.m2\repository\org\dom4j\dom4j\2.1.1\dom4j-2.1.1.jar;C:\Users\pc\.m2\repository\org\hibernate\common\hibernate-commons-annotations\5.0.4.Final\hibernate-commons-annotations-5.0.4.Final.jar;C:
Launcher Type: SUN_STANDARD

Environment Variables:
PATH=C:/Program Files/Java/jre1.8.0_181/bin/server;C:/Program Files/Java/jre1.8.0_181/bin;C:/Program Files/Java/jre1.8.0_181/lib/amd64;E:\oracleinstalled\bin;C:\Program Files (x86)\Common Files\Oracle\Java\javapath;C:\Program Files\Java\jdk8\bin;C:\Program Files\Java\jre8\bin;C:\WINDOWS\system32;C:\WINDOWS;C:\WINDOWS\System32\Wbem;C:\WINDOWS\System32\WindowsPowerShell\v1.0\;C:\WINDOWS\System32\OpenSSH\;C:\sqlite3;C:\Python30;C:\Program Files\nodejs\;C:\Ruby24-x64\bin;C:\Users\pc\AppData\Local\Microsoft\WindowsApps;C:\Program Files\JetBrains\PyCharm Community Edition 2018.3.1\bin;;"C:\Program Files\Java\jdk1.8.0_181\bin;C:\Program Files\Java\jdk1.8.0_181\bin";C:\Users\pc\AppData\Roaming\npm;C:\Users\pc\AppData\Local\Programs\Microsoft VS Code\bin;G:\updated\sts-4.3.1.RELEASE;
USERNAME=Godsees
OS=Windows_NT
PROCESSOR_IDENTIFIER=Intel64 Family 6 Model 122 Stepping 1, GenuineIntel



---------------  S Y S T E M  ---------------

OS: Windows 10.0 , 64 bit Build 17134 (10.0.17134.753)

CPU:total 2 (initial active 2) (2 cores per cpu, 1 threads per core) family 6 model 122 stepping 1, cmov, cx8, fxsr, mmx, sse, sse2, sse3, ssse3, sse4.1, sse4.2, popcnt, aes, clmul, erms, 3dnowpref, tsc, tscinvbit

Memory: 4k page, physical 4021836k(374960k free), swap 7677128k(2480k free)

vm_info: Java HotSpot(TM) 64-Bit Server VM (25.181-b13) for windows-amd64 JRE (1.8.0_181-b13), built on Jul  7 2018 04:01:33 by "java_re" with MS VC++ 10.0 (VS2010)

time: Tue Sep 17 16:45:58 2019
elapsed time: 6 seconds (0d 0h 0m 6s)

