#
# There is insufficient memory for the Java Runtime Environment to continue.
# Native memory allocation (malloc) failed to allocate 231696 bytes for Chunk::new
# Possible reasons:
#   The system is out of physical RAM or swap space
#   In 32 bit mode, the process size limit was hit
# Possible solutions:
#   Reduce memory load on the system
#   Increase physical memory or swap space
#   Check if swap backing store is full
#   Use 64 bit Java on a 64 bit OS
#   Decrease Java heap size (-Xmx/-Xms)
#   Decrease number of Java threads
#   Decrease Java thread stack sizes (-Xss)
#   Set larger code cache with -XX:ReservedCodeCacheSize=
# This output file may be truncated or incomplete.
#
#  Out of Memory Error (allocation.cpp:390), pid=13000, tid=0x00000000000025e8
#
# JRE version: Java(TM) SE Runtime Environment (8.0_181-b13) (build 1.8.0_181-b13)
# Java VM: Java HotSpot(TM) 64-Bit Server VM (25.181-b13 mixed mode windows-amd64 compressed oops)
# Failed to write core dump. Minidumps are not enabled by default on client versions of Windows
#

---------------  T H R E A D  ---------------

Current thread (0x0000000014e70800):  JavaThread "C2 CompilerThread0" daemon [_thread_in_native, id=9704, stack(0x0000000015e90000,0x0000000015f90000)]

Stack: [0x0000000015e90000,0x0000000015f90000]
[error occurred during error reporting (printing stack bounds), id 0xc0000005]

Native frames: (J=compiled Java code, j=interpreted, Vv=VM code, C=native code)


Current CompileTask:
C2: 302751 7455  s    4       java.io.BufferedInputStream::read (113 bytes)


---------------  P R O C E S S  ---------------

Java Threads: ( => current thread )
  0x00000000162de000 JavaThread "DestroyJavaVM" [_thread_blocked, id=9008, stack(0x00000000028b0000,0x00000000029b0000)]
  0x00000000162dd800 JavaThread "http-nio-8080-Acceptor" daemon [_thread_in_native, id=5600, stack(0x000000001fe10000,0x000000001ff10000)]
  0x00000000162e2000 JavaThread "http-nio-8080-ClientPoller" daemon [_thread_in_native, id=640, stack(0x000000001fd10000,0x000000001fe10000)]
  0x00000000162e3800 JavaThread "http-nio-8080-exec-10" daemon [_thread_blocked, id=6908, stack(0x000000001fc10000,0x000000001fd10000)]
  0x00000000162e1000 JavaThread "http-nio-8080-exec-9" daemon [_thread_blocked, id=5816, stack(0x000000001fb10000,0x000000001fc10000)]
  0x00000000162df800 JavaThread "http-nio-8080-exec-8" daemon [_thread_blocked, id=10732, stack(0x000000001fa10000,0x000000001fb10000)]
  0x00000000162e4000 JavaThread "http-nio-8080-exec-7" daemon [_thread_blocked, id=7568, stack(0x000000001f910000,0x000000001fa10000)]
  0x00000000162dc800 JavaThread "http-nio-8080-exec-6" daemon [_thread_blocked, id=10052, stack(0x000000001f810000,0x000000001f910000)]
  0x00000000162df000 JavaThread "http-nio-8080-exec-5" daemon [_thread_blocked, id=7952, stack(0x000000001f710000,0x000000001f810000)]
  0x00000000162dc000 JavaThread "http-nio-8080-exec-4" daemon [_thread_blocked, id=4936, stack(0x000000001f610000,0x000000001f710000)]
  0x00000000162e2800 JavaThread "http-nio-8080-exec-3" daemon [_thread_blocked, id=11972, stack(0x000000001f510000,0x000000001f610000)]
  0x00000000162e0800 JavaThread "http-nio-8080-exec-2" daemon [_thread_blocked, id=516, stack(0x000000001f410000,0x000000001f510000)]
  0x00000000162f2000 JavaThread "http-nio-8080-exec-1" daemon [_thread_blocked, id=6244, stack(0x000000001f310000,0x000000001f410000)]
  0x00000000162ed800 JavaThread "http-nio-8080-BlockPoller" daemon [_thread_in_native, id=9780, stack(0x000000001f210000,0x000000001f310000)]
  0x00000000162ec800 JavaThread "HikariPool-1 housekeeper" daemon [_thread_blocked, id=6152, stack(0x000000001cb90000,0x000000001cc90000)]
  0x00000000162f1000 JavaThread "PostgreSQL-JDBC-SharedTimer-1" daemon [_thread_blocked, id=12384, stack(0x000000001ca90000,0x000000001cb90000)]
  0x00000000162ee000 JavaThread "container-0" [_thread_blocked, id=3168, stack(0x000000001c690000,0x000000001c790000)]
  0x00000000162f2800 JavaThread "Catalina-utility-2" [_thread_blocked, id=11920, stack(0x000000001c590000,0x000000001c690000)]
  0x00000000162f0800 JavaThread "Catalina-utility-1" [_thread_blocked, id=12664, stack(0x000000001c490000,0x000000001c590000)]
  0x00000000184a0000 JavaThread "JMX server connection timeout 17" daemon [_thread_blocked, id=4032, stack(0x000000001ab60000,0x000000001ac60000)]
  0x000000001849f000 JavaThread "RMI TCP Connection(idle)" daemon [_thread_blocked, id=8004, stack(0x000000001aa60000,0x000000001ab60000)]
  0x0000000017bec800 JavaThread "JMX server connection timeout 14" daemon [_thread_blocked, id=3992, stack(0x00000000190a0000,0x00000000191a0000)]
  0x0000000017beb800 JavaThread "RMI Scheduler(0)" daemon [_thread_blocked, id=644, stack(0x0000000018fa0000,0x00000000190a0000)]
  0x0000000017d3c800 JavaThread "RMI TCP Connection(11)-192.168.100.77" daemon [_thread_in_native, id=9548, stack(0x0000000018ea0000,0x0000000018fa0000)]
  0x0000000016c55000 JavaThread "RMI TCP Accept-0" daemon [_thread_in_native, id=14096, stack(0x00000000176d0000,0x00000000177d0000)]
  0x0000000014ed1800 JavaThread "Service Thread" daemon [_thread_blocked, id=3120, stack(0x0000000016090000,0x0000000016190000)]
  0x0000000014ecc000 JavaThread "C1 CompilerThread1" daemon [_thread_blocked, id=3472, stack(0x0000000015f90000,0x0000000016090000)]
=>0x0000000014e70800 JavaThread "C2 CompilerThread0" daemon [_thread_in_native, id=9704, stack(0x0000000015e90000,0x0000000015f90000)]
  0x0000000014e6f800 JavaThread "Attach Listener" daemon [_thread_blocked, id=8368, stack(0x0000000015d90000,0x0000000015e90000)]
  0x0000000014e6c000 JavaThread "Signal Dispatcher" daemon [_thread_blocked, id=664, stack(0x0000000015c90000,0x0000000015d90000)]
  0x0000000014e58800 JavaThread "Finalizer" daemon [_thread_blocked, id=13588, stack(0x0000000015aa0000,0x0000000015ba0000)]
  0x0000000002b62800 JavaThread "Reference Handler" daemon [_thread_blocked, id=11396, stack(0x00000000159a0000,0x0000000015aa0000)]

Other Threads:
  0x0000000014e35800 VMThread [stack: 0x00000000158a0000,0x00000000159a0000] [id=13840]
  0x0000000014eef000 WatcherThread [stack: 0x0000000016190000,0x0000000016290000] [id=11876]

VM state:not at safepoint (normal execution)

VM Mutex/Monitor currently owned by a thread: None

Heap:
 PSYoungGen      total 169472K, used 98203K [0x00000000eb900000, 0x00000000f7600000, 0x0000000100000000)
  eden space 154624K, 63% used [0x00000000eb900000,0x00000000f18e6fb0,0x00000000f5000000)
  from space 14848K, 0% used [0x00000000f5f80000,0x00000000f5f80000,0x00000000f6e00000)
  to   space 15872K, 0% used [0x00000000f5000000,0x00000000f5000000,0x00000000f5f80000)
 ParOldGen       total 77312K, used 27266K [0x00000000c2a00000, 0x00000000c7580000, 0x00000000eb900000)
  object space 77312K, 35% used [0x00000000c2a00000,0x00000000c44a0958,0x00000000c7580000)
 Metaspace       used 62854K, capacity 66032K, committed 66096K, reserved 1105920K
  class space    used 8456K, capacity 8958K, committed 9008K, reserved 1048576K

Card table byte_map: [0x0000000011f30000,0x0000000012120000] byte_map_base: 0x000000001191b000

Marking Bits: (ParMarkBitMap*) 0x000000005df62d00
 Begin Bits: [0x0000000012470000, 0x00000000133c8000)
 End Bits:   [0x00000000133c8000, 0x0000000014320000)

Polling page: 0x0000000002890000

CodeCache: size=245760Kb used=20022Kb max_used=20820Kb free=225737Kb
 bounds [0x0000000002b70000, 0x0000000004030000, 0x0000000011b70000]
 total_blobs=7092 nmethods=6539 adapters=464
 compilation: enabled

Compilation events (10 events):
Event: 299.880 Thread 0x0000000014ecc000 nmethod 7451 0x0000000002fb06d0 code [0x0000000002fb0960, 0x0000000002fb1d08]
Event: 302.339 Thread 0x0000000014ecc000 7452       3       java.net.NetworkInterface$2::hasMoreElements (25 bytes)
Event: 302.339 Thread 0x0000000014ecc000 nmethod 7452 0x00000000030ce050 code [0x00000000030ce1a0, 0x00000000030ce390]
Event: 302.340 Thread 0x0000000014ecc000 7454   !   3       java.net.NetworkInterface$1checkedAddresses::<init> (132 bytes)
Event: 302.342 Thread 0x0000000014ecc000 nmethod 7454 0x0000000003671090 code [0x00000000036712a0, 0x0000000003671e78]
Event: 302.342 Thread 0x0000000014ecc000 7453       3       java.net.NetworkInterface$2::nextElement (5 bytes)
Event: 302.342 Thread 0x0000000014ecc000 nmethod 7453 0x0000000002fb02d0 code [0x0000000002fb0440, 0x0000000002fb0648]
Event: 302.347 Thread 0x0000000014e70800 7455  s    4       java.io.BufferedInputStream::read (113 bytes)
Event: 302.358 Thread 0x0000000014ecc000 7456       1       java.io.ObjectStreamField::getSignature (5 bytes)
Event: 302.358 Thread 0x0000000014ecc000 nmethod 7456 0x0000000003cb9e90 code [0x0000000003cb9fe0, 0x0000000003cba0f0]

GC Heap History (10 events):
Event: 7.772 GC heap before
{Heap before GC invocations=11 (full 2):
 PSYoungGen      total 104960K, used 8167K [0x00000000eb900000, 0x00000000f4900000, 0x0000000100000000)
  eden space 96768K, 0% used [0x00000000eb900000,0x00000000eb900000,0x00000000f1780000)
  from space 8192K, 99% used [0x00000000f1780000,0x00000000f1f79e70,0x00000000f1f80000)
  to   space 10240K, 0% used [0x00000000f3f00000,0x00000000f3f00000,0x00000000f4900000)
 ParOldGen       total 31232K, used 11817K [0x00000000c2a00000, 0x00000000c4880000, 0x00000000eb900000)
  object space 31232K, 37% used [0x00000000c2a00000,0x00000000c358a7f0,0x00000000c4880000)
 Metaspace       used 33687K, capacity 35394K, committed 35496K, reserved 1081344K
  class space    used 4348K, capacity 4649K, committed 4656K, reserved 1048576K
Event: 7.898 GC heap after
Heap after GC invocations=11 (full 2):
 PSYoungGen      total 104960K, used 0K [0x00000000eb900000, 0x00000000f4900000, 0x0000000100000000)
  eden space 96768K, 0% used [0x00000000eb900000,0x00000000eb900000,0x00000000f1780000)
  from space 8192K, 0% used [0x00000000f1780000,0x00000000f1780000,0x00000000f1f80000)
  to   space 10240K, 0% used [0x00000000f3f00000,0x00000000f3f00000,0x00000000f4900000)
 ParOldGen       total 53760K, used 15953K [0x00000000c2a00000, 0x00000000c5e80000, 0x00000000eb900000)
  object space 53760K, 29% used [0x00000000c2a00000,0x00000000c3994410,0x00000000c5e80000)
 Metaspace       used 33687K, capacity 35394K, committed 35496K, reserved 1081344K
  class space    used 4348K, capacity 4649K, committed 4656K, reserved 1048576K
}
Event: 12.268 GC heap before
{Heap before GC invocations=12 (full 2):
 PSYoungGen      total 104960K, used 96768K [0x00000000eb900000, 0x00000000f4900000, 0x0000000100000000)
  eden space 96768K, 100% used [0x00000000eb900000,0x00000000f1780000,0x00000000f1780000)
  from space 8192K, 0% used [0x00000000f1780000,0x00000000f1780000,0x00000000f1f80000)
  to   space 10240K, 0% used [0x00000000f3f00000,0x00000000f3f00000,0x00000000f4900000)
 ParOldGen       total 53760K, used 15953K [0x00000000c2a00000, 0x00000000c5e80000, 0x00000000eb900000)
  object space 53760K, 29% used [0x00000000c2a00000,0x00000000c3994410,0x00000000c5e80000)
 Metaspace       used 46699K, capacity 48692K, committed 48944K, reserved 1091584K
  class space    used 6288K, capacity 6644K, committed 6704K, reserved 1048576K
Event: 12.295 GC heap after
Heap after GC invocations=12 (full 2):
 PSYoungGen      total 133632K, used 10238K [0x00000000eb900000, 0x00000000f4b80000, 0x0000000100000000)
  eden space 123392K, 0% used [0x00000000eb900000,0x00000000eb900000,0x00000000f3180000)
  from space 10240K, 99% used [0x00000000f3f00000,0x00000000f48ffb60,0x00000000f4900000)
  to   space 13312K, 0% used [0x00000000f3180000,0x00000000f3180000,0x00000000f3e80000)
 ParOldGen       total 53760K, used 20241K [0x00000000c2a00000, 0x00000000c5e80000, 0x00000000eb900000)
  object space 53760K, 37% used [0x00000000c2a00000,0x00000000c3dc44b8,0x00000000c5e80000)
 Metaspace       used 46699K, capacity 48692K, committed 48944K, reserved 1091584K
  class space    used 6288K, capacity 6644K, committed 6704K, reserved 1048576K
}
Event: 15.421 GC heap before
{Heap before GC invocations=13 (full 2):
 PSYoungGen      total 133632K, used 133630K [0x00000000eb900000, 0x00000000f4b80000, 0x0000000100000000)
  eden space 123392K, 100% used [0x00000000eb900000,0x00000000f3180000,0x00000000f3180000)
  from space 10240K, 99% used [0x00000000f3f00000,0x00000000f48ffb60,0x00000000f4900000)
  to   space 13312K, 0% used [0x00000000f3180000,0x00000000f3180000,0x00000000f3e80000)
 ParOldGen       total 53760K, used 20241K [0x00000000c2a00000, 0x00000000c5e80000, 0x00000000eb900000)
  object space 53760K, 37% used [0x00000000c2a00000,0x00000000c3dc44b8,0x00000000c5e80000)
 Metaspace       used 54848K, capacity 57214K, committed 57520K, reserved 1099776K
  class space    used 7378K, capacity 7781K, committed 7856K, reserved 1048576K
Event: 15.460 GC heap after
Heap after GC invocations=13 (full 2):
 PSYoungGen      total 136704K, used 13076K [0x00000000eb900000, 0x00000000f6e00000, 0x0000000100000000)
  eden space 123392K, 0% used [0x00000000eb900000,0x00000000eb900000,0x00000000f3180000)
  from space 13312K, 98% used [0x00000000f3180000,0x00000000f3e45170,0x00000000f3e80000)
  to   space 14848K, 0% used [0x00000000f5f80000,0x00000000f5f80000,0x00000000f6e00000)
 ParOldGen       total 53760K, used 24888K [0x00000000c2a00000, 0x00000000c5e80000, 0x00000000eb900000)
  object space 53760K, 46% used [0x00000000c2a00000,0x00000000c424e020,0x00000000c5e80000)
 Metaspace       used 54848K, capacity 57214K, committed 57520K, reserved 1099776K
  class space    used 7378K, capacity 7781K, committed 7856K, reserved 1048576K
}
Event: 16.403 GC heap before
{Heap before GC invocations=14 (full 2):
 PSYoungGen      total 136704K, used 44750K [0x00000000eb900000, 0x00000000f6e00000, 0x0000000100000000)
  eden space 123392K, 25% used [0x00000000eb900000,0x00000000ed7eea70,0x00000000f3180000)
  from space 13312K, 98% used [0x00000000f3180000,0x00000000f3e45170,0x00000000f3e80000)
  to   space 14848K, 0% used [0x00000000f5f80000,0x00000000f5f80000,0x00000000f6e00000)
 ParOldGen       total 53760K, used 24888K [0x00000000c2a00000, 0x00000000c5e80000, 0x00000000eb900000)
  object space 53760K, 46% used [0x00000000c2a00000,0x00000000c424e020,0x00000000c5e80000)
 Metaspace       used 56464K, capacity 59052K, committed 59160K, reserved 1099776K
  class space    used 7578K, capacity 8020K, committed 8112K, reserved 1048576K
Event: 16.450 GC heap after
Heap after GC invocations=14 (full 2):
 PSYoungGen      total 169472K, used 10735K [0x00000000eb900000, 0x00000000f7600000, 0x0000000100000000)
  eden space 154624K, 0% used [0x00000000eb900000,0x00000000eb900000,0x00000000f5000000)
  from space 14848K, 72% used [0x00000000f5f80000,0x00000000f69fbca0,0x00000000f6e00000)
  to   space 15872K, 0% used [0x00000000f5000000,0x00000000f5000000,0x00000000f5f80000)
 ParOldGen       total 53760K, used 24888K [0x00000000c2a00000, 0x00000000c5e80000, 0x00000000eb900000)
  object space 53760K, 46% used [0x00000000c2a00000,0x00000000c424e020,0x00000000c5e80000)
 Metaspace       used 56464K, capacity 59052K, committed 59160K, reserved 1099776K
  class space    used 7578K, capacity 8020K, committed 8112K, reserved 1048576K
}
Event: 16.450 GC heap before
{Heap before GC invocations=15 (full 3):
 PSYoungGen      total 169472K, used 10735K [0x00000000eb900000, 0x00000000f7600000, 0x0000000100000000)
  eden space 154624K, 0% used [0x00000000eb900000,0x00000000eb900000,0x00000000f5000000)
  from space 14848K, 72% used [0x00000000f5f80000,0x00000000f69fbca0,0x00000000f6e00000)
  to   space 15872K, 0% used [0x00000000f5000000,0x00000000f5000000,0x00000000f5f80000)
 ParOldGen       total 53760K, used 24888K [0x00000000c2a00000, 0x00000000c5e80000, 0x00000000eb900000)
  object space 53760K, 46% used [0x00000000c2a00000,0x00000000c424e020,0x00000000c5e80000)
 Metaspace       used 56464K, capacity 59052K, committed 59160K, reserved 1099776K
  class space    used 7578K, capacity 8020K, committed 8112K, reserved 1048576K
Event: 16.837 GC heap after
Heap after GC invocations=15 (full 3):
 PSYoungGen      total 169472K, used 0K [0x00000000eb900000, 0x00000000f7600000, 0x0000000100000000)
  eden space 154624K, 0% used [0x00000000eb900000,0x00000000eb900000,0x00000000f5000000)
  from space 14848K, 0% used [0x00000000f5f80000,0x00000000f5f80000,0x00000000f6e00000)
  to   space 15872K, 0% used [0x00000000f5000000,0x00000000f5000000,0x00000000f5f80000)
 ParOldGen       total 77312K, used 27266K [0x00000000c2a00000, 0x00000000c7580000, 0x00000000eb900000)
  object space 77312K, 35% used [0x00000000c2a00000,0x00000000c44a0958,0x00000000c7580000)
 Metaspace       used 56464K, capacity 59052K, committed 59160K, reserved 1099776K
  class space    used 7578K, capacity 8020K, committed 8112K, reserved 1048576K
}

Deoptimization events (10 events):
Event: 18.024 Thread 0x0000000002a74000 Uncommon trap: reason=class_check action=maybe_recompile pc=0x00000000032a75ac method=sun.reflect.generics.reflectiveObjects.TypeVariableImpl.hashCode()I @ 4
Event: 18.024 Thread 0x0000000002a74000 Uncommon trap: reason=class_check action=maybe_recompile pc=0x00000000032a75ac method=sun.reflect.generics.reflectiveObjects.TypeVariableImpl.hashCode()I @ 4
Event: 18.024 Thread 0x0000000002a74000 Uncommon trap: reason=class_check action=maybe_recompile pc=0x00000000032a75ac method=sun.reflect.generics.reflectiveObjects.TypeVariableImpl.hashCode()I @ 4
Event: 18.024 Thread 0x0000000002a74000 Uncommon trap: reason=class_check action=maybe_recompile pc=0x00000000032a75ac method=sun.reflect.generics.reflectiveObjects.TypeVariableImpl.hashCode()I @ 4
Event: 18.030 Thread 0x0000000002a74000 Uncommon trap: reason=unstable_if action=reinterpret pc=0x0000000002c81ac4 method=java.util.concurrent.ConcurrentHashMap.get(Ljava/lang/Object;)Ljava/lang/Object; @ 86
Event: 18.081 Thread 0x0000000002a74000 Uncommon trap: reason=unstable_if action=reinterpret pc=0x0000000003f67ddc method=org.springframework.core.annotation.AnnotatedElementUtils.searchWithFindSemantics(Ljava/lang/reflect/AnnotatedElement;Ljava/util/Set;Ljava/lang/String;Ljava/lang/Class;Lorg/
Event: 18.396 Thread 0x0000000002a74000 Uncommon trap: reason=unstable_if action=reinterpret pc=0x0000000002ff6274 method=java.util.concurrent.ConcurrentHashMap.transfer([Ljava/util/concurrent/ConcurrentHashMap$Node;[Ljava/util/concurrent/ConcurrentHashMap$Node;)V @ 356
Event: 18.426 Thread 0x0000000002a74000 Uncommon trap: reason=unstable_if action=reinterpret pc=0x0000000003fc6730 method=org.springframework.beans.factory.support.AbstractBeanFactory.isTypeMatch(Ljava/lang/String;Lorg/springframework/core/ResolvableType;)Z @ 26
Event: 18.564 Thread 0x0000000002a74000 Uncommon trap: reason=unstable_if action=reinterpret pc=0x0000000003f86b4c method=org.springframework.util.ClassUtils.isAssignable(Ljava/lang/Class;Ljava/lang/Class;)Z @ 26
Event: 27.855 Thread 0x00000000162e0800 Uncommon trap: reason=unstable_if action=reinterpret pc=0x0000000003735968 method=java.nio.Buffer.<init>(IIII)V @ 66

Classes redefined (0 events):
No events

Internal exceptions (10 events):
Event: 20.709 Thread 0x000000001849f000 Exception <a 'java/lang/ClassNotFoundException': org/springframework/boot/actuate/endpoint/jmx/DataEndpointMBean> (0x00000000eff3b260) thrown at [C:\re\workspace\8-2-build-windows-amd64-cygwin\jdk8u181\11358\hotspot\src\share\vm\classfile\systemDictionary
Event: 20.709 Thread 0x000000001849f000 Exception <a 'java/lang/ClassNotFoundException': org/springframework/context/support/LiveBeansView> (0x00000000eff3b7a8) thrown at [C:\re\workspace\8-2-build-windows-amd64-cygwin\jdk8u181\11358\hotspot\src\share\vm\classfile\systemDictionary.cpp, line 210
Event: 20.710 Thread 0x000000001849f000 Exception <a 'java/lang/ClassNotFoundException': org/springframework/boot/actuate/endpoint/jmx/EndpointMBean> (0x00000000effa8d88) thrown at [C:\re\workspace\8-2-build-windows-amd64-cygwin\jdk8u181\11358\hotspot\src\share\vm\classfile\systemDictionary.cpp
Event: 20.710 Thread 0x000000001849f000 Exception <a 'java/lang/ClassNotFoundException': org/springframework/boot/actuate/endpoint/jmx/DataEndpointMBean> (0x00000000effa92e8) thrown at [C:\re\workspace\8-2-build-windows-amd64-cygwin\jdk8u181\11358\hotspot\src\share\vm\classfile\systemDictionary
Event: 20.710 Thread 0x000000001849f000 Exception <a 'java/lang/ClassNotFoundException': org/springframework/context/support/LiveBeansView> (0x00000000effa9830) thrown at [C:\re\workspace\8-2-build-windows-amd64-cygwin\jdk8u181\11358\hotspot\src\share\vm\classfile\systemDictionary.cpp, line 210
Event: 20.710 Thread 0x000000001849f000 Exception <a 'java/lang/ClassNotFoundException': org/springframework/boot/actuate/endpoint/jmx/EndpointMBean> (0x00000000effa9b60) thrown at [C:\re\workspace\8-2-build-windows-amd64-cygwin\jdk8u181\11358\hotspot\src\share\vm\classfile\systemDictionary.cpp
Event: 20.710 Thread 0x000000001849f000 Exception <a 'java/lang/ClassNotFoundException': org/springframework/boot/actuate/endpoint/jmx/DataEndpointMBean> (0x00000000effaa080) thrown at [C:\re\workspace\8-2-build-windows-amd64-cygwin\jdk8u181\11358\hotspot\src\share\vm\classfile\systemDictionary
Event: 20.710 Thread 0x000000001849f000 Exception <a 'java/lang/ClassNotFoundException': org/springframework/context/support/LiveBeansView> (0x00000000effaa588) thrown at [C:\re\workspace\8-2-build-windows-amd64-cygwin\jdk8u181\11358\hotspot\src\share\vm\classfile\systemDictionary.cpp, line 210
Event: 28.160 Thread 0x00000000162e0800 Exception <a 'java/lang/ClassNotFoundException': java/lang/ObjectCustomizer> (0x00000000f10ba638) thrown at [C:\re\workspace\8-2-build-windows-amd64-cygwin\jdk8u181\11358\hotspot\src\share\vm\classfile\systemDictionary.cpp, line 210]
Event: 28.161 Thread 0x00000000162e0800 Exception <a 'java/lang/ClassNotFoundException': io/awasi/dsmanager/entities/SchoolCustomizer> (0x00000000f10d0840) thrown at [C:\re\workspace\8-2-build-windows-amd64-cygwin\jdk8u181\11358\hotspot\src\share\vm\classfile\systemDictionary.cpp, line 210]

Events (10 events):
Event: 246.885 Thread 0x0000000014ecc000 flushing nmethod 0x000000000301e610
Event: 246.886 Thread 0x0000000014ecc000 flushing nmethod 0x000000000302a010
Event: 246.890 Thread 0x0000000014ecc000 flushing nmethod 0x00000000030ce050
Event: 246.895 Thread 0x0000000014ecc000 flushing nmethod 0x00000000031b52d0
Event: 270.992 Thread 0x0000000014ecc000 flushing nmethod 0x0000000003690e10
Event: 271.438 Thread 0x0000000014ecc000 flushing nmethod 0x00000000038f1fd0
Event: 271.439 Thread 0x0000000014ecc000 flushing nmethod 0x00000000038f3b50
Event: 281.751 Thread 0x0000000014e70800 flushing nmethod 0x0000000003f15650
Event: 281.751 Thread 0x0000000014e70800 flushing nmethod 0x0000000003f15e10
Event: 281.753 Thread 0x0000000014e70800 flushing nmethod 0x0000000003f56090


Dynamic libraries:
0x00007ff6a8140000 - 0x00007ff6a8177000 	C:\Program Files\Java\jre1.8.0_181\bin\javaw.exe
0x00007fff360c0000 - 0x00007fff362a1000 	C:\WINDOWS\SYSTEM32\ntdll.dll
0x00007fff35820000 - 0x00007fff358d1000 	C:\WINDOWS\System32\KERNEL32.DLL
0x00007fff32920000 - 0x00007fff32b93000 	C:\WINDOWS\System32\KERNELBASE.dll
0x00007fff35ac0000 - 0x00007fff35b61000 	C:\WINDOWS\System32\ADVAPI32.dll
0x00007fff33890000 - 0x00007fff3392e000 	C:\WINDOWS\System32\msvcrt.dll
0x00007fff35c20000 - 0x00007fff35c7b000 	C:\WINDOWS\System32\sechost.dll
0x00007fff33f20000 - 0x00007fff34044000 	C:\WINDOWS\System32\RPCRT4.dll
0x00007fff340d0000 - 0x00007fff34260000 	C:\WINDOWS\System32\USER32.dll
0x00007fff32490000 - 0x00007fff324b0000 	C:\WINDOWS\System32\win32u.dll
0x00007fff35cf0000 - 0x00007fff35d18000 	C:\WINDOWS\System32\GDI32.dll
0x00007fff32730000 - 0x00007fff328c1000 	C:\WINDOWS\System32\gdi32full.dll
0x00007fff324b0000 - 0x00007fff3254f000 	C:\WINDOWS\System32\msvcp_win.dll
0x00007fff325b0000 - 0x00007fff326a8000 	C:\WINDOWS\System32\ucrtbase.dll
0x00007fff23cf0000 - 0x00007fff23f59000 	C:\WINDOWS\WinSxS\amd64_microsoft.windows.common-controls_6595b64144ccf1df_6.0.17134.950_none_fb3da4273069d3e0\COMCTL32.dll
0x00007fff33550000 - 0x00007fff33872000 	C:\WINDOWS\System32\combase.dll
0x00007fff326b0000 - 0x00007fff32729000 	C:\WINDOWS\System32\bcryptPrimitives.dll
0x00007fff36000000 - 0x00007fff3602d000 	C:\WINDOWS\System32\IMM32.DLL
0x000000005cc00000 - 0x000000005ccd2000 	C:\Program Files\Java\jre1.8.0_181\bin\msvcr100.dll
0x000000005d740000 - 0x000000005dfe2000 	C:\Program Files\Java\jre1.8.0_181\bin\server\jvm.dll
0x00007fff35d20000 - 0x00007fff35d28000 	C:\WINDOWS\System32\PSAPI.DLL
0x00007fff19c10000 - 0x00007fff19c19000 	C:\WINDOWS\SYSTEM32\WSOCK32.dll
0x00007fff2ffe0000 - 0x00007fff30003000 	C:\WINDOWS\SYSTEM32\WINMM.dll
0x00007fff35c80000 - 0x00007fff35cec000 	C:\WINDOWS\System32\WS2_32.dll
0x00007fff2fce0000 - 0x00007fff2fd0a000 	C:\WINDOWS\SYSTEM32\winmmbase.dll
0x00007fff328d0000 - 0x00007fff32919000 	C:\WINDOWS\System32\cfgmgr32.dll
0x00007fff2c750000 - 0x00007fff2c75a000 	C:\WINDOWS\SYSTEM32\VERSION.dll
0x000000005e140000 - 0x000000005e14f000 	C:\Program Files\Java\jre1.8.0_181\bin\verify.dll
0x000000005d630000 - 0x000000005d659000 	C:\Program Files\Java\jre1.8.0_181\bin\java.dll
0x000000005d610000 - 0x000000005d626000 	C:\Program Files\Java\jre1.8.0_181\bin\zip.dll
0x00007fff34260000 - 0x00007fff356a0000 	C:\WINDOWS\System32\SHELL32.dll
0x00007fff35b70000 - 0x00007fff35c19000 	C:\WINDOWS\System32\shcore.dll
0x00007fff32ba0000 - 0x00007fff332ad000 	C:\WINDOWS\System32\windows.storage.dll
0x00007fff35e00000 - 0x00007fff35e51000 	C:\WINDOWS\System32\shlwapi.dll
0x00007fff32450000 - 0x00007fff32461000 	C:\WINDOWS\System32\kernel.appcore.dll
0x00007fff32430000 - 0x00007fff3244f000 	C:\WINDOWS\System32\profapi.dll
0x00007fff323e0000 - 0x00007fff3242c000 	C:\WINDOWS\System32\powrprof.dll
0x00007fff323d0000 - 0x00007fff323da000 	C:\WINDOWS\System32\FLTLIB.DLL
0x000000005d5f0000 - 0x000000005d60a000 	C:\Program Files\Java\jre1.8.0_181\bin\net.dll
0x00007fff31bf0000 - 0x00007fff31c56000 	C:\WINDOWS\system32\mswsock.dll
0x00007fff31980000 - 0x00007fff31a3e000 	C:\WINDOWS\SYSTEM32\DNSAPI.dll
0x00007fff33ac0000 - 0x00007fff33ac8000 	C:\WINDOWS\System32\NSI.dll
0x00007fff31940000 - 0x00007fff31978000 	C:\WINDOWS\SYSTEM32\IPHLPAPI.DLL
0x00007fff26000000 - 0x00007fff2600a000 	C:\Windows\System32\rasadhlp.dll
0x00007fff1d820000 - 0x00007fff1d892000 	C:\WINDOWS\System32\fwpuclnt.dll
0x00007fff31ed0000 - 0x00007fff31ef5000 	C:\WINDOWS\SYSTEM32\bcrypt.dll
0x000000005d5c0000 - 0x000000005d5cd000 	C:\Program Files\Java\jre1.8.0_181\bin\management.dll
0x000000005d5d0000 - 0x000000005d5e1000 	C:\Program Files\Java\jre1.8.0_181\bin\nio.dll
0x00007fff31da0000 - 0x00007fff31db7000 	C:\WINDOWS\SYSTEM32\CRYPTSP.dll
0x00007fff317a0000 - 0x00007fff317d3000 	C:\WINDOWS\system32\rsaenh.dll
0x00007fff322d0000 - 0x00007fff322f8000 	C:\WINDOWS\SYSTEM32\USERENV.dll
0x00007fff31dc0000 - 0x00007fff31dcb000 	C:\WINDOWS\SYSTEM32\CRYPTBASE.dll
0x00007fff272c0000 - 0x00007fff272d6000 	C:\WINDOWS\SYSTEM32\dhcpcsvc6.DLL
0x00007fff27e00000 - 0x00007fff27e1a000 	C:\WINDOWS\SYSTEM32\dhcpcsvc.DLL
0x00007fff20330000 - 0x00007fff20346000 	C:\WINDOWS\system32\napinsp.dll
0x00007fff13f70000 - 0x00007fff13f8a000 	C:\WINDOWS\system32\pnrpnsp.dll
0x00007fff2e7c0000 - 0x00007fff2e7d9000 	C:\WINDOWS\system32\NLAapi.dll
0x00007fff13f60000 - 0x00007fff13f6e000 	C:\WINDOWS\System32\winrnr.dll
0x00007fff271b0000 - 0x00007fff271c5000 	C:\WINDOWS\System32\wshbth.dll

VM Arguments:
jvm_args: -Dfile.encoding=UTF-8 
java_command: io.awasi.dsmanager.DsmanagerApplication
java_class_path (initial): G:\updated\dsmanager\target\classes;C:\Users\pc\.m2\repository\org\springframework\boot\spring-boot-starter-data-jpa\2.1.7.RELEASE\spring-boot-starter-data-jpa-2.1.7.RELEASE.jar;C:\Users\pc\.m2\repository\org\springframework\boot\spring-boot-starter-aop\2.1.7.RELEASE\spring-boot-starter-aop-2.1.7.RELEASE.jar;C:\Users\pc\.m2\repository\org\springframework\spring-aop\5.1.9.RELEASE\spring-aop-5.1.9.RELEASE.jar;C:\Users\pc\.m2\repository\org\aspectj\aspectjweaver\1.9.4\aspectjweaver-1.9.4.jar;C:\Users\pc\.m2\repository\org\springframework\boot\spring-boot-starter-jdbc\2.1.7.RELEASE\spring-boot-starter-jdbc-2.1.7.RELEASE.jar;C:\Users\pc\.m2\repository\com\zaxxer\HikariCP\3.2.0\HikariCP-3.2.0.jar;C:\Users\pc\.m2\repository\org\springframework\spring-jdbc\5.1.9.RELEASE\spring-jdbc-5.1.9.RELEASE.jar;C:\Users\pc\.m2\repository\javax\transaction\javax.transaction-api\1.3\javax.transaction-api-1.3.jar;C:\Users\pc\.m2\repository\javax\xml\bind\jaxb-api\2.3.1\jaxb-api-2.3.1.jar;C:\Users\pc\.m2\repository\javax\activation\javax.activation-api\1.2.0\javax.activation-api-1.2.0.jar;C:\Users\pc\.m2\repository\org\hibernate\hibernate-core\5.3.10.Final\hibernate-core-5.3.10.Final.jar;C:\Users\pc\.m2\repository\org\jboss\logging\jboss-logging\3.3.2.Final\jboss-logging-3.3.2.Final.jar;C:\Users\pc\.m2\repository\javax\persistence\javax.persistence-api\2.2\javax.persistence-api-2.2.jar;C:\Users\pc\.m2\repository\org\javassist\javassist\3.23.2-GA\javassist-3.23.2-GA.jar;C:\Users\pc\.m2\repository\net\bytebuddy\byte-buddy\1.9.16\byte-buddy-1.9.16.jar;C:\Users\pc\.m2\repository\antlr\antlr\2.7.7\antlr-2.7.7.jar;C:\Users\pc\.m2\repository\org\jboss\jandex\2.0.5.Final\jandex-2.0.5.Final.jar;C:\Users\pc\.m2\repository\com\fasterxml\classmate\1.4.0\classmate-1.4.0.jar;C:\Users\pc\.m2\repository\org\dom4j\dom4j\2.1.1\dom4j-2.1.1.jar;C:\Users\pc\.m2\repository\org\hibernate\common\hibernate-commons-annotations\5.0.4.Final\hibernate-commons-annotations-5.0.4.Final.jar;C:
Launcher Type: SUN_STANDARD

Environment Variables:
PATH=C:/Program Files/Java/jre1.8.0_181/bin/server;C:/Program Files/Java/jre1.8.0_181/bin;C:/Program Files/Java/jre1.8.0_181/lib/amd64;E:\oracleinstalled\bin;C:\Program Files (x86)\Common Files\Oracle\Java\javapath;C:\Program Files\Java\jdk8\bin;C:\Program Files\Java\jre8\bin;C:\WINDOWS\system32;C:\WINDOWS;C:\WINDOWS\System32\Wbem;C:\WINDOWS\System32\WindowsPowerShell\v1.0\;C:\WINDOWS\System32\OpenSSH\;C:\sqlite3;C:\Python30;C:\Program Files\nodejs\;C:\Ruby24-x64\bin;C:\Users\pc\AppData\Local\Microsoft\WindowsApps;C:\Program Files\JetBrains\PyCharm Community Edition 2018.3.1\bin;;"C:\Program Files\Java\jdk1.8.0_181\bin;C:\Program Files\Java\jdk1.8.0_181\bin";C:\Users\pc\AppData\Roaming\npm;C:\Users\pc\AppData\Local\Programs\Microsoft VS Code\bin;G:\updated\sts-4.3.1.RELEASE;
USERNAME=Godsees
OS=Windows_NT
PROCESSOR_IDENTIFIER=Intel64 Family 6 Model 122 Stepping 1, GenuineIntel



---------------  S Y S T E M  ---------------

OS: Windows 10.0 , 64 bit Build 17134 (10.0.17134.753)

CPU:total 2 (initial active 2) (2 cores per cpu, 1 threads per core) family 6 model 122 stepping 1, cmov, cx8, fxsr, mmx, sse, sse2, sse3, ssse3, sse4.1, sse4.2, popcnt, aes, clmul, erms, 3dnowpref, tsc, tscinvbit

Memory: 4k page, physical 4021836k(194028k free), swap 7677128k(784k free)

vm_info: Java HotSpot(TM) 64-Bit Server VM (25.181-b13) for windows-amd64 JRE (1.8.0_181-b13), built on Jul  7 2018 04:01:33 by "java_re" with MS VC++ 10.0 (VS2010)

time: Thu Sep 12 18:39:29 2019
elapsed time: 302 seconds (0d 0h 5m 2s)

