#
# There is insufficient memory for the Java Runtime Environment to continue.
# Native memory allocation (malloc) failed to allocate 1382896 bytes for Chunk::new
# Possible reasons:
#   The system is out of physical RAM or swap space
#   In 32 bit mode, the process size limit was hit
# Possible solutions:
#   Reduce memory load on the system
#   Increase physical memory or swap space
#   Check if swap backing store is full
#   Use 64 bit Java on a 64 bit OS
#   Decrease Java heap size (-Xmx/-Xms)
#   Decrease number of Java threads
#   Decrease Java thread stack sizes (-Xss)
#   Set larger code cache with -XX:ReservedCodeCacheSize=
# This output file may be truncated or incomplete.
#
#  Out of Memory Error (allocation.cpp:390), pid=11712, tid=0x00000000000013e8
#
# JRE version: Java(TM) SE Runtime Environment (8.0_181-b13) (build 1.8.0_181-b13)
# Java VM: Java HotSpot(TM) 64-Bit Server VM (25.181-b13 mixed mode windows-amd64 compressed oops)
# Failed to write core dump. Minidumps are not enabled by default on client versions of Windows
#

---------------  T H R E A D  ---------------

Current thread (0x0000000014e31000):  JavaThread "C2 CompilerThread0" daemon [_thread_in_native, id=5096, stack(0x0000000015e50000,0x0000000015f50000)]

Stack: [0x0000000015e50000,0x0000000015f50000]
[error occurred during error reporting (printing stack bounds), id 0xc0000005]

Native frames: (J=compiled Java code, j=interpreted, Vv=VM code, C=native code)


Current CompileTask:
C2:  27927 6857       4       java.lang.Class::privateGetMethodRecursive (130 bytes)


---------------  P R O C E S S  ---------------

Java Threads: ( => current thread )
  0x000000001da3f800 JavaThread "DestroyJavaVM" [_thread_blocked, id=11376, stack(0x0000000002880000,0x0000000002980000)]
  0x000000001da32000 JavaThread "http-nio-8080-Acceptor" daemon [_thread_in_native, id=7964, stack(0x000000001fcd0000,0x000000001fdd0000)]
  0x000000001da38800 JavaThread "http-nio-8080-ClientPoller" daemon [_thread_in_native, id=7832, stack(0x000000001fbd0000,0x000000001fcd0000)]
  0x000000001da31000 JavaThread "http-nio-8080-exec-10" daemon [_thread_blocked, id=8224, stack(0x000000001fad0000,0x000000001fbd0000)]
  0x000000001da38000 JavaThread "http-nio-8080-exec-9" daemon [_thread_blocked, id=3936, stack(0x000000001f9d0000,0x000000001fad0000)]
  0x000000001da30800 JavaThread "http-nio-8080-exec-8" daemon [_thread_blocked, id=5788, stack(0x000000001f8d0000,0x000000001f9d0000)]
  0x000000001da37000 JavaThread "http-nio-8080-exec-7" daemon [_thread_blocked, id=5716, stack(0x000000001f7d0000,0x000000001f8d0000)]
  0x000000001da36800 JavaThread "http-nio-8080-exec-6" daemon [_thread_blocked, id=5492, stack(0x000000001f6d0000,0x000000001f7d0000)]
  0x000000001da34000 JavaThread "http-nio-8080-exec-5" daemon [_thread_blocked, id=1260, stack(0x000000001f5d0000,0x000000001f6d0000)]
  0x000000001da32800 JavaThread "http-nio-8080-exec-4" daemon [_thread_blocked, id=4116, stack(0x000000001f4d0000,0x000000001f5d0000)]
  0x000000001da35000 JavaThread "http-nio-8080-exec-3" daemon [_thread_blocked, id=584, stack(0x000000001f3d0000,0x000000001f4d0000)]
  0x000000001da35800 JavaThread "http-nio-8080-exec-2" daemon [_thread_blocked, id=2044, stack(0x000000001f2d0000,0x000000001f3d0000)]
  0x000000001da33800 JavaThread "http-nio-8080-exec-1" daemon [_thread_blocked, id=11220, stack(0x000000001f1d0000,0x000000001f2d0000)]
  0x0000000016e0b000 JavaThread "http-nio-8080-BlockPoller" daemon [_thread_in_native, id=6020, stack(0x000000001f0d0000,0x000000001f1d0000)]
  0x0000000016e0c000 JavaThread "HikariPool-1 housekeeper" daemon [_thread_blocked, id=4932, stack(0x000000001b770000,0x000000001b870000)]
  0x0000000016e0e000 JavaThread "PostgreSQL-JDBC-SharedTimer-1" daemon [_thread_blocked, id=4840, stack(0x000000001b670000,0x000000001b770000)]
  0x0000000016e0f000 JavaThread "container-0" [_thread_blocked, id=11676, stack(0x000000001b170000,0x000000001b270000)]
  0x0000000016e08800 JavaThread "Catalina-utility-2" [_thread_blocked, id=9268, stack(0x000000001b070000,0x000000001b170000)]
  0x0000000016e0d800 JavaThread "Catalina-utility-1" [_thread_blocked, id=3744, stack(0x000000001af70000,0x000000001b070000)]
  0x0000000017bb7000 JavaThread "JMX server connection timeout 14" daemon [_thread_blocked, id=7612, stack(0x00000000192a0000,0x00000000193a0000)]
  0x0000000017eaf000 JavaThread "RMI Scheduler(0)" daemon [_thread_blocked, id=11468, stack(0x00000000191a0000,0x00000000192a0000)]
  0x0000000017deb800 JavaThread "RMI TCP Connection(1)-192.168.100.77" daemon [_thread_in_native, id=12276, stack(0x0000000018ea0000,0x0000000018fa0000)]
  0x0000000016d21800 JavaThread "RMI TCP Accept-0" daemon [_thread_in_native, id=5320, stack(0x00000000179d0000,0x0000000017ad0000)]
  0x0000000014ead000 JavaThread "Service Thread" daemon [_thread_blocked, id=7680, stack(0x0000000016050000,0x0000000016150000)]
  0x0000000014e38800 JavaThread "C1 CompilerThread1" daemon [_thread_blocked, id=11776, stack(0x0000000015f50000,0x0000000016050000)]
=>0x0000000014e31000 JavaThread "C2 CompilerThread0" daemon [_thread_in_native, id=5096, stack(0x0000000015e50000,0x0000000015f50000)]
  0x0000000014e2f800 JavaThread "Attach Listener" daemon [_thread_blocked, id=8680, stack(0x0000000015d50000,0x0000000015e50000)]
  0x0000000014e2c000 JavaThread "Signal Dispatcher" daemon [_thread_blocked, id=3544, stack(0x0000000015c50000,0x0000000015d50000)]
  0x0000000014e18800 JavaThread "Finalizer" daemon [_thread_blocked, id=10896, stack(0x0000000015a60000,0x0000000015b60000)]
  0x0000000002aa2800 JavaThread "Reference Handler" daemon [_thread_blocked, id=6364, stack(0x0000000015960000,0x0000000015a60000)]

Other Threads:
  0x0000000014df5800 VMThread [stack: 0x0000000015860000,0x0000000015960000] [id=11956]
  0x0000000016170800 WatcherThread [stack: 0x0000000016550000,0x0000000016650000] [id=3264]

VM state:not at safepoint (normal execution)

VM Mutex/Monitor currently owned by a thread: None

Heap:
 PSYoungGen      total 183808K, used 73862K [0x00000000eb900000, 0x00000000f8480000, 0x0000000100000000)
  eden space 166400K, 44% used [0x00000000eb900000,0x00000000f0121a00,0x00000000f5b80000)
  from space 17408K, 0% used [0x00000000f6c80000,0x00000000f6c80000,0x00000000f7d80000)
  to   space 17408K, 0% used [0x00000000f5b80000,0x00000000f5b80000,0x00000000f6c80000)
 ParOldGen       total 79360K, used 27226K [0x00000000c2a00000, 0x00000000c7780000, 0x00000000eb900000)
  object space 79360K, 34% used [0x00000000c2a00000,0x00000000c4496940,0x00000000c7780000)
 Metaspace       used 59791K, capacity 62848K, committed 63104K, reserved 1103872K
  class space    used 8071K, capacity 8549K, committed 8576K, reserved 1048576K

Card table byte_map: [0x0000000011ef0000,0x00000000120e0000] byte_map_base: 0x00000000118db000

Marking Bits: (ParMarkBitMap*) 0x000000005c262d00
 Begin Bits: [0x0000000012430000, 0x0000000013388000)
 End Bits:   [0x0000000013388000, 0x00000000142e0000)

Polling page: 0x0000000000ca0000

CodeCache: size=245760Kb used=20596Kb max_used=20669Kb free=225163Kb
 bounds [0x0000000002b30000, 0x0000000003fa0000, 0x0000000011b30000]
 total_blobs=6958 nmethods=6442 adapters=428
 compilation: enabled

Compilation events (10 events):
Event: 20.403 Thread 0x0000000014e38800 6978       2       org.springframework.core.ResolvableType$WildcardBounds::get (134 bytes)
Event: 20.405 Thread 0x0000000014e38800 nmethod 6978 0x0000000002ca5190 code [0x0000000002ca5360, 0x0000000002ca5938]
Event: 20.408 Thread 0x0000000014e38800 6979   !   2       org.springframework.util.ConcurrentReferenceHashMap$Segment::clear (63 bytes)
Event: 20.409 Thread 0x0000000014e38800 nmethod 6979 0x0000000002ce9290 code [0x0000000002ce9420, 0x0000000002ce9748]
Event: 20.414 Thread 0x0000000014e38800 6980       1       org.springframework.data.jpa.repository.config.JpaMetamodelMappingContextFactoryBean::getObjectType (3 bytes)
Event: 20.414 Thread 0x0000000014e38800 nmethod 6980 0x0000000002c61590 code [0x0000000002c616e0, 0x0000000002c617f0]
Event: 21.338 Thread 0x0000000014e31000 nmethod 6880 0x0000000003f6fd90 code [0x0000000003f70980, 0x0000000003f7a8a8]
Event: 21.341 Thread 0x0000000014e31000 6932       4       org.springframework.core.annotation.AnnotatedElementUtils::searchWithGetSemanticsInAnnotations (342 bytes)
Event: 21.522 Thread 0x0000000014e31000 nmethod 6932 0x0000000002f876d0 code [0x0000000002f87ae0, 0x0000000002f8a528]
Event: 21.523 Thread 0x0000000014e31000 6857       4       java.lang.Class::privateGetMethodRecursive (130 bytes)

GC Heap History (10 events):
Event: 8.125 GC heap before
{Heap before GC invocations=11 (full 2):
 PSYoungGen      total 110080K, used 8181K [0x00000000eb900000, 0x00000000f5480000, 0x0000000100000000)
  eden space 101888K, 0% used [0x00000000eb900000,0x00000000eb900000,0x00000000f1c80000)
  from space 8192K, 99% used [0x00000000f1c80000,0x00000000f247d580,0x00000000f2480000)
  to   space 10752K, 0% used [0x00000000f4a00000,0x00000000f4a00000,0x00000000f5480000)
 ParOldGen       total 34304K, used 15125K [0x00000000c2a00000, 0x00000000c4b80000, 0x00000000eb900000)
  object space 34304K, 44% used [0x00000000c2a00000,0x00000000c38c56a0,0x00000000c4b80000)
 Metaspace       used 33636K, capacity 35326K, committed 35456K, reserved 1079296K
  class space    used 4348K, capacity 4658K, committed 4736K, reserved 1048576K
Event: 8.272 GC heap after
Heap after GC invocations=11 (full 2):
 PSYoungGen      total 110080K, used 0K [0x00000000eb900000, 0x00000000f5480000, 0x0000000100000000)
  eden space 101888K, 0% used [0x00000000eb900000,0x00000000eb900000,0x00000000f1c80000)
  from space 8192K, 0% used [0x00000000f1c80000,0x00000000f1c80000,0x00000000f2480000)
  to   space 10752K, 0% used [0x00000000f4a00000,0x00000000f4a00000,0x00000000f5480000)
 ParOldGen       total 52224K, used 15560K [0x00000000c2a00000, 0x00000000c5d00000, 0x00000000eb900000)
  object space 52224K, 29% used [0x00000000c2a00000,0x00000000c3932060,0x00000000c5d00000)
 Metaspace       used 33636K, capacity 35326K, committed 35456K, reserved 1079296K
  class space    used 4348K, capacity 4658K, committed 4736K, reserved 1048576K
}
Event: 12.269 GC heap before
{Heap before GC invocations=12 (full 2):
 PSYoungGen      total 110080K, used 101888K [0x00000000eb900000, 0x00000000f5480000, 0x0000000100000000)
  eden space 101888K, 100% used [0x00000000eb900000,0x00000000f1c80000,0x00000000f1c80000)
  from space 8192K, 0% used [0x00000000f1c80000,0x00000000f1c80000,0x00000000f2480000)
  to   space 10752K, 0% used [0x00000000f4a00000,0x00000000f4a00000,0x00000000f5480000)
 ParOldGen       total 52224K, used 15560K [0x00000000c2a00000, 0x00000000c5d00000, 0x00000000eb900000)
  object space 52224K, 29% used [0x00000000c2a00000,0x00000000c3932060,0x00000000c5d00000)
 Metaspace       used 46982K, capacity 49006K, committed 49280K, reserved 1091584K
  class space    used 6327K, capacity 6666K, committed 6784K, reserved 1048576K
Event: 12.304 GC heap after
Heap after GC invocations=12 (full 2):
 PSYoungGen      total 141312K, used 10745K [0x00000000eb900000, 0x00000000f5480000, 0x0000000100000000)
  eden space 130560K, 0% used [0x00000000eb900000,0x00000000eb900000,0x00000000f3880000)
  from space 10752K, 99% used [0x00000000f4a00000,0x00000000f547e498,0x00000000f5480000)
  to   space 13312K, 0% used [0x00000000f3a80000,0x00000000f3a80000,0x00000000f4780000)
 ParOldGen       total 52224K, used 19757K [0x00000000c2a00000, 0x00000000c5d00000, 0x00000000eb900000)
  object space 52224K, 37% used [0x00000000c2a00000,0x00000000c3d4b720,0x00000000c5d00000)
 Metaspace       used 46982K, capacity 49006K, committed 49280K, reserved 1091584K
  class space    used 6327K, capacity 6666K, committed 6784K, reserved 1048576K
}
Event: 16.016 GC heap before
{Heap before GC invocations=13 (full 2):
 PSYoungGen      total 141312K, used 141304K [0x00000000eb900000, 0x00000000f5480000, 0x0000000100000000)
  eden space 130560K, 99% used [0x00000000eb900000,0x00000000f387fe38,0x00000000f3880000)
  from space 10752K, 99% used [0x00000000f4a00000,0x00000000f547e498,0x00000000f5480000)
  to   space 13312K, 0% used [0x00000000f3a80000,0x00000000f3a80000,0x00000000f4780000)
 ParOldGen       total 52224K, used 19757K [0x00000000c2a00000, 0x00000000c5d00000, 0x00000000eb900000)
  object space 52224K, 37% used [0x00000000c2a00000,0x00000000c3d4b720,0x00000000c5d00000)
 Metaspace       used 55074K, capacity 57538K, committed 57856K, reserved 1099776K
  class space    used 7393K, capacity 7812K, committed 7936K, reserved 1048576K
Event: 16.086 GC heap after
Heap after GC invocations=13 (full 2):
 PSYoungGen      total 145920K, used 13298K [0x00000000eb900000, 0x00000000f7d80000, 0x0000000100000000)
  eden space 132608K, 0% used [0x00000000eb900000,0x00000000eb900000,0x00000000f3a80000)
  from space 13312K, 99% used [0x00000000f3a80000,0x00000000f477cbf8,0x00000000f4780000)
  to   space 17408K, 0% used [0x00000000f6c80000,0x00000000f6c80000,0x00000000f7d80000)
 ParOldGen       total 52224K, used 25373K [0x00000000c2a00000, 0x00000000c5d00000, 0x00000000eb900000)
  object space 52224K, 48% used [0x00000000c2a00000,0x00000000c42c7740,0x00000000c5d00000)
 Metaspace       used 55074K, capacity 57538K, committed 57856K, reserved 1099776K
  class space    used 7393K, capacity 7812K, committed 7936K, reserved 1048576K
}
Event: 16.819 GC heap before
{Heap before GC invocations=14 (full 2):
 PSYoungGen      total 145920K, used 27503K [0x00000000eb900000, 0x00000000f7d80000, 0x0000000100000000)
  eden space 132608K, 10% used [0x00000000eb900000,0x00000000ec6df3a0,0x00000000f3a80000)
  from space 13312K, 99% used [0x00000000f3a80000,0x00000000f477cbf8,0x00000000f4780000)
  to   space 17408K, 0% used [0x00000000f6c80000,0x00000000f6c80000,0x00000000f7d80000)
 ParOldGen       total 52224K, used 25373K [0x00000000c2a00000, 0x00000000c5d00000, 0x00000000eb900000)
  object space 52224K, 48% used [0x00000000c2a00000,0x00000000c42c7740,0x00000000c5d00000)
 Metaspace       used 56426K, capacity 59056K, committed 59096K, reserved 1099776K
  class space    used 7581K, capacity 8031K, committed 8064K, reserved 1048576K
Event: 16.851 GC heap after
Heap after GC invocations=14 (full 2):
 PSYoungGen      total 183808K, used 1749K [0x00000000eb900000, 0x00000000f8480000, 0x0000000100000000)
  eden space 166400K, 0% used [0x00000000eb900000,0x00000000eb900000,0x00000000f5b80000)
  from space 17408K, 10% used [0x00000000f6c80000,0x00000000f6e35430,0x00000000f7d80000)
  to   space 17408K, 0% used [0x00000000f5b80000,0x00000000f5b80000,0x00000000f6c80000)
 ParOldGen       total 52224K, used 34189K [0x00000000c2a00000, 0x00000000c5d00000, 0x00000000eb900000)
  object space 52224K, 65% used [0x00000000c2a00000,0x00000000c4b63458,0x00000000c5d00000)
 Metaspace       used 56426K, capacity 59056K, committed 59096K, reserved 1099776K
  class space    used 7581K, capacity 8031K, committed 8064K, reserved 1048576K
}
Event: 16.851 GC heap before
{Heap before GC invocations=15 (full 3):
 PSYoungGen      total 183808K, used 1749K [0x00000000eb900000, 0x00000000f8480000, 0x0000000100000000)
  eden space 166400K, 0% used [0x00000000eb900000,0x00000000eb900000,0x00000000f5b80000)
  from space 17408K, 10% used [0x00000000f6c80000,0x00000000f6e35430,0x00000000f7d80000)
  to   space 17408K, 0% used [0x00000000f5b80000,0x00000000f5b80000,0x00000000f6c80000)
 ParOldGen       total 52224K, used 34189K [0x00000000c2a00000, 0x00000000c5d00000, 0x00000000eb900000)
  object space 52224K, 65% used [0x00000000c2a00000,0x00000000c4b63458,0x00000000c5d00000)
 Metaspace       used 56426K, capacity 59056K, committed 59096K, reserved 1099776K
  class space    used 7581K, capacity 8031K, committed 8064K, reserved 1048576K
Event: 17.358 GC heap after
Heap after GC invocations=15 (full 3):
 PSYoungGen      total 183808K, used 0K [0x00000000eb900000, 0x00000000f8480000, 0x0000000100000000)
  eden space 166400K, 0% used [0x00000000eb900000,0x00000000eb900000,0x00000000f5b80000)
  from space 17408K, 0% used [0x00000000f6c80000,0x00000000f6c80000,0x00000000f7d80000)
  to   space 17408K, 0% used [0x00000000f5b80000,0x00000000f5b80000,0x00000000f6c80000)
 ParOldGen       total 79360K, used 27226K [0x00000000c2a00000, 0x00000000c7780000, 0x00000000eb900000)
  object space 79360K, 34% used [0x00000000c2a00000,0x00000000c4496940,0x00000000c7780000)
 Metaspace       used 56426K, capacity 59056K, committed 59096K, reserved 1099776K
  class space    used 7581K, capacity 8031K, committed 8064K, reserved 1048576K
}

Deoptimization events (10 events):
Event: 18.661 Thread 0x00000000029b4000 Uncommon trap: reason=class_check action=maybe_recompile pc=0x0000000002e60c2c method=sun.reflect.generics.reflectiveObjects.TypeVariableImpl.hashCode()I @ 4
Event: 18.665 Thread 0x00000000029b4000 Uncommon trap: reason=unstable_if action=reinterpret pc=0x00000000036e52d4 method=java.util.concurrent.ConcurrentHashMap.putVal(Ljava/lang/Object;Ljava/lang/Object;Z)Ljava/lang/Object; @ 331
Event: 18.666 Thread 0x00000000029b4000 Uncommon trap: reason=unstable_if action=reinterpret pc=0x0000000002c6a160 method=java.util.concurrent.ConcurrentHashMap.get(Ljava/lang/Object;)Ljava/lang/Object; @ 86
Event: 19.328 Thread 0x00000000029b4000 Uncommon trap: reason=class_check action=maybe_recompile pc=0x0000000003ef6220 method=org.springframework.core.annotation.AnnotatedElementUtils.searchWithFindSemantics(Ljava/lang/reflect/AnnotatedElement;Ljava/util/Set;Ljava/lang/String;Ljava/lang/Class;L
Event: 19.349 Thread 0x00000000029b4000 Uncommon trap: reason=unstable_if action=reinterpret pc=0x00000000030c0348 method=java.util.concurrent.ConcurrentHashMap.transfer([Ljava/util/concurrent/ConcurrentHashMap$Node;[Ljava/util/concurrent/ConcurrentHashMap$Node;)V @ 356
Event: 19.350 Thread 0x00000000029b4000 Uncommon trap: reason=unstable_if action=reinterpret pc=0x0000000003009524 method=java.util.concurrent.ConcurrentHashMap.transfer([Ljava/util/concurrent/ConcurrentHashMap$Node;[Ljava/util/concurrent/ConcurrentHashMap$Node;)V @ 356
Event: 19.382 Thread 0x00000000029b4000 Uncommon trap: reason=unstable_if action=reinterpret pc=0x0000000003e99c00 method=org.springframework.beans.factory.support.AbstractBeanFactory.isTypeMatch(Ljava/lang/String;Lorg/springframework/core/ResolvableType;)Z @ 26
Event: 19.596 Thread 0x00000000029b4000 Uncommon trap: reason=null_check action=make_not_entrant pc=0x0000000003f21840 method=org.springframework.core.annotation.AnnotatedElementUtils.searchWithGetSemanticsInAnnotations(Ljava/lang/reflect/AnnotatedElement;Ljava/util/List;Ljava/util/Set;Ljava/la
Event: 20.120 Thread 0x00000000029b4000 Uncommon trap: reason=class_check action=maybe_recompile pc=0x0000000003ef6220 method=org.springframework.core.annotation.AnnotatedElementUtils.searchWithFindSemantics(Ljava/lang/reflect/AnnotatedElement;Ljava/util/Set;Ljava/lang/String;Ljava/lang/Class;L
Event: 20.211 Thread 0x00000000029b4000 Uncommon trap: reason=unstable_if action=reinterpret pc=0x00000000035f5794 method=org.springframework.util.ConcurrentReferenceHashMap$Segment.clear()V @ 4

Classes redefined (0 events):
No events

Internal exceptions (10 events):
Event: 19.667 Thread 0x0000000017deb800 Exception <a 'java/lang/ClassNotFoundException': org/springframework/context/support/LiveBeansView> (0x00000000eefb88e8) thrown at [C:\re\workspace\8-2-build-windows-amd64-cygwin\jdk8u181\11358\hotspot\src\share\vm\classfile\systemDictionary.cpp, line 210
Event: 19.667 Thread 0x0000000017deb800 Exception <a 'java/lang/ClassNotFoundException': org/springframework/boot/actuate/endpoint/jmx/EndpointMBean> (0x00000000eefcb130) thrown at [C:\re\workspace\8-2-build-windows-amd64-cygwin\jdk8u181\11358\hotspot\src\share\vm\classfile\systemDictionary.cpp
Event: 19.668 Thread 0x0000000017deb800 Exception <a 'java/lang/ClassNotFoundException': org/springframework/boot/actuate/endpoint/jmx/DataEndpointMBean> (0x00000000eefcb690) thrown at [C:\re\workspace\8-2-build-windows-amd64-cygwin\jdk8u181\11358\hotspot\src\share\vm\classfile\systemDictionary
Event: 19.668 Thread 0x0000000017deb800 Exception <a 'java/lang/ClassNotFoundException': org/springframework/context/support/LiveBeansView> (0x00000000eefcbbd8) thrown at [C:\re\workspace\8-2-build-windows-amd64-cygwin\jdk8u181\11358\hotspot\src\share\vm\classfile\systemDictionary.cpp, line 210
Event: 19.671 Thread 0x0000000017deb800 Exception <a 'java/lang/ClassNotFoundException': org/springframework/boot/actuate/endpoint/jmx/EndpointMBean> (0x00000000ef039230) thrown at [C:\re\workspace\8-2-build-windows-amd64-cygwin\jdk8u181\11358\hotspot\src\share\vm\classfile\systemDictionary.cpp
Event: 19.672 Thread 0x0000000017deb800 Exception <a 'java/lang/ClassNotFoundException': org/springframework/boot/actuate/endpoint/jmx/DataEndpointMBean> (0x00000000ef039790) thrown at [C:\re\workspace\8-2-build-windows-amd64-cygwin\jdk8u181\11358\hotspot\src\share\vm\classfile\systemDictionary
Event: 19.672 Thread 0x0000000017deb800 Exception <a 'java/lang/ClassNotFoundException': org/springframework/context/support/LiveBeansView> (0x00000000ef039cd8) thrown at [C:\re\workspace\8-2-build-windows-amd64-cygwin\jdk8u181\11358\hotspot\src\share\vm\classfile\systemDictionary.cpp, line 210
Event: 19.672 Thread 0x0000000017deb800 Exception <a 'java/lang/ClassNotFoundException': org/springframework/boot/actuate/endpoint/jmx/EndpointMBean> (0x00000000ef03a008) thrown at [C:\re\workspace\8-2-build-windows-amd64-cygwin\jdk8u181\11358\hotspot\src\share\vm\classfile\systemDictionary.cpp
Event: 19.672 Thread 0x0000000017deb800 Exception <a 'java/lang/ClassNotFoundException': org/springframework/boot/actuate/endpoint/jmx/DataEndpointMBean> (0x00000000ef03a528) thrown at [C:\re\workspace\8-2-build-windows-amd64-cygwin\jdk8u181\11358\hotspot\src\share\vm\classfile\systemDictionary
Event: 19.672 Thread 0x0000000017deb800 Exception <a 'java/lang/ClassNotFoundException': org/springframework/context/support/LiveBeansView> (0x00000000ef03aa30) thrown at [C:\re\workspace\8-2-build-windows-amd64-cygwin\jdk8u181\11358\hotspot\src\share\vm\classfile\systemDictionary.cpp, line 210

Events (10 events):
Event: 21.026 Executing VM operation: RevokeBias
Event: 21.026 Executing VM operation: RevokeBias done
Event: 21.026 Executing VM operation: RevokeBias
Event: 21.026 Executing VM operation: RevokeBias done
Event: 21.341 Thread 0x0000000014e31000 flushing nmethod 0x0000000003004e50
Event: 21.341 Thread 0x0000000014e31000 flushing nmethod 0x0000000003014c50
Event: 21.341 Thread 0x0000000014e31000 flushing nmethod 0x0000000003018fd0
Event: 21.341 Thread 0x0000000014e31000 flushing nmethod 0x000000000301dd90
Event: 21.523 Thread 0x0000000014e31000 flushing nmethod 0x00000000031c4610
Event: 21.523 Thread 0x0000000014e31000 flushing nmethod 0x000000000320ffd0


Dynamic libraries:
0x00007ff6989d0000 - 0x00007ff698a07000 	C:\Program Files\Java\jre1.8.0_181\bin\javaw.exe
0x00007ff9b1460000 - 0x00007ff9b1641000 	C:\WINDOWS\SYSTEM32\ntdll.dll
0x00007ff9b0f40000 - 0x00007ff9b0ff1000 	C:\WINDOWS\System32\KERNEL32.DLL
0x00007ff9ae300000 - 0x00007ff9ae573000 	C:\WINDOWS\System32\KERNELBASE.dll
0x00007ff9aefa0000 - 0x00007ff9af041000 	C:\WINDOWS\System32\ADVAPI32.dll
0x00007ff9b0b20000 - 0x00007ff9b0bbe000 	C:\WINDOWS\System32\msvcrt.dll
0x00007ff9aed70000 - 0x00007ff9aedcb000 	C:\WINDOWS\System32\sechost.dll
0x00007ff9b0bc0000 - 0x00007ff9b0ce4000 	C:\WINDOWS\System32\RPCRT4.dll
0x00007ff9b1080000 - 0x00007ff9b1210000 	C:\WINDOWS\System32\USER32.dll
0x00007ff9ad890000 - 0x00007ff9ad8b0000 	C:\WINDOWS\System32\win32u.dll
0x00007ff9aed40000 - 0x00007ff9aed68000 	C:\WINDOWS\System32\GDI32.dll
0x00007ff9ae6b0000 - 0x00007ff9ae841000 	C:\WINDOWS\System32\gdi32full.dll
0x00007ff9ae850000 - 0x00007ff9ae8ef000 	C:\WINDOWS\System32\msvcp_win.dll
0x00007ff9ae200000 - 0x00007ff9ae2f8000 	C:\WINDOWS\System32\ucrtbase.dll
0x00007ff997210000 - 0x00007ff997479000 	C:\WINDOWS\WinSxS\amd64_microsoft.windows.common-controls_6595b64144ccf1df_6.0.17134.950_none_fb3da4273069d3e0\COMCTL32.dll
0x00007ff9af050000 - 0x00007ff9af372000 	C:\WINDOWS\System32\combase.dll
0x00007ff9ae580000 - 0x00007ff9ae5f9000 	C:\WINDOWS\System32\bcryptPrimitives.dll
0x00007ff9aef70000 - 0x00007ff9aef9d000 	C:\WINDOWS\System32\IMM32.DLL
0x000000005c360000 - 0x000000005c432000 	C:\Program Files\Java\jre1.8.0_181\bin\msvcr100.dll
0x000000005ba40000 - 0x000000005c2e2000 	C:\Program Files\Java\jre1.8.0_181\bin\server\jvm.dll
0x00007ff9b1000000 - 0x00007ff9b1008000 	C:\WINDOWS\System32\PSAPI.DLL
0x00007ff993d00000 - 0x00007ff993d09000 	C:\WINDOWS\SYSTEM32\WSOCK32.dll
0x00007ff9ab870000 - 0x00007ff9ab893000 	C:\WINDOWS\SYSTEM32\WINMM.dll
0x00007ff9b0ed0000 - 0x00007ff9b0f3c000 	C:\WINDOWS\System32\WS2_32.dll
0x00007ff9a4610000 - 0x00007ff9a461a000 	C:\WINDOWS\SYSTEM32\VERSION.dll
0x00007ff9ab810000 - 0x00007ff9ab83a000 	C:\WINDOWS\SYSTEM32\WINMMBASE.dll
0x00007ff9ae1b0000 - 0x00007ff9ae1f9000 	C:\WINDOWS\System32\cfgmgr32.dll
0x000000005b950000 - 0x000000005b95f000 	C:\Program Files\Java\jre1.8.0_181\bin\verify.dll
0x000000005b920000 - 0x000000005b949000 	C:\Program Files\Java\jre1.8.0_181\bin\java.dll
0x000000005b900000 - 0x000000005b916000 	C:\Program Files\Java\jre1.8.0_181\bin\zip.dll
0x00007ff9af490000 - 0x00007ff9b08d0000 	C:\WINDOWS\System32\SHELL32.dll
0x00007ff9b0e20000 - 0x00007ff9b0ec9000 	C:\WINDOWS\System32\shcore.dll
0x00007ff9ad8b0000 - 0x00007ff9adfbd000 	C:\WINDOWS\System32\windows.storage.dll
0x00007ff9af380000 - 0x00007ff9af3d1000 	C:\WINDOWS\System32\shlwapi.dll
0x00007ff9ad7f0000 - 0x00007ff9ad801000 	C:\WINDOWS\System32\kernel.appcore.dll
0x00007ff9ad7c0000 - 0x00007ff9ad7df000 	C:\WINDOWS\System32\profapi.dll
0x00007ff9ad770000 - 0x00007ff9ad7bc000 	C:\WINDOWS\System32\powrprof.dll
0x00007ff9ad7e0000 - 0x00007ff9ad7ea000 	C:\WINDOWS\System32\FLTLIB.DLL
0x000000005b8e0000 - 0x000000005b8fa000 	C:\Program Files\Java\jre1.8.0_181\bin\net.dll
0x00007ff9acf90000 - 0x00007ff9acff6000 	C:\WINDOWS\system32\mswsock.dll
0x00007ff9acd20000 - 0x00007ff9acdde000 	C:\WINDOWS\SYSTEM32\DNSAPI.dll
0x00007ff9af480000 - 0x00007ff9af488000 	C:\WINDOWS\System32\NSI.dll
0x00007ff9acce0000 - 0x00007ff9acd18000 	C:\WINDOWS\SYSTEM32\IPHLPAPI.DLL
0x00007ff9984e0000 - 0x00007ff9984ea000 	C:\Windows\System32\rasadhlp.dll
0x00007ff9988a0000 - 0x00007ff998912000 	C:\WINDOWS\System32\fwpuclnt.dll
0x00007ff9ad270000 - 0x00007ff9ad295000 	C:\WINDOWS\SYSTEM32\bcrypt.dll
0x000000005ae80000 - 0x000000005ae8d000 	C:\Program Files\Java\jre1.8.0_181\bin\management.dll
0x000000005b8c0000 - 0x000000005b8d1000 	C:\Program Files\Java\jre1.8.0_181\bin\nio.dll
0x00007ff9ad150000 - 0x00007ff9ad167000 	C:\WINDOWS\SYSTEM32\CRYPTSP.dll
0x00007ff9acb40000 - 0x00007ff9acb73000 	C:\WINDOWS\system32\rsaenh.dll
0x00007ff9ad670000 - 0x00007ff9ad698000 	C:\WINDOWS\SYSTEM32\USERENV.dll
0x00007ff9ad140000 - 0x00007ff9ad14b000 	C:\WINDOWS\SYSTEM32\CRYPTBASE.dll
0x00007ff9a1b20000 - 0x00007ff9a1b36000 	C:\WINDOWS\SYSTEM32\dhcpcsvc6.DLL
0x00007ff9a2000000 - 0x00007ff9a201a000 	C:\WINDOWS\SYSTEM32\dhcpcsvc.DLL
0x00007ff999d90000 - 0x00007ff999da6000 	C:\WINDOWS\system32\napinsp.dll
0x00007ff999d70000 - 0x00007ff999d8a000 	C:\WINDOWS\system32\pnrpnsp.dll
0x00007ff9a9760000 - 0x00007ff9a9779000 	C:\WINDOWS\system32\NLAapi.dll
0x00007ff9a4440000 - 0x00007ff9a444e000 	C:\WINDOWS\System32\winrnr.dll
0x00007ff9a2ad0000 - 0x00007ff9a2ae5000 	C:\WINDOWS\System32\wshbth.dll

VM Arguments:
jvm_args: -Dfile.encoding=UTF-8 
java_command: io.awasi.dsmanager.DsmanagerApplication
java_class_path (initial): G:\updated\dsmanager\target\classes;C:\Users\pc\.m2\repository\org\springframework\boot\spring-boot-starter-data-jpa\2.1.7.RELEASE\spring-boot-starter-data-jpa-2.1.7.RELEASE.jar;C:\Users\pc\.m2\repository\org\springframework\boot\spring-boot-starter-aop\2.1.7.RELEASE\spring-boot-starter-aop-2.1.7.RELEASE.jar;C:\Users\pc\.m2\repository\org\springframework\spring-aop\5.1.9.RELEASE\spring-aop-5.1.9.RELEASE.jar;C:\Users\pc\.m2\repository\org\aspectj\aspectjweaver\1.9.4\aspectjweaver-1.9.4.jar;C:\Users\pc\.m2\repository\org\springframework\boot\spring-boot-starter-jdbc\2.1.7.RELEASE\spring-boot-starter-jdbc-2.1.7.RELEASE.jar;C:\Users\pc\.m2\repository\com\zaxxer\HikariCP\3.2.0\HikariCP-3.2.0.jar;C:\Users\pc\.m2\repository\org\springframework\spring-jdbc\5.1.9.RELEASE\spring-jdbc-5.1.9.RELEASE.jar;C:\Users\pc\.m2\repository\javax\transaction\javax.transaction-api\1.3\javax.transaction-api-1.3.jar;C:\Users\pc\.m2\repository\javax\xml\bind\jaxb-api\2.3.1\jaxb-api-2.3.1.jar;C:\Users\pc\.m2\repository\javax\activation\javax.activation-api\1.2.0\javax.activation-api-1.2.0.jar;C:\Users\pc\.m2\repository\org\hibernate\hibernate-core\5.3.10.Final\hibernate-core-5.3.10.Final.jar;C:\Users\pc\.m2\repository\org\jboss\logging\jboss-logging\3.3.2.Final\jboss-logging-3.3.2.Final.jar;C:\Users\pc\.m2\repository\javax\persistence\javax.persistence-api\2.2\javax.persistence-api-2.2.jar;C:\Users\pc\.m2\repository\org\javassist\javassist\3.23.2-GA\javassist-3.23.2-GA.jar;C:\Users\pc\.m2\repository\net\bytebuddy\byte-buddy\1.9.16\byte-buddy-1.9.16.jar;C:\Users\pc\.m2\repository\antlr\antlr\2.7.7\antlr-2.7.7.jar;C:\Users\pc\.m2\repository\org\jboss\jandex\2.0.5.Final\jandex-2.0.5.Final.jar;C:\Users\pc\.m2\repository\com\fasterxml\classmate\1.4.0\classmate-1.4.0.jar;C:\Users\pc\.m2\repository\org\dom4j\dom4j\2.1.1\dom4j-2.1.1.jar;C:\Users\pc\.m2\repository\org\hibernate\common\hibernate-commons-annotations\5.0.4.Final\hibernate-commons-annotations-5.0.4.Final.jar;C:
Launcher Type: SUN_STANDARD

Environment Variables:
PATH=C:/Program Files/Java/jre1.8.0_181/bin/server;C:/Program Files/Java/jre1.8.0_181/bin;C:/Program Files/Java/jre1.8.0_181/lib/amd64;E:\oracleinstalled\bin;C:\Program Files (x86)\Common Files\Oracle\Java\javapath;C:\Program Files\Java\jdk8\bin;C:\Program Files\Java\jre8\bin;C:\WINDOWS\system32;C:\WINDOWS;C:\WINDOWS\System32\Wbem;C:\WINDOWS\System32\WindowsPowerShell\v1.0\;C:\WINDOWS\System32\OpenSSH\;C:\sqlite3;C:\Python30;C:\Program Files\nodejs\;C:\Ruby24-x64\bin;C:\Users\pc\AppData\Local\Microsoft\WindowsApps;C:\Program Files\JetBrains\PyCharm Community Edition 2018.3.1\bin;;"C:\Program Files\Java\jdk1.8.0_181\bin;C:\Program Files\Java\jdk1.8.0_181\bin";C:\Users\pc\AppData\Roaming\npm;C:\Users\pc\AppData\Local\Programs\Microsoft VS Code\bin;G:\updated\sts-4.3.1.RELEASE;
USERNAME=Godsees
OS=Windows_NT
PROCESSOR_IDENTIFIER=Intel64 Family 6 Model 122 Stepping 1, GenuineIntel



---------------  S Y S T E M  ---------------

OS: Windows 10.0 , 64 bit Build 17134 (10.0.17134.753)

CPU:total 2 (initial active 2) (2 cores per cpu, 1 threads per core) family 6 model 122 stepping 1, cmov, cx8, fxsr, mmx, sse, sse2, sse3, ssse3, sse4.1, sse4.2, popcnt, aes, clmul, erms, 3dnowpref, tsc, tscinvbit

Memory: 4k page, physical 4021836k(751528k free), swap 6902448k(32320k free)

vm_info: Java HotSpot(TM) 64-Bit Server VM (25.181-b13) for windows-amd64 JRE (1.8.0_181-b13), built on Jul  7 2018 04:01:33 by "java_re" with MS VC++ 10.0 (VS2010)

time: Mon Sep 16 11:51:41 2019
elapsed time: 27 seconds (0d 0h 0m 27s)

